Level,Date,Source,ID,Task
Error,4/13/2022 5:30:50 AM,Schannel,36871,None,A fatal error occurred while creating a TLS client credential. The internal error state is 10013.
Information,4/13/2022 5:29:33 AM,NETwNb64,7001,None,"The description for Event ID 7001 from source NETwNb64 cannot be found. Either the component that raises this event is not installed on your local computer or the installation is corrupted. You can install or repair the component on the local computer.

If the event originated on another computer, the display information had to be saved with the event.

The following information was included with the event:

\Device\NDMP149
Intel(R) Dual Band Wireless-AC 7260

The specified resource type cannot be found in the image file
"
Information,4/13/2022 5:29:33 AM,NETwNb64,7001,None,"The description for Event ID 7001 from source NETwNb64 cannot be found. Either the component that raises this event is not installed on your local computer or the installation is corrupted. You can install or repair the component on the local computer.

If the event originated on another computer, the display information had to be saved with the event.

The following information was included with the event:

\Device\NDMP149
Intel(R) Dual Band Wireless-AC 7260

The specified resource type cannot be found in the image file
"
Information,4/13/2022 5:29:33 AM,NETwNb64,7036,None,The \Device\NDMP149 service entered the Intel(R) Dual Band Wireless-AC 7260 state.
Information,4/13/2022 5:29:32 AM,NETwNb64,8000,None,"The description for Event ID 8000 from source NETwNb64 cannot be found. Either the component that raises this event is not installed on your local computer or the installation is corrupted. You can install or repair the component on the local computer.

If the event originated on another computer, the display information had to be saved with the event.

The following information was included with the event:

\Device\NDMP146
Intel(R) Dual Band Wireless-AC 7260

The specified resource type cannot be found in the image file
"
Warning,4/13/2022 5:29:32 AM,Microsoft-Windows-WLAN-AutoConfig,4003,None,"WLAN AutoConfig detected limited connectivity, attempting automatic recovery.

Recovery Type: 4
Error Code: 0x0
Trigger Reason: 7
IP Family: 0
"
Warning,4/13/2022 5:28:24 AM,Microsoft-Windows-DNS-Client,1014,(1014),Name resolution for the name clients4.google.com timed out after none of the configured DNS servers responded.
Information,4/13/2022 5:26:21 AM,Service Control Manager,7040,None,The start type of the Background Intelligent Transfer Service service was changed from auto start to demand start.
Information,4/13/2022 5:26:12 AM,Microsoft-Windows-WindowsUpdateClient,19,Windows Update Agent,Installation Successful: Windows successfully installed the following update: Security Intelligence Update for Microsoft Defender Antivirus - KB2267602 (Version 1.363.311.0)
Information,4/13/2022 5:25:33 AM,Microsoft-Windows-WindowsUpdateClient,43,Windows Update Agent,Installation Started: Windows has started installing the following update: Security Intelligence Update for Microsoft Defender Antivirus - KB2267602 (Version 1.363.311.0)
Information,4/13/2022 5:25:30 AM,Microsoft-Windows-WindowsUpdateClient,44,Windows Update Agent,Windows Update started downloading an update.
Information,4/13/2022 5:23:32 AM,Service Control Manager,7040,None,The start type of the Background Intelligent Transfer Service service was changed from demand start to auto start.
Warning,4/13/2022 5:23:10 AM,Microsoft-Windows-DNS-Client,1014,(1014),Name resolution for the name arc.msn.com timed out after none of the configured DNS servers responded.
Warning,4/13/2022 5:22:29 AM,Microsoft-Windows-DistributedCOM,10016,None,"The application-specific permission settings do not grant Local Activation permission for the COM Server application with CLSID
{2593F8B9-4EAF-457C-B68A-50F6B8EA6B54}
 and APPID
{15C20B67-12E7-4BB6-92BB-7AFF07997402}
 to the user DESKTOP-D57JJ0U\Hp SID (S-1-5-21-59471354-1410144394-4117892861-1002) from address LocalHost (Using LRPC) running in the application container Unavailable SID (Unavailable). This security permission can be modified using the Component Services administrative tool."
Error,4/13/2022 5:21:45 AM,Schannel,36871,None,A fatal error occurred while creating a TLS client credential. The internal error state is 10013.
Error,4/13/2022 5:21:32 AM,Schannel,36871,None,A fatal error occurred while creating a TLS client credential. The internal error state is 10013.
Information,4/13/2022 5:20:51 AM,Microsoft-Windows-Time-Service,37,None,"The time provider NtpClient is currently receiving valid time data from time.windows.com,0x9 (ntp.m|0x9|0.0.0.0:123->40.81.94.65:123)."
Warning,4/13/2022 5:20:50 AM,Microsoft-Windows-DistributedCOM,10016,None,"The application-specific permission settings do not grant Local Activation permission for the COM Server application with CLSID
{6B3B8D23-FA8D-40B9-8DBD-B950333E2C52}
 and APPID
{4839DDB7-58C2-48F5-8283-E1D1807D0D7D}
 to the user NT AUTHORITY\LOCAL SERVICE SID (S-1-5-19) from address LocalHost (Using LRPC) running in the application container Unavailable SID (Unavailable). This security permission can be modified using the Component Services administrative tool."
Warning,4/13/2022 5:20:50 AM,Microsoft-Windows-DistributedCOM,10016,None,"The application-specific permission settings do not grant Local Activation permission for the COM Server application with CLSID
{6B3B8D23-FA8D-40B9-8DBD-B950333E2C52}
 and APPID
{4839DDB7-58C2-48F5-8283-E1D1807D0D7D}
 to the user NT AUTHORITY\LOCAL SERVICE SID (S-1-5-19) from address LocalHost (Using LRPC) running in the application container Unavailable SID (Unavailable). This security permission can be modified using the Component Services administrative tool."
Information,4/13/2022 5:20:48 AM,Microsoft-Windows-Power-Troubleshooter,1,None,"The system has returned from a low power state.

Sleep Time: ‎2022‎-‎04‎-‎12T17:59:03.235692400Z
Wake Time: ‎2022‎-‎04‎-‎13T12:20:46.868386000Z

Wake Source: Unknown"
Information,4/13/2022 5:20:47 AM,Microsoft-Windows-Winlogon,7001,(1101),User Logon Notification for Customer Experience Improvement Program
Warning,4/13/2022 5:20:47 AM,Microsoft-Windows-Time-Service,134,None,"NtpClient was unable to set a manual peer to use as a time source because of DNS resolution error on 'time.windows.com,0x9'. NtpClient will try again in 15 minutes and double the reattempt interval thereafter. The error was: No such host is known. (0x80072AF9)"
Warning,4/13/2022 5:20:46 AM,BTHUSB,34,None,"The local adapter does not support an important Low Energy controller state to support peripheral mode.  The minimum required supported state mask is 0x2491f7fffff, got 0x1fffffff.  Low Energy peripheral role functionality will not be available."
Information,4/13/2022 5:20:46 AM,BTHUSB,18,None,Windows cannot store Bluetooth authentication codes (link keys) on the local adapter. Bluetooth keyboards might not work in the system BIOS during startup.
Information,4/13/2022 5:20:45 AM,Microsoft-Windows-Kernel-Boot,32,(58),The bootmgr spent 0 ms waiting for user input.
Information,4/13/2022 5:20:45 AM,Microsoft-Windows-Kernel-Boot,18,(57),There are 0x1 boot options on this system.
Information,4/13/2022 5:20:45 AM,Microsoft-Windows-Kernel-Boot,27,(33),The boot type was 0x1.
Information,4/13/2022 5:20:45 AM,Microsoft-Windows-Kernel-Boot,25,(32),The boot menu policy was 0x1.
Information,4/13/2022 5:20:45 AM,Microsoft-Windows-Kernel-Boot,30,(21),The firmware reported boot metrics.
Warning,4/13/2022 5:20:45 AM,Microsoft-Windows-Time-Service,134,None,"NtpClient was unable to set a manual peer to use as a time source because of DNS resolution error on 'time.windows.com,0x9'. NtpClient will try again in 15 minutes and double the reattempt interval thereafter. The error was: No such host is known. (0x80072AF9)"
Information,4/13/2022 5:20:44 AM,EventLog,6013,None,The system uptime is 2610381 seconds.
Information,4/13/2022 5:20:43 AM,Microsoft-Windows-Kernel-General,1,(5),"The system time has changed to ‎2022‎-‎04‎-‎13T12:20:43.500000000Z from ‎2022‎-‎04‎-‎12T17:59:09.470410900Z.

Change Reason: System time synchronized with the hardware clock.
Process: '' (PID 4)."
Information,4/12/2022 10:59:09 AM,Microsoft-Windows-Kernel-Power,107,(102),The system has resumed from sleep.
Information,4/12/2022 10:59:05 AM,Microsoft-Windows-Kernel-Power,42,(64),"The system is entering sleep.

Sleep Reason: Application API"
Information,4/12/2022 10:59:03 AM,Microsoft-Windows-Kernel-Power,187,(243),User-mode process attempted to change the system state by calling SetSuspendState or SetSystemPowerState APIs.
Information,4/12/2022 10:59:02 AM,Service Control Manager,7040,None,The start type of the Background Intelligent Transfer Service service was changed from auto start to demand start.
Information,4/12/2022 10:59:02 AM,Microsoft-Windows-Winlogon,7002,(1102),User Logoff Notification for Customer Experience Improvement Program
Information,4/12/2022 10:56:33 AM,Service Control Manager,7040,None,The start type of the Background Intelligent Transfer Service service was changed from demand start to auto start.
Warning,4/12/2022 10:55:33 AM,Microsoft-Windows-DistributedCOM,10016,None,"The application-specific permission settings do not grant Local Activation permission for the COM Server application with CLSID
{2593F8B9-4EAF-457C-B68A-50F6B8EA6B54}
 and APPID
{15C20B67-12E7-4BB6-92BB-7AFF07997402}
 to the user DESKTOP-D57JJ0U\Hp SID (S-1-5-21-59471354-1410144394-4117892861-1002) from address LocalHost (Using LRPC) running in the application container Unavailable SID (Unavailable). This security permission can be modified using the Component Services administrative tool."
Warning,4/12/2022 10:55:19 AM,BTHUSB,34,None,"The local adapter does not support an important Low Energy controller state to support peripheral mode.  The minimum required supported state mask is 0x2491f7fffff, got 0x1fffffff.  Low Energy peripheral role functionality will not be available."
Information,4/12/2022 10:55:19 AM,BTHUSB,18,None,Windows cannot store Bluetooth authentication codes (link keys) on the local adapter. Bluetooth keyboards might not work in the system BIOS during startup.
Information,4/12/2022 10:55:19 AM,Microsoft-Windows-Power-Troubleshooter,1,None,"The system has returned from a low power state.

Sleep Time: ‎2022‎-‎04‎-‎12T17:38:11.594222600Z
Wake Time: ‎2022‎-‎04‎-‎12T17:55:19.009368300Z

Wake Source: Power Button"
Information,4/12/2022 10:55:18 AM,Microsoft-Windows-Kernel-General,1,(5),"The system time has changed to ‎2022‎-‎04‎-‎12T17:55:18.693781100Z from ‎2022‎-‎04‎-‎12T17:55:18.688305300Z.

Change Reason: An application or system component changed the time.
Process: '\Device\HarddiskVolume2\Windows\System32\svchost.exe' (PID 3804)."
Information,4/12/2022 10:55:18 AM,Microsoft-Windows-Kernel-General,24,(11),The time zone information was refreshed with exit reason 0. Current time zone bias is 420.
Information,4/12/2022 10:55:17 AM,Microsoft-Windows-Kernel-Power,130,(33),"Firmware S3 times. SuspendStart: 348678445, SuspendEnd: 348678656"
Information,4/12/2022 10:55:17 AM,Microsoft-Windows-Kernel-Power,131,(33),"Firmware S3 times. ResumeCount: 1, FullResume: 221, AverageResume: 221"
Information,4/12/2022 10:55:17 AM,Microsoft-Windows-Kernel-General,1,(5),"The system time has changed to ‎2022‎-‎04‎-‎12T17:55:17.500000000Z from ‎2022‎-‎04‎-‎12T17:38:16.638934600Z.

Change Reason: System time synchronized with the hardware clock.
Process: '' (PID 4)."
Information,4/12/2022 10:38:16 AM,Microsoft-Windows-Kernel-Power,107,(102),The system has resumed from sleep.
Information,4/12/2022 10:38:15 AM,Microsoft-Windows-Kernel-Power,42,(64),"The system is entering sleep.

Sleep Reason: Button or Lid"
Information,4/12/2022 10:38:13 AM,Microsoft-Windows-Kernel-General,1,(5),"The system time has changed to ‎2022‎-‎04‎-‎12T17:38:13.230152800Z from ‎2022‎-‎04‎-‎12T17:38:13.224686800Z.

Change Reason: An application or system component changed the time.
Process: '\Device\HarddiskVolume2\Windows\System32\svchost.exe' (PID 3804)."
Information,4/12/2022 10:38:13 AM,Microsoft-Windows-Kernel-General,24,(11),The time zone information was refreshed with exit reason 0. Current time zone bias is 420.
Warning,4/12/2022 10:38:11 AM,User32,1073,None,The attempt by user DESKTOP-D57JJ0U\Hp to restart/shutdown computer DESKTOP-D57JJ0U failed
Error,4/12/2022 10:38:02 AM,Microsoft-Windows-DistributedCOM,10010,None,The server microsoft.windowscommunicationsapps_16005.14326.20858.0_x64__8wekyb3d8bbwe!microsoft.windowslive.calendar.AppXwkn9j84yh1kvnt49k5r8h6y1ecsv09hs.mca did not register with DCOM within the required timeout.
Warning,4/12/2022 10:37:22 AM,Microsoft-Windows-DistributedCOM,10016,None,"The machine-default permission settings do not grant Local Activation permission for the COM Server application with CLSID
{C2F03A33-21F5-47FA-B4BB-156362A2F239}
 and APPID
{316CDED5-E4AE-4B15-9113-7055D84DCC97}
 to the user DESKTOP-D57JJ0U\Hp SID (S-1-5-21-59471354-1410144394-4117892861-1002) from address LocalHost (Using LRPC) running in the application container Microsoft.Windows.ShellExperienceHost_10.0.19041.1320_neutral_neutral_cw5n1h2txyewy SID (S-1-15-2-155514346-2573954481-755741238-1654018636-1233331829-3075935687-2861478708). This security permission can be modified using the Component Services administrative tool."
Error,4/12/2022 10:37:22 AM,Microsoft-Windows-DistributedCOM,10010,None,The server {5F7F3F7B-1177-4D4B-B1DB-BC6F671B8F25} did not register with DCOM within the required timeout.
Error,4/12/2022 10:37:22 AM,Microsoft-Windows-DistributedCOM,10010,None,The server {5F7F3F7B-1177-4D4B-B1DB-BC6F671B8F25} did not register with DCOM within the required timeout.
Error,4/12/2022 10:37:07 AM,Microsoft-Windows-DistributedCOM,10010,None,The server {5F7F3F7B-1177-4D4B-B1DB-BC6F671B8F25} did not register with DCOM within the required timeout.
Warning,4/12/2022 10:31:39 AM,Microsoft-Windows-DNS-Client,1014,(1014),Name resolution for the name pypi.python.org timed out after none of the configured DNS servers responded.
Warning,4/12/2022 9:44:04 AM,Microsoft-Windows-Kernel-Processor-Power,37,(7),The speed of processor 0 in group 0 is being limited by system firmware. The processor has been in this reduced performance state for 1175222 seconds since the last report.
Warning,4/12/2022 9:44:04 AM,Microsoft-Windows-Kernel-Processor-Power,37,(7),The speed of processor 1 in group 0 is being limited by system firmware. The processor has been in this reduced performance state for 1175222 seconds since the last report.
Warning,4/12/2022 9:44:04 AM,Microsoft-Windows-Kernel-Processor-Power,37,(7),The speed of processor 3 in group 0 is being limited by system firmware. The processor has been in this reduced performance state for 1175223 seconds since the last report.
Warning,4/12/2022 9:44:04 AM,Microsoft-Windows-Kernel-Processor-Power,37,(7),The speed of processor 2 in group 0 is being limited by system firmware. The processor has been in this reduced performance state for 1175223 seconds since the last report.
Information,4/12/2022 9:37:13 AM,Service Control Manager,7040,None,The start type of the Background Intelligent Transfer Service service was changed from auto start to demand start.
Information,4/12/2022 9:34:38 AM,Service Control Manager,7040,None,The start type of the Background Intelligent Transfer Service service was changed from demand start to auto start.
Warning,4/12/2022 9:33:39 AM,Microsoft-Windows-DistributedCOM,10016,None,"The application-specific permission settings do not grant Local Activation permission for the COM Server application with CLSID
{2593F8B9-4EAF-457C-B68A-50F6B8EA6B54}
 and APPID
{15C20B67-12E7-4BB6-92BB-7AFF07997402}
 to the user DESKTOP-D57JJ0U\Hp SID (S-1-5-21-59471354-1410144394-4117892861-1002) from address LocalHost (Using LRPC) running in the application container Unavailable SID (Unavailable). This security permission can be modified using the Component Services administrative tool."
Information,4/12/2022 9:31:58 AM,Service Control Manager,7040,None,The start type of the Background Intelligent Transfer Service service was changed from auto start to demand start.
Information,4/12/2022 9:31:24 AM,Microsoft-Windows-WindowsUpdateClient,19,Windows Update Agent,Installation Successful: Windows successfully installed the following update: Security Intelligence Update for Microsoft Defender Antivirus - KB2267602 (Version 1.363.225.0)
Information,4/12/2022 9:31:12 AM,Microsoft-Windows-WindowsUpdateClient,43,Windows Update Agent,Installation Started: Windows has started installing the following update: Security Intelligence Update for Microsoft Defender Antivirus - KB2267602 (Version 1.363.225.0)
Information,4/12/2022 9:31:12 AM,Microsoft-Windows-WindowsUpdateClient,44,Windows Update Agent,Windows Update started downloading an update.
Information,4/12/2022 9:28:15 AM,Microsoft-Windows-Kernel-General,16,None,The access history in hive \??\C:\Users\Hp\AppData\Local\Packages\Microsoft.MicrosoftEdge.Stable_8wekyb3d8bbwe\Settings\settings.dat was cleared updating 2 keys and creating 1 modified pages.
Information,4/12/2022 9:27:23 AM,Microsoft-Windows-Kernel-General,16,None,The access history in hive \??\C:\Users\Hp\AppData\Local\Packages\Microsoft.549981C3F5F10_8wekyb3d8bbwe\Settings\settings.dat was cleared updating 4 keys and creating 1 modified pages.
Information,4/12/2022 9:27:04 AM,Service Control Manager,7040,None,The start type of the Background Intelligent Transfer Service service was changed from demand start to auto start.
Warning,4/12/2022 9:27:00 AM,Microsoft-Windows-DistributedCOM,10016,None,"The application-specific permission settings do not grant Local Activation permission for the COM Server application with CLSID
{6B3B8D23-FA8D-40B9-8DBD-B950333E2C52}
 and APPID
{4839DDB7-58C2-48F5-8283-E1D1807D0D7D}
 to the user NT AUTHORITY\LOCAL SERVICE SID (S-1-5-19) from address LocalHost (Using LRPC) running in the application container Unavailable SID (Unavailable). This security permission can be modified using the Component Services administrative tool."
Warning,4/12/2022 9:27:00 AM,Microsoft-Windows-DistributedCOM,10016,None,"The application-specific permission settings do not grant Local Activation permission for the COM Server application with CLSID
{6B3B8D23-FA8D-40B9-8DBD-B950333E2C52}
 and APPID
{4839DDB7-58C2-48F5-8283-E1D1807D0D7D}
 to the user NT AUTHORITY\LOCAL SERVICE SID (S-1-5-19) from address LocalHost (Using LRPC) running in the application container Unavailable SID (Unavailable). This security permission can be modified using the Component Services administrative tool."
Information,4/12/2022 9:26:59 AM,Microsoft-Windows-Time-Service,37,None,"The time provider NtpClient is currently receiving valid time data from time.windows.com,0x9 (ntp.m|0x9|0.0.0.0:123->40.81.94.65:123)."
Warning,4/12/2022 9:26:58 AM,Microsoft-Windows-Time-Service,134,None,"NtpClient was unable to set a manual peer to use as a time source because of DNS resolution error on 'time.windows.com,0x9'. NtpClient will try again in 15 minutes and double the reattempt interval thereafter. The error was: No such host is known. (0x80072AF9)"
Information,4/12/2022 9:26:57 AM,Microsoft-Windows-Winlogon,7001,(1101),User Logon Notification for Customer Experience Improvement Program
Information,4/12/2022 9:26:57 AM,Microsoft-Windows-Power-Troubleshooter,1,None,"The system has returned from a low power state.

Sleep Time: ‎2022‎-‎04‎-‎10T17:58:12.676818300Z
Wake Time: ‎2022‎-‎04‎-‎12T16:26:56.831966500Z

Wake Source: Unknown"
Warning,4/12/2022 9:26:56 AM,Microsoft-Windows-Time-Service,134,None,"NtpClient was unable to set a manual peer to use as a time source because of DNS resolution error on 'time.windows.com,0x9'. NtpClient will try again in 15 minutes and double the reattempt interval thereafter. The error was: No such host is known. (0x80072AF9)"
Warning,4/12/2022 9:26:56 AM,BTHUSB,34,None,"The local adapter does not support an important Low Energy controller state to support peripheral mode.  The minimum required supported state mask is 0x2491f7fffff, got 0x1fffffff.  Low Energy peripheral role functionality will not be available."
Information,4/12/2022 9:26:55 AM,BTHUSB,18,None,Windows cannot store Bluetooth authentication codes (link keys) on the local adapter. Bluetooth keyboards might not work in the system BIOS during startup.
Information,4/12/2022 9:26:55 AM,Microsoft-Windows-Kernel-Boot,32,(58),The bootmgr spent 0 ms waiting for user input.
Information,4/12/2022 9:26:55 AM,Microsoft-Windows-Kernel-Boot,18,(57),There are 0x1 boot options on this system.
Information,4/12/2022 9:26:55 AM,Microsoft-Windows-Kernel-Boot,27,(33),The boot type was 0x1.
Information,4/12/2022 9:26:55 AM,Microsoft-Windows-Kernel-Boot,25,(32),The boot menu policy was 0x1.
Information,4/12/2022 9:26:55 AM,Microsoft-Windows-Kernel-Boot,30,(21),The firmware reported boot metrics.
Warning,4/12/2022 9:26:55 AM,Microsoft-Windows-Time-Service,134,None,"NtpClient was unable to set a manual peer to use as a time source because of DNS resolution error on 'time.windows.com,0x9'. NtpClient will try again in 15 minutes and double the reattempt interval thereafter. The error was: No such host is known. (0x80072AF9)"
Information,4/12/2022 9:26:53 AM,Microsoft-Windows-Kernel-General,1,(5),"The system time has changed to ‎2022‎-‎04‎-‎12T16:26:53.500000000Z from ‎2022‎-‎04‎-‎10T17:58:18.557570000Z.

Change Reason: System time synchronized with the hardware clock.
Process: '' (PID 4)."
Information,4/12/2022 9:26:54 AM,EventLog,6013,None,The system uptime is 2538751 seconds.
Information,4/10/2022 10:58:18 AM,Microsoft-Windows-Kernel-Power,107,(102),The system has resumed from sleep.
Information,4/10/2022 10:58:15 AM,Microsoft-Windows-Kernel-Power,42,(64),"The system is entering sleep.

Sleep Reason: Application API"
Information,4/10/2022 10:58:12 AM,Microsoft-Windows-Kernel-Power,187,(243),User-mode process attempted to change the system state by calling SetSuspendState or SetSystemPowerState APIs.
Information,4/10/2022 10:58:11 AM,Microsoft-Windows-Winlogon,7002,(1102),User Logoff Notification for Customer Experience Improvement Program
Information,4/10/2022 10:58:11 AM,Microsoft-Windows-Kernel-Power,105,(100),Power source change.
Information,4/10/2022 10:29:21 AM,NETwNb64,7001,None,"The description for Event ID 7001 from source NETwNb64 cannot be found. Either the component that raises this event is not installed on your local computer or the installation is corrupted. You can install or repair the component on the local computer.

If the event originated on another computer, the display information had to be saved with the event.

The following information was included with the event:

\Device\NDMP146
Intel(R) Dual Band Wireless-AC 7260

The specified resource type cannot be found in the image file
"
Information,4/10/2022 10:29:21 AM,NETwNb64,7001,None,"The description for Event ID 7001 from source NETwNb64 cannot be found. Either the component that raises this event is not installed on your local computer or the installation is corrupted. You can install or repair the component on the local computer.

If the event originated on another computer, the display information had to be saved with the event.

The following information was included with the event:

\Device\NDMP146
Intel(R) Dual Band Wireless-AC 7260

The specified resource type cannot be found in the image file
"
Information,4/10/2022 10:29:21 AM,NETwNb64,7036,None,The \Device\NDMP146 service entered the Intel(R) Dual Band Wireless-AC 7260 state.
Information,4/10/2022 10:29:20 AM,NETwNb64,8000,None,"The description for Event ID 8000 from source NETwNb64 cannot be found. Either the component that raises this event is not installed on your local computer or the installation is corrupted. You can install or repair the component on the local computer.

If the event originated on another computer, the display information had to be saved with the event.

The following information was included with the event:

\Device\NDMP143
Intel(R) Dual Band Wireless-AC 7260

The specified resource type cannot be found in the image file
"
Warning,4/10/2022 10:29:20 AM,Microsoft-Windows-WLAN-AutoConfig,4003,None,"WLAN AutoConfig detected limited connectivity, attempting automatic recovery.

Recovery Type: 4
Error Code: 0x0
Trigger Reason: 7
IP Family: 0
"
Information,4/10/2022 10:10:24 AM,Microsoft-Windows-Kernel-General,16,None,The access history in hive \??\C:\ProgramData\Packages\Microsoft.SkypeApp_kzf8qxf38zg5c\S-1-5-21-59471354-1410144394-4117892861-1002\SystemAppData\Helium\Cache\808ff99b56c0604c_COM15.dat was cleared updating 1 keys and creating 1 modified pages.
Information,4/10/2022 10:10:24 AM,Microsoft-Windows-Kernel-General,16,None,The access history in hive \??\C:\Users\Hp\AppData\Local\Packages\Microsoft.SkypeApp_kzf8qxf38zg5c\SystemAppData\Helium\UserClasses.dat was cleared updating 2 keys and creating 1 modified pages.
Information,4/10/2022 10:10:24 AM,Microsoft-Windows-Kernel-General,16,None,The access history in hive \??\C:\Users\Hp\AppData\Local\Packages\Microsoft.SkypeApp_kzf8qxf38zg5c\SystemAppData\Helium\User.dat was cleared updating 1 keys and creating 1 modified pages.
Information,4/10/2022 10:08:21 AM,Microsoft-Windows-Kernel-General,16,None,The access history in hive \??\C:\Users\Hp\AppData\Local\Packages\Microsoft.Windows.Photos_8wekyb3d8bbwe\Settings\settings.dat was cleared updating 9 keys and creating 2 modified pages.
Information,4/10/2022 9:57:01 AM,Service Control Manager,7040,None,The start type of the Background Intelligent Transfer Service service was changed from auto start to demand start.
Information,4/10/2022 9:52:50 AM,Service Control Manager,7040,None,The start type of the Background Intelligent Transfer Service service was changed from demand start to auto start.
Warning,4/10/2022 9:51:39 AM,Microsoft-Windows-DistributedCOM,10016,None,"The application-specific permission settings do not grant Local Activation permission for the COM Server application with CLSID
{2593F8B9-4EAF-457C-B68A-50F6B8EA6B54}
 and APPID
{15C20B67-12E7-4BB6-92BB-7AFF07997402}
 to the user DESKTOP-D57JJ0U\Hp SID (S-1-5-21-59471354-1410144394-4117892861-1002) from address LocalHost (Using LRPC) running in the application container Unavailable SID (Unavailable). This security permission can be modified using the Component Services administrative tool."
Information,4/10/2022 9:40:16 AM,Service Control Manager,7040,None,The start type of the Background Intelligent Transfer Service service was changed from auto start to demand start.
Information,4/10/2022 9:40:10 AM,Microsoft-Windows-WindowsUpdateClient,19,Windows Update Agent,Installation Successful: Windows successfully installed the following update: Security Intelligence Update for Microsoft Defender Antivirus - KB2267602 (Version 1.363.150.0)
Information,4/10/2022 9:39:44 AM,Microsoft-Windows-WindowsUpdateClient,43,Windows Update Agent,Installation Started: Windows has started installing the following update: Security Intelligence Update for Microsoft Defender Antivirus - KB2267602 (Version 1.363.150.0)
Information,4/10/2022 9:39:39 AM,Microsoft-Windows-WindowsUpdateClient,44,Windows Update Agent,Windows Update started downloading an update.
Information,4/10/2022 9:38:26 AM,Microsoft-Windows-WindowsUpdateClient,19,Windows Update Agent,Installation Successful: Windows successfully installed the following update: 2022-04 Update for Windows 10 Version 20H2 for x64-based Systems (KB4023057)
Information,4/10/2022 9:38:18 AM,Microsoft-Windows-WindowsUpdateClient,43,Windows Update Agent,Installation Started: Windows has started installing the following update: 2022-04 Update for Windows 10 Version 20H2 for x64-based Systems (KB4023057)
Information,4/10/2022 9:35:07 AM,Microsoft-Windows-Time-Service,37,None,"The time provider NtpClient is currently receiving valid time data from time.windows.com,0x9 (ntp.m|0x9|0.0.0.0:123->40.81.94.65:123)."
Information,4/10/2022 9:35:07 AM,Service Control Manager,7040,None,The start type of the Background Intelligent Transfer Service service was changed from demand start to auto start.
Warning,4/10/2022 9:35:05 AM,Microsoft-Windows-Time-Service,134,None,"NtpClient was unable to set a manual peer to use as a time source because of DNS resolution error on 'time.windows.com,0x9'. NtpClient will try again in 15 minutes and double the reattempt interval thereafter. The error was: No such host is known. (0x80072AF9)"
Information,4/10/2022 9:35:04 AM,Microsoft-Windows-Power-Troubleshooter,1,None,"The system has returned from a low power state.

Sleep Time: ‎2022‎-‎04‎-‎08T18:10:18.585443400Z
Wake Time: ‎2022‎-‎04‎-‎10T16:35:02.621551300Z

Wake Source: Unknown"
Warning,4/10/2022 9:35:04 AM,Microsoft-Windows-Time-Service,134,None,"NtpClient was unable to set a manual peer to use as a time source because of DNS resolution error on 'time.windows.com,0x9'. NtpClient will try again in 15 minutes and double the reattempt interval thereafter. The error was: No such host is known. (0x80072AF9)"
Warning,4/10/2022 9:35:03 AM,BTHUSB,34,None,"The local adapter does not support an important Low Energy controller state to support peripheral mode.  The minimum required supported state mask is 0x2491f7fffff, got 0x1fffffff.  Low Energy peripheral role functionality will not be available."
Information,4/10/2022 9:35:03 AM,BTHUSB,18,None,Windows cannot store Bluetooth authentication codes (link keys) on the local adapter. Bluetooth keyboards might not work in the system BIOS during startup.
Information,4/10/2022 9:35:03 AM,Microsoft-Windows-Kernel-General,1,(5),"The system time has changed to ‎2022‎-‎04‎-‎10T16:35:03.006198700Z from ‎2022‎-‎04‎-‎10T16:35:03.006076300Z.

Change Reason: An application or system component changed the time.
Process: '\Device\HarddiskVolume2\Windows\System32\svchost.exe' (PID 3804)."
Information,4/10/2022 9:35:03 AM,Microsoft-Windows-Kernel-General,24,(11),The time zone information was refreshed with exit reason 0. Current time zone bias is 420.
Warning,4/10/2022 9:35:02 AM,Microsoft-Windows-Time-Service,134,None,"NtpClient was unable to set a manual peer to use as a time source because of DNS resolution error on 'time.windows.com,0x9'. NtpClient will try again in 15 minutes and double the reattempt interval thereafter. The error was: No such host is known. (0x80072AF9)"
Information,4/10/2022 9:35:02 AM,Microsoft-Windows-Kernel-Boot,32,(58),The bootmgr spent 0 ms waiting for user input.
Information,4/10/2022 9:35:02 AM,Microsoft-Windows-Kernel-Boot,18,(57),There are 0x1 boot options on this system.
Information,4/10/2022 9:35:02 AM,Microsoft-Windows-Kernel-Boot,27,(33),The boot type was 0x2.
Information,4/10/2022 9:35:02 AM,Microsoft-Windows-Kernel-Boot,25,(32),The boot menu policy was 0x1A63F8.
Information,4/10/2022 9:35:02 AM,Microsoft-Windows-Kernel-Boot,30,(21),The firmware reported boot metrics.
Information,4/10/2022 9:35:02 AM,Microsoft-Windows-Kernel-Power,105,(100),Power source change.
Information,4/10/2022 9:35:02 AM,EventLog,6013,None,The system uptime is 2366438 seconds.
Information,4/10/2022 9:35:00 AM,Microsoft-Windows-Kernel-General,1,(5),"The system time has changed to ‎2022‎-‎04‎-‎10T16:35:00.500000000Z from ‎2022‎-‎04‎-‎08T18:10:32.857425600Z.

Change Reason: System time synchronized with the hardware clock.
Process: '' (PID 4)."
Information,4/8/2022 11:10:32 AM,Microsoft-Windows-Kernel-Power,107,(102),The system has resumed from sleep.
Information,4/8/2022 11:10:27 AM,Microsoft-Windows-Kernel-Power,42,(64),"The system is entering sleep.

Sleep Reason: Battery"
Information,4/8/2022 11:10:26 AM,Microsoft-Windows-Kernel-General,1,(5),"The system time has changed to ‎2022‎-‎04‎-‎08T18:10:26.379687200Z from ‎2022‎-‎04‎-‎08T18:10:26.378992600Z.

Change Reason: An application or system component changed the time.
Process: '\Device\HarddiskVolume2\Windows\System32\svchost.exe' (PID 3804)."
Information,4/8/2022 11:10:26 AM,Microsoft-Windows-Kernel-General,24,(11),The time zone information was refreshed with exit reason 0. Current time zone bias is 420.
Information,4/8/2022 11:10:18 AM,Microsoft-Windows-Kernel-Power,524,(223),Critical Battery Trigger Met
Information,4/8/2022 10:51:56 AM,Microsoft-Windows-Time-Service,37,None,"The time provider NtpClient is currently receiving valid time data from time.windows.com,0x9 (ntp.m|0x9|0.0.0.0:123->40.81.94.65:123)."
Information,4/8/2022 10:40:21 AM,Microsoft-Windows-Kernel-General,16,None,The access history in hive \??\C:\ProgramData\Packages\Microsoft.YourPhone_8wekyb3d8bbwe\S-1-5-21-59471354-1410144394-4117892861-1002\SystemAppData\Helium\Cache\83ce17092463840c_COM15.dat was cleared updating 1 keys and creating 1 modified pages.
Information,4/8/2022 10:40:21 AM,Microsoft-Windows-Kernel-General,16,None,The access history in hive \??\C:\Users\Hp\AppData\Local\Packages\Microsoft.YourPhone_8wekyb3d8bbwe\SystemAppData\Helium\UserClasses.dat was cleared updating 1 keys and creating 1 modified pages.
Information,4/8/2022 10:40:21 AM,Microsoft-Windows-Kernel-General,16,None,The access history in hive \??\C:\Users\Hp\AppData\Local\Packages\Microsoft.YourPhone_8wekyb3d8bbwe\SystemAppData\Helium\User.dat was cleared updating 1 keys and creating 1 modified pages.
Information,4/8/2022 9:48:00 AM,Service Control Manager,7040,None,The start type of the Background Intelligent Transfer Service service was changed from auto start to demand start.
Information,4/8/2022 9:45:16 AM,Service Control Manager,7040,None,The start type of the Background Intelligent Transfer Service service was changed from demand start to auto start.
Information,4/8/2022 9:27:55 AM,Service Control Manager,7040,None,The start type of the Background Intelligent Transfer Service service was changed from auto start to demand start.
Information,4/8/2022 9:25:48 AM,Service Control Manager,7040,None,The start type of the Background Intelligent Transfer Service service was changed from demand start to auto start.
Warning,4/8/2022 9:25:45 AM,Microsoft-Windows-DistributedCOM,10016,None,"The application-specific permission settings do not grant Local Activation permission for the COM Server application with CLSID
{6B3B8D23-FA8D-40B9-8DBD-B950333E2C52}
 and APPID
{4839DDB7-58C2-48F5-8283-E1D1807D0D7D}
 to the user NT AUTHORITY\LOCAL SERVICE SID (S-1-5-19) from address LocalHost (Using LRPC) running in the application container Unavailable SID (Unavailable). This security permission can be modified using the Component Services administrative tool."
Warning,4/8/2022 9:25:45 AM,Microsoft-Windows-DistributedCOM,10016,None,"The application-specific permission settings do not grant Local Activation permission for the COM Server application with CLSID
{6B3B8D23-FA8D-40B9-8DBD-B950333E2C52}
 and APPID
{4839DDB7-58C2-48F5-8283-E1D1807D0D7D}
 to the user NT AUTHORITY\LOCAL SERVICE SID (S-1-5-19) from address LocalHost (Using LRPC) running in the application container Unavailable SID (Unavailable). This security permission can be modified using the Component Services administrative tool."
Information,4/8/2022 9:25:43 AM,Microsoft-Windows-Power-Troubleshooter,1,None,"The system has returned from a low power state.

Sleep Time: ‎2022‎-‎04‎-‎08T12:06:34.060346700Z
Wake Time: ‎2022‎-‎04‎-‎08T16:25:41.954486000Z

Wake Source: Unknown"
Information,4/8/2022 9:25:42 AM,Microsoft-Windows-Winlogon,7001,(1101),User Logon Notification for Customer Experience Improvement Program
Warning,4/8/2022 9:25:41 AM,BTHUSB,34,None,"The local adapter does not support an important Low Energy controller state to support peripheral mode.  The minimum required supported state mask is 0x2491f7fffff, got 0x1fffffff.  Low Energy peripheral role functionality will not be available."
Information,4/8/2022 9:25:41 AM,BTHUSB,18,None,Windows cannot store Bluetooth authentication codes (link keys) on the local adapter. Bluetooth keyboards might not work in the system BIOS during startup.
Information,4/8/2022 9:25:40 AM,Microsoft-Windows-Kernel-General,1,(5),"The system time has changed to ‎2022‎-‎04‎-‎08T16:25:40.683214800Z from ‎2022‎-‎04‎-‎08T16:25:40.671065200Z.

Change Reason: An application or system component changed the time.
Process: '\Device\HarddiskVolume2\Windows\System32\svchost.exe' (PID 3804)."
Information,4/8/2022 9:25:40 AM,Microsoft-Windows-Kernel-General,24,(11),The time zone information was refreshed with exit reason 0. Current time zone bias is 420.
Information,4/8/2022 9:25:40 AM,Microsoft-Windows-Kernel-Boot,32,(58),The bootmgr spent 0 ms waiting for user input.
Information,4/8/2022 9:25:40 AM,Microsoft-Windows-Kernel-Boot,18,(57),There are 0x1 boot options on this system.
Information,4/8/2022 9:25:40 AM,Microsoft-Windows-Kernel-Boot,27,(33),The boot type was 0x1.
Information,4/8/2022 9:25:40 AM,Microsoft-Windows-Kernel-Boot,25,(32),The boot menu policy was 0x1.
Information,4/8/2022 9:25:40 AM,Microsoft-Windows-Kernel-Boot,30,(21),The firmware reported boot metrics.
Information,4/8/2022 9:25:38 AM,Microsoft-Windows-Kernel-General,1,(5),"The system time has changed to ‎2022‎-‎04‎-‎08T16:25:38.500000000Z from ‎2022‎-‎04‎-‎08T12:06:39.772280800Z.

Change Reason: System time synchronized with the hardware clock.
Process: '' (PID 4)."
Information,4/8/2022 5:06:39 AM,Microsoft-Windows-Kernel-Power,107,(102),The system has resumed from sleep.
Information,4/8/2022 5:06:37 AM,Microsoft-Windows-Kernel-Power,42,(64),"The system is entering sleep.

Sleep Reason: Application API"
Information,4/8/2022 5:06:34 AM,Microsoft-Windows-Kernel-General,1,(5),"The system time has changed to ‎2022‎-‎04‎-‎08T12:06:34.263474500Z from ‎2022‎-‎04‎-‎08T12:06:34.253926000Z.

Change Reason: An application or system component changed the time.
Process: '\Device\HarddiskVolume2\Windows\System32\svchost.exe' (PID 3804)."
Information,4/8/2022 5:06:34 AM,Microsoft-Windows-Kernel-General,24,(11),The time zone information was refreshed with exit reason 0. Current time zone bias is 420.
Information,4/8/2022 5:06:34 AM,Microsoft-Windows-Kernel-Power,187,(243),User-mode process attempted to change the system state by calling SetSuspendState or SetSystemPowerState APIs.
Information,4/8/2022 5:06:33 AM,Microsoft-Windows-Winlogon,7002,(1102),User Logoff Notification for Customer Experience Improvement Program
Warning,4/8/2022 4:14:15 AM,Microsoft-Windows-DNS-Client,1014,(1014),Name resolution for the name client.wns.windows.com timed out after none of the configured DNS servers responded.
Warning,4/8/2022 4:08:39 AM,Microsoft-Windows-DNS-Client,1014,(1014),Name resolution for the name kv801.prod.do.dsp.mp.microsoft.com timed out after none of the configured DNS servers responded.
Warning,4/8/2022 4:08:21 AM,Microsoft-Windows-DNS-Client,1014,(1014),Name resolution for the name www.google.com timed out after none of the configured DNS servers responded.
Warning,4/8/2022 4:07:20 AM,Microsoft-Windows-DNS-Client,1014,(1014),Name resolution for the name spclient.wg.spotify.com timed out after none of the configured DNS servers responded.
Information,4/8/2022 4:05:07 AM,Microsoft-Windows-Kernel-Power,105,(100),Power source change.
Warning,4/8/2022 3:52:21 AM,Microsoft-Windows-DNS-Client,1014,(1014),Name resolution for the name ctldl.windowsupdate.com timed out after none of the configured DNS servers responded.
Information,4/8/2022 3:44:17 AM,NETwNb64,7001,None,"The description for Event ID 7001 from source NETwNb64 cannot be found. Either the component that raises this event is not installed on your local computer or the installation is corrupted. You can install or repair the component on the local computer.

If the event originated on another computer, the display information had to be saved with the event.

The following information was included with the event:

\Device\NDMP143
Intel(R) Dual Band Wireless-AC 7260

The specified resource type cannot be found in the image file
"
Information,4/8/2022 3:44:17 AM,NETwNb64,7001,None,"The description for Event ID 7001 from source NETwNb64 cannot be found. Either the component that raises this event is not installed on your local computer or the installation is corrupted. You can install or repair the component on the local computer.

If the event originated on another computer, the display information had to be saved with the event.

The following information was included with the event:

\Device\NDMP143
Intel(R) Dual Band Wireless-AC 7260

The specified resource type cannot be found in the image file
"
Information,4/8/2022 3:44:17 AM,NETwNb64,7036,None,The \Device\NDMP143 service entered the Intel(R) Dual Band Wireless-AC 7260 state.
Information,4/8/2022 3:44:16 AM,NETwNb64,8000,None,"The description for Event ID 8000 from source NETwNb64 cannot be found. Either the component that raises this event is not installed on your local computer or the installation is corrupted. You can install or repair the component on the local computer.

If the event originated on another computer, the display information had to be saved with the event.

The following information was included with the event:

\Device\NDMP140
Intel(R) Dual Band Wireless-AC 7260

The specified resource type cannot be found in the image file
"
Warning,4/8/2022 3:44:10 AM,Microsoft-Windows-WLAN-AutoConfig,4003,None,"WLAN AutoConfig detected limited connectivity, attempting automatic recovery.

Recovery Type: 4
Error Code: 0x0
Trigger Reason: 7
IP Family: 0
"
Warning,4/8/2022 3:44:02 AM,Microsoft-Windows-DNS-Client,1014,(1014),Name resolution for the name play.google.com timed out after none of the configured DNS servers responded.
Information,4/8/2022 3:30:44 AM,Service Control Manager,7040,None,The start type of the Background Intelligent Transfer Service service was changed from auto start to demand start.
Information,4/8/2022 3:28:32 AM,Service Control Manager,7040,None,The start type of the Background Intelligent Transfer Service service was changed from demand start to auto start.
Information,4/8/2022 3:21:22 AM,Service Control Manager,7040,None,The start type of the Background Intelligent Transfer Service service was changed from auto start to demand start.
Information,4/8/2022 3:20:15 AM,Microsoft-Windows-WindowsUpdateClient,19,Windows Update Agent,Installation Successful: Windows successfully installed the following update: 9NFFX4SZZ23L-Microsoft.549981C3F5F10
Information,4/8/2022 3:20:14 AM,Microsoft-Windows-WindowsUpdateClient,43,Windows Update Agent,Installation Started: Windows has started installing the following update: 9NFFX4SZZ23L-Microsoft.549981C3F5F10
Information,4/8/2022 3:20:14 AM,Microsoft-Windows-WindowsUpdateClient,19,Windows Update Agent,Installation Successful: Windows successfully installed the following update: 9WZDNCRDTBJJ-MICROSOFT.GETSTARTED
Information,4/8/2022 3:20:12 AM,Microsoft-Windows-WindowsUpdateClient,43,Windows Update Agent,Installation Started: Windows has started installing the following update: 9WZDNCRDTBJJ-MICROSOFT.GETSTARTED
Information,4/8/2022 3:20:10 AM,Microsoft-Windows-Kernel-General,16,None,The access history in hive \??\C:\ProgramData\Microsoft\Windows\AppRepository\Packages\Microsoft.549981C3F5F10_4.2203.4603.0_x64__8wekyb3d8bbwe\ActivationStore.dat was cleared updating 0 keys and creating 0 modified pages.
Information,4/8/2022 3:20:09 AM,Microsoft-Windows-Kernel-General,16,None,The access history in hive \??\C:\ProgramData\Microsoft\Windows\AppRepository\Packages\Microsoft.Getstarted_10.2203.10.0_x64__8wekyb3d8bbwe\ActivationStore.dat was cleared updating 0 keys and creating 0 modified pages.
Information,4/8/2022 3:20:03 AM,Microsoft-Windows-Kernel-General,16,None,The access history in hive \??\C:\Users\Hp\AppData\Local\Packages\windows.printdialog_cw5n1h2txyewy\Settings\settings.dat was cleared updating 2 keys and creating 1 modified pages.
Information,4/8/2022 3:20:03 AM,Microsoft-Windows-Kernel-General,16,None,The access history in hive \??\C:\Users\Hp\AppData\Local\Packages\windows.immersivecontrolpanel_cw5n1h2txyewy\Settings\settings.dat was cleared updating 2 keys and creating 1 modified pages.
Information,4/8/2022 3:20:03 AM,Microsoft-Windows-Kernel-General,16,None,The access history in hive \??\C:\Users\Hp\AppData\Local\Packages\windows.cbspreview_cw5n1h2txyewy\Settings\settings.dat was cleared updating 2 keys and creating 1 modified pages.
Information,4/8/2022 3:20:03 AM,Microsoft-Windows-Kernel-General,16,None,The access history in hive \??\C:\Users\Hp\AppData\Local\Packages\spotifyab.spotifymusic_zpdnekdrzrea0\Settings\settings.dat was cleared updating 2 keys and creating 1 modified pages.
Information,4/8/2022 3:20:02 AM,Microsoft-Windows-Kernel-General,16,None,The access history in hive \??\C:\Users\Hp\AppData\Local\Packages\ncsiuwpapp_8wekyb3d8bbwe\Settings\settings.dat was cleared updating 2 keys and creating 1 modified pages.
Information,4/8/2022 3:20:02 AM,Microsoft-Windows-Kernel-General,16,None,The access history in hive \??\C:\Users\Hp\AppData\Local\Packages\microsoftwindows.undockeddevkit_cw5n1h2txyewy\Settings\settings.dat was cleared updating 2 keys and creating 1 modified pages.
Information,4/8/2022 3:20:02 AM,Microsoft-Windows-Kernel-General,16,None,The access history in hive \??\C:\Users\Hp\AppData\Local\Packages\microsoft.zunemusic_8wekyb3d8bbwe\Settings\settings.dat was cleared updating 6 keys and creating 1 modified pages.
Information,4/8/2022 3:20:02 AM,Microsoft-Windows-Kernel-General,16,None,The access history in hive \??\C:\Users\Hp\AppData\Local\Packages\microsoft.xboxspeechtotextoverlay_8wekyb3d8bbwe\Settings\settings.dat was cleared updating 2 keys and creating 1 modified pages.
Information,4/8/2022 3:20:02 AM,Microsoft-Windows-Kernel-General,16,None,The access history in hive \??\C:\Users\Hp\AppData\Local\Packages\microsoft.xboxgameoverlay_8wekyb3d8bbwe\Settings\settings.dat was cleared updating 2 keys and creating 1 modified pages.
Information,4/8/2022 3:20:02 AM,Microsoft-Windows-Kernel-General,16,None,The access history in hive \??\C:\Users\Hp\AppData\Local\Packages\microsoft.xboxgamecallableui_cw5n1h2txyewy\Settings\settings.dat was cleared updating 2 keys and creating 1 modified pages.
Information,4/8/2022 3:20:02 AM,Microsoft-Windows-Kernel-General,16,None,The access history in hive \??\C:\Users\Hp\AppData\Local\Packages\microsoft.xboxapp_8wekyb3d8bbwe\Settings\settings.dat was cleared updating 2 keys and creating 1 modified pages.
Information,4/8/2022 3:20:02 AM,Microsoft-Windows-Kernel-General,16,None,The access history in hive \??\C:\Users\Hp\AppData\Local\Packages\microsoft.xbox.tcui_8wekyb3d8bbwe\Settings\settings.dat was cleared updating 2 keys and creating 1 modified pages.
Information,4/8/2022 3:20:02 AM,Microsoft-Windows-Kernel-General,16,None,The access history in hive \??\C:\Users\Hp\AppData\Local\Packages\microsoft.windowssoundrecorder_8wekyb3d8bbwe\Settings\settings.dat was cleared updating 2 keys and creating 1 modified pages.
Information,4/8/2022 3:20:01 AM,Microsoft-Windows-Kernel-General,16,None,The access history in hive \??\C:\Users\Hp\AppData\Local\Packages\microsoft.windowsmaps_8wekyb3d8bbwe\Settings\settings.dat was cleared updating 2 keys and creating 1 modified pages.
Information,4/8/2022 3:20:01 AM,Microsoft-Windows-Kernel-General,16,None,The access history in hive \??\C:\Users\Hp\AppData\Local\Packages\microsoft.windowsfeedbackhub_8wekyb3d8bbwe\Settings\settings.dat was cleared updating 3 keys and creating 1 modified pages.
Information,4/8/2022 3:20:01 AM,Microsoft-Windows-Kernel-General,16,None,The access history in hive \??\C:\Users\Hp\AppData\Local\Packages\microsoft.windowscamera_8wekyb3d8bbwe\Settings\settings.dat was cleared updating 2 keys and creating 1 modified pages.
Information,4/8/2022 3:20:01 AM,Microsoft-Windows-Kernel-General,16,None,The access history in hive \??\C:\Users\Hp\AppData\Local\Packages\microsoft.windowscalculator_8wekyb3d8bbwe\Settings\settings.dat was cleared updating 2 keys and creating 1 modified pages.
Information,4/8/2022 3:20:01 AM,Microsoft-Windows-Kernel-General,16,None,The access history in hive \??\C:\Users\Hp\AppData\Local\Packages\microsoft.windowsalarms_8wekyb3d8bbwe\Settings\settings.dat was cleared updating 5 keys and creating 1 modified pages.
Information,4/8/2022 3:20:01 AM,Microsoft-Windows-Kernel-General,16,None,The access history in hive \??\C:\Users\Hp\AppData\Local\Packages\microsoft.windows.xgpuejectdialog_cw5n1h2txyewy\Settings\settings.dat was cleared updating 2 keys and creating 1 modified pages.
Information,4/8/2022 3:20:01 AM,Microsoft-Windows-Kernel-General,16,None,The access history in hive \??\C:\Users\Hp\AppData\Local\Packages\microsoft.windows.shellexperiencehost_cw5n1h2txyewy\Settings\settings.dat was cleared updating 3 keys and creating 1 modified pages.
Information,4/8/2022 3:20:01 AM,Microsoft-Windows-Kernel-General,16,None,The access history in hive \??\C:\Users\Hp\AppData\Local\Packages\microsoft.windows.secureassessmentbrowser_cw5n1h2txyewy\Settings\settings.dat was cleared updating 2 keys and creating 1 modified pages.
Information,4/8/2022 3:20:01 AM,Microsoft-Windows-Kernel-General,16,None,The access history in hive \??\C:\Users\Hp\AppData\Local\Packages\microsoft.windows.sechealthui_cw5n1h2txyewy\Settings\settings.dat was cleared updating 2 keys and creating 1 modified pages.
Information,4/8/2022 3:20:01 AM,Microsoft-Windows-Kernel-General,16,None,The access history in hive \??\C:\Users\Hp\AppData\Local\Packages\microsoft.windows.pinningconfirmationdialog_cw5n1h2txyewy\Settings\settings.dat was cleared updating 2 keys and creating 1 modified pages.
Information,4/8/2022 3:20:01 AM,Microsoft-Windows-Kernel-General,16,None,The access history in hive \??\C:\Users\Hp\AppData\Local\Packages\microsoft.windows.peopleexperiencehost_cw5n1h2txyewy\Settings\settings.dat was cleared updating 2 keys and creating 1 modified pages.
