Information,3/13/2022 11:01:13 PM,Microsoft-Windows-FilterManager,6,None,"File System Filter 'FileCrypt' (10.0, ‎2002‎-‎03‎-‎01T04:12:42.000000000Z) has successfully loaded and registered with Filter Manager."
Information,3/13/2022 11:01:13 PM,Microsoft-Windows-Ntfs,98,None,Volume C: (\Device\HarddiskVolume2) is healthy.  No action is needed.
Information,3/13/2022 11:01:08 PM,Microsoft-Windows-FilterManager,6,None,"File System Filter 'WdFilter' (10.0, ‎2040‎-‎09‎-‎08T08:48:02.000000000Z) has successfully loaded and registered with Filter Manager."
Information,3/13/2022 11:01:08 PM,Microsoft-Windows-FilterManager,6,None,"File System Filter 'Wof' (10.0, ‎2024‎-‎08‎-‎23T07:35:41.000000000Z) has successfully loaded and registered with Filter Manager."
Information,3/13/2022 11:01:08 PM,Microsoft-Windows-FilterManager,6,None,"File System Filter 'FileInfo' (10.0, ‎2062‎-‎12‎-‎22T22:21:06.000000000Z) has successfully loaded and registered with Filter Manager."
Information,3/13/2022 11:01:08 PM,TPM,24,None,The Trusted Platform Module (TPM) status: Enabled and Active.
Information,3/13/2022 11:01:08 PM,Microsoft-Windows-HAL,16,None,The iommu fault reporting has been initialized.
Information,3/13/2022 11:02:32 PM,EventLog,6013,None,The system uptime is 84 seconds.
Information,3/13/2022 11:02:32 PM,EventLog,6005,None,The Event log service was started.
Information,3/13/2022 11:02:32 PM,EventLog,6009,None,Microsoft (R) Windows (R) 10.00. 19042  Multiprocessor Free.
Error,3/13/2022 11:02:32 PM,EventLog,6008,None,The previous system shutdown at 10:57:26 PM on ‎3/‎13/‎2022 was unexpected.
Information,3/13/2022 11:01:07 PM,Microsoft-Windows-Kernel-General,20,(6),"The leap second configuration has been updated.
Reason: Leap second data initialized from registry during boot
Leap seconds enabled: true
New leap second count: 0
Old leap second count: 0"
Information,3/13/2022 11:01:07 PM,Microsoft-Windows-Kernel-Boot,30,(21),The firmware reported boot metrics.
Information,3/13/2022 11:01:07 PM,Microsoft-Windows-Kernel-Boot,32,(58),The bootmgr spent 0 ms waiting for user input.
Information,3/13/2022 11:01:07 PM,Microsoft-Windows-Kernel-Boot,18,(57),There are 0x1 boot options on this system.
Information,3/13/2022 11:01:07 PM,Microsoft-Windows-Kernel-Boot,27,(33),The boot type was 0x0.
Information,3/13/2022 11:01:07 PM,Microsoft-Windows-Kernel-Boot,25,(32),The boot menu policy was 0x1.
Information,3/13/2022 11:01:07 PM,Microsoft-Windows-Kernel-Boot,20,(31),The last shutdown's success status was false. The last boot's success status was true.
Information,3/13/2022 11:01:07 PM,Microsoft-Windows-Kernel-Boot,153,(62),Virtualization-based security (policies: 0) is disabled.
Information,3/13/2022 11:01:07 PM,Microsoft-Windows-Kernel-General,12,(1),The operating system started at system time ‎2022‎-‎03‎-‎14T06:01:07.500000000Z.
Warning,3/13/2022 10:57:46 PM,Microsoft-Windows-DNS-Client,1014,(1014),Name resolution for the name safebrowsing.googleapis.com timed out after none of the configured DNS servers responded.
Information,3/13/2022 10:57:33 PM,Service Control Manager,7040,None,The start type of the Background Intelligent Transfer Service service was changed from demand start to auto start.
Information,3/13/2022 10:54:51 PM,Service Control Manager,7040,None,The start type of the Background Intelligent Transfer Service service was changed from auto start to demand start.
Information,3/13/2022 10:52:35 PM,Service Control Manager,7040,None,The start type of the Background Intelligent Transfer Service service was changed from demand start to auto start.
Information,3/13/2022 10:50:10 PM,Service Control Manager,7040,None,The start type of the Background Intelligent Transfer Service service was changed from auto start to demand start.
Information,3/13/2022 10:47:58 PM,Service Control Manager,7040,None,The start type of the Background Intelligent Transfer Service service was changed from demand start to auto start.
Information,3/13/2022 10:45:45 PM,Service Control Manager,7040,None,The start type of the Background Intelligent Transfer Service service was changed from auto start to demand start.
Information,3/13/2022 10:43:17 PM,Service Control Manager,7040,None,The start type of the Background Intelligent Transfer Service service was changed from demand start to auto start.
Information,3/13/2022 10:41:34 PM,Service Control Manager,7040,None,The start type of the Background Intelligent Transfer Service service was changed from auto start to demand start.
Information,3/13/2022 10:39:22 PM,Service Control Manager,7040,None,The start type of the Background Intelligent Transfer Service service was changed from demand start to auto start.
Information,3/13/2022 10:37:50 PM,Service Control Manager,7040,None,The start type of the Background Intelligent Transfer Service service was changed from auto start to demand start.
Information,3/13/2022 10:35:36 PM,Service Control Manager,7040,None,The start type of the Background Intelligent Transfer Service service was changed from demand start to auto start.
Information,3/13/2022 10:34:22 PM,Service Control Manager,7040,None,The start type of the Background Intelligent Transfer Service service was changed from auto start to demand start.
Information,3/13/2022 10:32:10 PM,Service Control Manager,7040,None,The start type of the Background Intelligent Transfer Service service was changed from demand start to auto start.
Information,3/13/2022 10:31:13 PM,Service Control Manager,7040,None,The start type of the Background Intelligent Transfer Service service was changed from auto start to demand start.
Information,3/13/2022 10:28:57 PM,Service Control Manager,7040,None,The start type of the Background Intelligent Transfer Service service was changed from demand start to auto start.
Information,3/13/2022 10:28:17 PM,Service Control Manager,7040,None,The start type of the Background Intelligent Transfer Service service was changed from auto start to demand start.
Information,3/13/2022 10:26:05 PM,Service Control Manager,7040,None,The start type of the Background Intelligent Transfer Service service was changed from demand start to auto start.
Information,3/13/2022 10:25:38 PM,Service Control Manager,7040,None,The start type of the Background Intelligent Transfer Service service was changed from auto start to demand start.
Warning,3/13/2022 10:22:38 PM,Microsoft-Windows-DistributedCOM,10016,None,"The application-specific permission settings do not grant Local Activation permission for the COM Server application with CLSID
{2593F8B9-4EAF-457C-B68A-50F6B8EA6B54}
 and APPID
{15C20B67-12E7-4BB6-92BB-7AFF07997402}
 to the user DESKTOP-D57JJ0U\Hp SID (S-1-5-21-59471354-1410144394-4117892861-1002) from address LocalHost (Using LRPC) running in the application container Unavailable SID (Unavailable). This security permission can be modified using the Component Services administrative tool."
Information,3/13/2022 10:20:31 PM,Service Control Manager,7040,None,The start type of the Background Intelligent Transfer Service service was changed from demand start to auto start.
Warning,3/13/2022 10:07:36 PM,Microsoft-Windows-DistributedCOM,10016,None,"The application-specific permission settings do not grant Local Activation permission for the COM Server application with CLSID
{6B3B8D23-FA8D-40B9-8DBD-B950333E2C52}
 and APPID
{4839DDB7-58C2-48F5-8283-E1D1807D0D7D}
 to the user NT AUTHORITY\LOCAL SERVICE SID (S-1-5-19) from address LocalHost (Using LRPC) running in the application container Unavailable SID (Unavailable). This security permission can be modified using the Component Services administrative tool."
Warning,3/13/2022 10:07:36 PM,Microsoft-Windows-DistributedCOM,10016,None,"The application-specific permission settings do not grant Local Activation permission for the COM Server application with CLSID
{6B3B8D23-FA8D-40B9-8DBD-B950333E2C52}
 and APPID
{4839DDB7-58C2-48F5-8283-E1D1807D0D7D}
 to the user NT AUTHORITY\LOCAL SERVICE SID (S-1-5-19) from address LocalHost (Using LRPC) running in the application container Unavailable SID (Unavailable). This security permission can be modified using the Component Services administrative tool."
Information,3/13/2022 10:07:32 PM,Microsoft-Windows-Winlogon,7001,(1101),User Logon Notification for Customer Experience Improvement Program
Information,3/13/2022 10:07:32 PM,Microsoft-Windows-Power-Troubleshooter,1,None,"The system has returned from a low power state.

Sleep Time: ‎2022‎-‎03‎-‎14T03:52:41.311603100Z
Wake Time: ‎2022‎-‎03‎-‎14T05:07:31.400106900Z

Wake Source: Unknown"
Warning,3/13/2022 10:07:30 PM,BTHUSB,34,None,"The local adapter does not support an important Low Energy controller state to support peripheral mode.  The minimum required supported state mask is 0x2491f7fffff, got 0x1fffffff.  Low Energy peripheral role functionality will not be available."
Information,3/13/2022 10:07:30 PM,BTHUSB,18,None,Windows cannot store Bluetooth authentication codes (link keys) on the local adapter. Bluetooth keyboards might not work in the system BIOS during startup.
Information,3/13/2022 10:07:30 PM,Microsoft-Windows-Kernel-Boot,32,(58),The bootmgr spent 0 ms waiting for user input.
Information,3/13/2022 10:07:30 PM,Microsoft-Windows-Kernel-Boot,18,(57),There are 0x1 boot options on this system.
Information,3/13/2022 10:07:30 PM,Microsoft-Windows-Kernel-Boot,27,(33),The boot type was 0x1.
Information,3/13/2022 10:07:30 PM,Microsoft-Windows-Kernel-Boot,25,(32),The boot menu policy was 0x1.
Information,3/13/2022 10:07:30 PM,Microsoft-Windows-Kernel-Boot,30,(21),The firmware reported boot metrics.
Information,3/13/2022 10:07:27 PM,Microsoft-Windows-Kernel-General,1,(5),"The system time has changed to ‎2022‎-‎03‎-‎14T05:07:27.500000000Z from ‎2022‎-‎03‎-‎14T03:52:46.875951100Z.

Change Reason: System time synchronized with the hardware clock.
Process: '' (PID 4)."
Information,3/13/2022 8:52:46 PM,Microsoft-Windows-Kernel-Power,107,(102),The system has resumed from sleep.
Information,3/13/2022 8:52:44 PM,Microsoft-Windows-Kernel-Power,105,(100),Power source change.
Information,3/13/2022 8:52:43 PM,Microsoft-Windows-Kernel-Power,42,(64),"The system is entering sleep.

Sleep Reason: Application API"
Information,3/13/2022 8:52:41 PM,Microsoft-Windows-Kernel-Power,187,(243),User-mode process attempted to change the system state by calling SetSuspendState or SetSystemPowerState APIs.
Information,3/13/2022 8:52:41 PM,Microsoft-Windows-Winlogon,7002,(1102),User Logoff Notification for Customer Experience Improvement Program
Warning,3/13/2022 8:52:26 PM,Microsoft-Windows-DistributedCOM,10016,None,"The application-specific permission settings do not grant Local Activation permission for the COM Server application with CLSID
{2593F8B9-4EAF-457C-B68A-50F6B8EA6B54}
 and APPID
{15C20B67-12E7-4BB6-92BB-7AFF07997402}
 to the user DESKTOP-D57JJ0U\Hp SID (S-1-5-21-59471354-1410144394-4117892861-1002) from address LocalHost (Using LRPC) running in the application container Unavailable SID (Unavailable). This security permission can be modified using the Component Services administrative tool."
Warning,3/13/2022 8:07:49 PM,Microsoft-Windows-DistributedCOM,10016,None,"The application-specific permission settings do not grant Local Activation permission for the COM Server application with CLSID
{2593F8B9-4EAF-457C-B68A-50F6B8EA6B54}
 and APPID
{15C20B67-12E7-4BB6-92BB-7AFF07997402}
 to the user DESKTOP-D57JJ0U\Hp SID (S-1-5-21-59471354-1410144394-4117892861-1002) from address LocalHost (Using LRPC) running in the application container Unavailable SID (Unavailable). This security permission can be modified using the Component Services administrative tool."
Information,3/13/2022 7:54:03 PM,Microsoft-Windows-Kernel-Power,105,(100),Power source change.
Information,3/13/2022 7:35:40 PM,Microsoft-Windows-Kernel-Power,105,(100),Power source change.
Information,3/13/2022 7:11:50 PM,Microsoft-Windows-Kernel-Power,105,(100),Power source change.
Information,3/13/2022 7:11:45 PM,Microsoft-Windows-Kernel-Power,105,(100),Power source change.
Information,3/13/2022 7:11:43 PM,Microsoft-Windows-Kernel-Power,105,(100),Power source change.
Information,3/13/2022 7:11:26 PM,Microsoft-Windows-Kernel-Power,105,(100),Power source change.
Information,3/13/2022 7:11:23 PM,Microsoft-Windows-Kernel-Power,105,(100),Power source change.
Information,3/13/2022 6:45:24 PM,Service Control Manager,7040,None,The start type of the Background Intelligent Transfer Service service was changed from auto start to demand start.
Information,3/13/2022 6:43:07 PM,Service Control Manager,7040,None,The start type of the Background Intelligent Transfer Service service was changed from demand start to auto start.
Warning,3/13/2022 6:42:06 PM,Microsoft-Windows-DistributedCOM,10016,None,"The application-specific permission settings do not grant Local Activation permission for the COM Server application with CLSID
{2593F8B9-4EAF-457C-B68A-50F6B8EA6B54}
 and APPID
{15C20B67-12E7-4BB6-92BB-7AFF07997402}
 to the user DESKTOP-D57JJ0U\Hp SID (S-1-5-21-59471354-1410144394-4117892861-1002) from address LocalHost (Using LRPC) running in the application container Unavailable SID (Unavailable). This security permission can be modified using the Component Services administrative tool."
Information,3/13/2022 6:27:39 PM,Service Control Manager,7040,None,The start type of the Background Intelligent Transfer Service service was changed from auto start to demand start.
Information,3/13/2022 6:25:22 PM,Service Control Manager,7040,None,The start type of the Background Intelligent Transfer Service service was changed from demand start to auto start.
Information,3/13/2022 6:14:53 PM,Microsoft-Windows-Kernel-General,16,None,The access history in hive \??\C:\Users\Hp\AppData\Local\Packages\MicrosoftWindows.Client.CBS_cw5n1h2txyewy\Settings\settings.dat was cleared updating 3 keys and creating 1 modified pages.
Information,3/13/2022 6:14:40 PM,Microsoft-Windows-Kernel-General,16,None,The access history in hive \??\C:\Users\Hp\AppData\Local\Packages\Microsoft.ZuneVideo_8wekyb3d8bbwe\Settings\settings.dat was cleared updating 18 keys and creating 2 modified pages.
Information,3/13/2022 6:13:58 PM,Microsoft-Windows-Kernel-General,16,None,The access history in hive \??\C:\Users\Hp\AppData\Local\Packages\Microsoft.YourPhone_8wekyb3d8bbwe\Settings\settings.dat was cleared updating 36 keys and creating 9 modified pages.
Information,3/13/2022 6:13:47 PM,Microsoft-Windows-Kernel-General,16,None,The access history in hive \??\C:\Users\Hp\AppData\Local\Packages\Microsoft.Windows.Search_cw5n1h2txyewy\Settings\settings.dat was cleared updating 32 keys and creating 6 modified pages.
Information,3/13/2022 6:13:46 PM,Microsoft-Windows-Kernel-General,16,None,The access history in hive \??\C:\Users\Hp\AppData\Local\Packages\Microsoft.Windows.StartMenuExperienceHost_cw5n1h2txyewy\Settings\settings.dat was cleared updating 4 keys and creating 1 modified pages.
Information,3/13/2022 6:13:44 PM,Microsoft-Windows-Time-Service,37,None,"The time provider NtpClient is currently receiving valid time data from time.windows.com,0x9 (ntp.m|0x9|0.0.0.0:123->40.81.94.65:123)."
Warning,3/13/2022 6:13:42 PM,Microsoft-Windows-DistributedCOM,10016,None,"The application-specific permission settings do not grant Local Activation permission for the COM Server application with CLSID
{6B3B8D23-FA8D-40B9-8DBD-B950333E2C52}
 and APPID
{4839DDB7-58C2-48F5-8283-E1D1807D0D7D}
 to the user NT AUTHORITY\LOCAL SERVICE SID (S-1-5-19) from address LocalHost (Using LRPC) running in the application container Unavailable SID (Unavailable). This security permission can be modified using the Component Services administrative tool."
Warning,3/13/2022 6:13:42 PM,Microsoft-Windows-DistributedCOM,10016,None,"The application-specific permission settings do not grant Local Activation permission for the COM Server application with CLSID
{6B3B8D23-FA8D-40B9-8DBD-B950333E2C52}
 and APPID
{4839DDB7-58C2-48F5-8283-E1D1807D0D7D}
 to the user NT AUTHORITY\LOCAL SERVICE SID (S-1-5-19) from address LocalHost (Using LRPC) running in the application container Unavailable SID (Unavailable). This security permission can be modified using the Component Services administrative tool."
Information,3/13/2022 6:13:38 PM,Microsoft-Windows-Kernel-General,16,None,The access history in hive \??\C:\Users\Hp\AppData\Local\Microsoft\Windows\UsrClass.dat was cleared updating 3794 keys and creating 605 modified pages.
Information,3/13/2022 6:13:38 PM,Microsoft-Windows-Kernel-General,16,None,The access history in hive \??\C:\Users\Hp\ntuser.dat was cleared updating 2669 keys and creating 309 modified pages.
Information,3/13/2022 6:13:38 PM,Microsoft-Windows-Power-Troubleshooter,1,None,"The system has returned from a low power state.

Sleep Time: ‎2022‎-‎03‎-‎13T16:50:10.809114200Z
Wake Time: ‎2022‎-‎03‎-‎14T01:13:37.186259500Z

Wake Source: Unknown"
Information,3/13/2022 6:13:38 PM,Microsoft-Windows-Winlogon,7001,(1101),User Logon Notification for Customer Experience Improvement Program
Warning,3/13/2022 6:13:36 PM,Microsoft-Windows-Time-Service,134,None,"NtpClient was unable to set a manual peer to use as a time source because of DNS resolution error on 'time.windows.com,0x9'. NtpClient will try again in 15 minutes and double the reattempt interval thereafter. The error was: No such host is known. (0x80072AF9)"
Information,3/13/2022 6:13:36 PM,Microsoft-Windows-Kernel-General,16,None,The access history in hive \Device\HarddiskVolume1\Boot\BCD was cleared updating 108 keys and creating 9 modified pages.
Warning,3/13/2022 6:13:35 PM,BTHUSB,34,None,"The local adapter does not support an important Low Energy controller state to support peripheral mode.  The minimum required supported state mask is 0x2491f7fffff, got 0x1fffffff.  Low Energy peripheral role functionality will not be available."
Information,3/13/2022 6:13:35 PM,Microsoft-Windows-Kernel-General,1,(5),"The system time has changed to ‎2022‎-‎03‎-‎14T01:13:35.977629700Z from ‎2022‎-‎03‎-‎14T01:13:35.971563500Z.

Change Reason: An application or system component changed the time.
Process: '\Device\HarddiskVolume2\Windows\System32\svchost.exe' (PID 3900)."
Information,3/13/2022 6:13:35 PM,Microsoft-Windows-Kernel-General,24,(11),The time zone information was refreshed with exit reason 0. Current time zone bias is 420.
Information,3/13/2022 6:13:35 PM,Microsoft-Windows-Kernel-Boot,32,(58),The bootmgr spent 0 ms waiting for user input.
Information,3/13/2022 6:13:35 PM,Microsoft-Windows-Kernel-Boot,18,(57),There are 0x1 boot options on this system.
Information,3/13/2022 6:13:35 PM,Microsoft-Windows-Kernel-Boot,27,(33),The boot type was 0x1.
Information,3/13/2022 6:13:35 PM,Microsoft-Windows-Kernel-Boot,25,(32),The boot menu policy was 0x1.
Information,3/13/2022 6:13:35 PM,Microsoft-Windows-Kernel-Boot,30,(21),The firmware reported boot metrics.
Information,3/13/2022 6:13:35 PM,BTHUSB,18,None,Windows cannot store Bluetooth authentication codes (link keys) on the local adapter. Bluetooth keyboards might not work in the system BIOS during startup.
Warning,3/13/2022 6:13:35 PM,Microsoft-Windows-Time-Service,134,None,"NtpClient was unable to set a manual peer to use as a time source because of DNS resolution error on 'time.windows.com,0x9'. NtpClient will try again in 15 minutes and double the reattempt interval thereafter. The error was: No such host is known. (0x80072AF9)"
Information,3/13/2022 6:13:34 PM,EventLog,6013,None,The system uptime is 296078 seconds.
Information,3/13/2022 6:13:33 PM,Microsoft-Windows-Kernel-General,1,(5),"The system time has changed to ‎2022‎-‎03‎-‎14T01:13:33.500000000Z from ‎2022‎-‎03‎-‎13T16:50:17.420023800Z.

Change Reason: System time synchronized with the hardware clock.
Process: '' (PID 4)."
Information,3/13/2022 9:50:17 AM,Microsoft-Windows-Kernel-Power,107,(102),The system has resumed from sleep.
Information,3/13/2022 9:50:13 AM,Microsoft-Windows-Kernel-Power,42,(64),"The system is entering sleep.

Sleep Reason: Application API"
Information,3/13/2022 9:50:11 AM,Microsoft-Windows-Kernel-General,1,(5),"The system time has changed to ‎2022‎-‎03‎-‎13T16:50:11.033880500Z from ‎2022‎-‎03‎-‎13T16:50:11.018805700Z.

Change Reason: An application or system component changed the time.
Process: '\Device\HarddiskVolume2\Windows\System32\svchost.exe' (PID 3900)."
Information,3/13/2022 9:50:11 AM,Microsoft-Windows-Kernel-General,24,(11),The time zone information was refreshed with exit reason 0. Current time zone bias is 420.
Information,3/13/2022 9:50:10 AM,Microsoft-Windows-Kernel-Power,187,(243),User-mode process attempted to change the system state by calling SetSuspendState or SetSystemPowerState APIs.
Information,3/13/2022 9:50:10 AM,Microsoft-Windows-Winlogon,7002,(1102),User Logoff Notification for Customer Experience Improvement Program
Information,3/13/2022 9:26:34 AM,NETwNb64,7001,None,"The description for Event ID 7001 from source NETwNb64 cannot be found. Either the component that raises this event is not installed on your local computer or the installation is corrupted. You can install or repair the component on the local computer.

If the event originated on another computer, the display information had to be saved with the event.

The following information was included with the event:

\Device\NDMP41
Intel(R) Dual Band Wireless-AC 7260

The specified resource type cannot be found in the image file
"
Information,3/13/2022 9:26:34 AM,NETwNb64,7001,None,"The description for Event ID 7001 from source NETwNb64 cannot be found. Either the component that raises this event is not installed on your local computer or the installation is corrupted. You can install or repair the component on the local computer.

If the event originated on another computer, the display information had to be saved with the event.

The following information was included with the event:

\Device\NDMP41
Intel(R) Dual Band Wireless-AC 7260

The specified resource type cannot be found in the image file
"
Information,3/13/2022 9:26:34 AM,NETwNb64,7036,None,The \Device\NDMP41 service entered the Intel(R) Dual Band Wireless-AC 7260 state.
Information,3/13/2022 9:26:33 AM,NETwNb64,8000,None,"The description for Event ID 8000 from source NETwNb64 cannot be found. Either the component that raises this event is not installed on your local computer or the installation is corrupted. You can install or repair the component on the local computer.

If the event originated on another computer, the display information had to be saved with the event.

The following information was included with the event:

\Device\NDMP38
Intel(R) Dual Band Wireless-AC 7260

The specified resource type cannot be found in the image file
"
Warning,3/13/2022 9:26:33 AM,Microsoft-Windows-WLAN-AutoConfig,4003,None,"WLAN AutoConfig detected limited connectivity, attempting automatic recovery.

Recovery Type: 4
Error Code: 0x0
Trigger Reason: 7
IP Family: 0
"
Warning,3/13/2022 9:26:21 AM,Microsoft-Windows-DNS-Client,1014,(1014),Name resolution for the name www.youtube.com timed out after none of the configured DNS servers responded.
Warning,3/13/2022 9:16:58 AM,Microsoft-Windows-DistributedCOM,10016,None,"The application-specific permission settings do not grant Local Activation permission for the COM Server application with CLSID
{2593F8B9-4EAF-457C-B68A-50F6B8EA6B54}
 and APPID
{15C20B67-12E7-4BB6-92BB-7AFF07997402}
 to the user DESKTOP-D57JJ0U\Hp SID (S-1-5-21-59471354-1410144394-4117892861-1002) from address LocalHost (Using LRPC) running in the application container Unavailable SID (Unavailable). This security permission can be modified using the Component Services administrative tool."
Information,3/13/2022 9:10:12 AM,Service Control Manager,7040,None,The start type of the Background Intelligent Transfer Service service was changed from auto start to demand start.
Information,3/13/2022 9:08:05 AM,Service Control Manager,7040,None,The start type of the Background Intelligent Transfer Service service was changed from demand start to auto start.
Warning,3/13/2022 8:39:26 AM,Microsoft-Windows-DNS-Client,1014,(1014),Name resolution for the name beacons3.gvt2.com timed out after none of the configured DNS servers responded.
Information,3/13/2022 8:32:38 AM,Service Control Manager,7040,None,The start type of the Background Intelligent Transfer Service service was changed from auto start to demand start.
Information,3/13/2022 8:30:21 AM,Service Control Manager,7040,None,The start type of the Background Intelligent Transfer Service service was changed from demand start to auto start.
Information,3/13/2022 8:29:33 AM,Microsoft-Windows-Kernel-Power,105,(100),Power source change.
Warning,3/13/2022 8:29:21 AM,Microsoft-Windows-DistributedCOM,10016,None,"The application-specific permission settings do not grant Local Activation permission for the COM Server application with CLSID
{2593F8B9-4EAF-457C-B68A-50F6B8EA6B54}
 and APPID
{15C20B67-12E7-4BB6-92BB-7AFF07997402}
 to the user DESKTOP-D57JJ0U\Hp SID (S-1-5-21-59471354-1410144394-4117892861-1002) from address LocalHost (Using LRPC) running in the application container Unavailable SID (Unavailable). This security permission can be modified using the Component Services administrative tool."
Information,3/13/2022 8:12:08 AM,NETwNb64,7001,None,"The description for Event ID 7001 from source NETwNb64 cannot be found. Either the component that raises this event is not installed on your local computer or the installation is corrupted. You can install or repair the component on the local computer.

If the event originated on another computer, the display information had to be saved with the event.

The following information was included with the event:

\Device\NDMP38
Intel(R) Dual Band Wireless-AC 7260

The specified resource type cannot be found in the image file
"
Information,3/13/2022 8:12:08 AM,NETwNb64,7001,None,"The description for Event ID 7001 from source NETwNb64 cannot be found. Either the component that raises this event is not installed on your local computer or the installation is corrupted. You can install or repair the component on the local computer.

If the event originated on another computer, the display information had to be saved with the event.

The following information was included with the event:

\Device\NDMP38
Intel(R) Dual Band Wireless-AC 7260

The specified resource type cannot be found in the image file
"
Information,3/13/2022 8:12:07 AM,NETwNb64,7036,None,The \Device\NDMP38 service entered the Intel(R) Dual Band Wireless-AC 7260 state.
Information,3/13/2022 8:12:06 AM,NETwNb64,8000,None,"The description for Event ID 8000 from source NETwNb64 cannot be found. Either the component that raises this event is not installed on your local computer or the installation is corrupted. You can install or repair the component on the local computer.

If the event originated on another computer, the display information had to be saved with the event.

The following information was included with the event:

\Device\NDMP35
Intel(R) Dual Band Wireless-AC 7260

The specified resource type cannot be found in the image file
"
Warning,3/13/2022 8:12:05 AM,Microsoft-Windows-WLAN-AutoConfig,4003,None,"WLAN AutoConfig detected limited connectivity, attempting automatic recovery.

Recovery Type: 4
Error Code: 0x0
Trigger Reason: 7
IP Family: 0
"
Warning,3/13/2022 8:10:47 AM,Microsoft-Windows-DNS-Client,1014,(1014),Name resolution for the name adservice.google.com timed out after none of the configured DNS servers responded.
Warning,3/13/2022 7:50:39 AM,Microsoft-Windows-DistributedCOM,10016,None,"The machine-default permission settings do not grant Local Activation permission for the COM Server application with CLSID
{C2F03A33-21F5-47FA-B4BB-156362A2F239}
 and APPID
{316CDED5-E4AE-4B15-9113-7055D84DCC97}
 to the user DESKTOP-D57JJ0U\Hp SID (S-1-5-21-59471354-1410144394-4117892861-1002) from address LocalHost (Using LRPC) running in the application container Microsoft.Windows.ShellExperienceHost_10.0.19041.1320_neutral_neutral_cw5n1h2txyewy SID (S-1-15-2-155514346-2573954481-755741238-1654018636-1233331829-3075935687-2861478708). This security permission can be modified using the Component Services administrative tool."
Information,3/13/2022 7:50:09 AM,Microsoft-Windows-Kernel-Power,105,(100),Power source change.
Information,3/13/2022 7:47:10 AM,Microsoft-Windows-Kernel-General,16,None,The access history in hive \??\C:\Users\Hp\AppData\Local\Packages\Microsoft.LockApp_cw5n1h2txyewy\Settings\settings.dat was cleared updating 4 keys and creating 1 modified pages.
Information,3/13/2022 7:42:18 AM,Microsoft-Windows-WindowsUpdateClient,19,Windows Update Agent,Installation Successful: Windows successfully installed the following update: Security Intelligence Update for Microsoft Defender Antivirus - KB2267602 (Version 1.359.1893.0)
Information,3/13/2022 7:42:03 AM,Microsoft-Windows-WindowsUpdateClient,43,Windows Update Agent,Installation Started: Windows has started installing the following update: Security Intelligence Update for Microsoft Defender Antivirus - KB2267602 (Version 1.359.1893.0)
Information,3/13/2022 7:42:03 AM,Microsoft-Windows-WindowsUpdateClient,44,Windows Update Agent,Windows Update started downloading an update.
Information,3/13/2022 7:41:18 AM,Microsoft-Windows-Kernel-General,15,(10),Hive \??\C:\WINDOWS\System32\config\COMPONENTS was reorganized with a starting size of 37769216 bytes and an ending size of 33345536 bytes.
Information,3/13/2022 7:24:44 AM,NETwNb64,7001,None,"The description for Event ID 7001 from source NETwNb64 cannot be found. Either the component that raises this event is not installed on your local computer or the installation is corrupted. You can install or repair the component on the local computer.

If the event originated on another computer, the display information had to be saved with the event.

The following information was included with the event:

\Device\NDMP35
Intel(R) Dual Band Wireless-AC 7260

The specified resource type cannot be found in the image file
"
Information,3/13/2022 7:24:44 AM,NETwNb64,7001,None,"The description for Event ID 7001 from source NETwNb64 cannot be found. Either the component that raises this event is not installed on your local computer or the installation is corrupted. You can install or repair the component on the local computer.

If the event originated on another computer, the display information had to be saved with the event.

The following information was included with the event:

\Device\NDMP35
Intel(R) Dual Band Wireless-AC 7260

The specified resource type cannot be found in the image file
"
Information,3/13/2022 7:24:44 AM,NETwNb64,7036,None,The \Device\NDMP35 service entered the Intel(R) Dual Band Wireless-AC 7260 state.
Information,3/13/2022 7:24:43 AM,NETwNb64,8000,None,"The description for Event ID 8000 from source NETwNb64 cannot be found. Either the component that raises this event is not installed on your local computer or the installation is corrupted. You can install or repair the component on the local computer.

If the event originated on another computer, the display information had to be saved with the event.

The following information was included with the event:

\Device\NDMP32
Intel(R) Dual Band Wireless-AC 7260

The specified resource type cannot be found in the image file
"
Warning,3/13/2022 7:24:43 AM,Microsoft-Windows-WLAN-AutoConfig,4003,None,"WLAN AutoConfig detected limited connectivity, attempting automatic recovery.

Recovery Type: 4
Error Code: 0x0
Trigger Reason: 7
IP Family: 0
"
Warning,3/13/2022 7:23:49 AM,Microsoft-Windows-DNS-Client,1014,(1014),Name resolution for the name edge.microsoft.com timed out after none of the configured DNS servers responded.
Information,3/13/2022 7:09:52 AM,Microsoft-Windows-Kernel-General,15,(10),Hive \SystemRoot\System32\config\DRIVERS was reorganized with a starting size of 5672960 bytes and an ending size of 5689344 bytes.
Information,3/13/2022 7:09:41 AM,NETwNb64,7001,None,"The description for Event ID 7001 from source NETwNb64 cannot be found. Either the component that raises this event is not installed on your local computer or the installation is corrupted. You can install or repair the component on the local computer.

If the event originated on another computer, the display information had to be saved with the event.

The following information was included with the event:

\Device\NDMP32
Intel(R) Dual Band Wireless-AC 7260

The specified resource type cannot be found in the image file
"
Information,3/13/2022 7:09:41 AM,NETwNb64,7001,None,"The description for Event ID 7001 from source NETwNb64 cannot be found. Either the component that raises this event is not installed on your local computer or the installation is corrupted. You can install or repair the component on the local computer.

If the event originated on another computer, the display information had to be saved with the event.

The following information was included with the event:

\Device\NDMP32
Intel(R) Dual Band Wireless-AC 7260

The specified resource type cannot be found in the image file
"
Information,3/13/2022 7:09:40 AM,NETwNb64,7036,None,The \Device\NDMP32 service entered the Intel(R) Dual Band Wireless-AC 7260 state.
Information,3/13/2022 7:09:39 AM,NETwNb64,8000,None,"The description for Event ID 8000 from source NETwNb64 cannot be found. Either the component that raises this event is not installed on your local computer or the installation is corrupted. You can install or repair the component on the local computer.

If the event originated on another computer, the display information had to be saved with the event.

The following information was included with the event:

\Device\NDMP29
Intel(R) Dual Band Wireless-AC 7260

The specified resource type cannot be found in the image file
"
Warning,3/13/2022 7:09:39 AM,Microsoft-Windows-WLAN-AutoConfig,4003,None,"WLAN AutoConfig detected limited connectivity, attempting automatic recovery.

Recovery Type: 4
Error Code: 0x0
Trigger Reason: 7
IP Family: 0
"
Warning,3/13/2022 7:09:10 AM,Microsoft-Windows-DNS-Client,1014,(1014),Name resolution for the name fonts.googleapis.com timed out after none of the configured DNS servers responded.
Warning,3/13/2022 6:55:32 AM,Microsoft-Windows-DistributedCOM,10016,None,"The application-specific permission settings do not grant Local Activation permission for the COM Server application with CLSID
{2593F8B9-4EAF-457C-B68A-50F6B8EA6B54}
 and APPID
{15C20B67-12E7-4BB6-92BB-7AFF07997402}
 to the user DESKTOP-D57JJ0U\Hp SID (S-1-5-21-59471354-1410144394-4117892861-1002) from address LocalHost (Using LRPC) running in the application container Unavailable SID (Unavailable). This security permission can be modified using the Component Services administrative tool."
Information,3/13/2022 6:41:06 AM,Microsoft-Windows-Kernel-General,16,None,The access history in hive \??\C:\Users\Hp\AppData\Local\Packages\Microsoft.AAD.BrokerPlugin_cw5n1h2txyewy\Settings\settings.dat was cleared updating 6 keys and creating 1 modified pages.
Information,3/13/2022 6:41:05 AM,Microsoft-Windows-Kernel-General,16,None,The access history in hive \??\C:\Users\Hp\AppData\Local\Packages\Microsoft.Windows.ContentDeliveryManager_cw5n1h2txyewy\Settings\settings.dat was cleared updating 405 keys and creating 38 modified pages.
Information,3/13/2022 6:41:05 AM,Microsoft-Windows-Kernel-General,16,None,The access history in hive \??\C:\Users\Hp\AppData\Local\Packages\microsoft.windowscommunicationsapps_8wekyb3d8bbwe\Settings\settings.dat was cleared updating 28 keys and creating 4 modified pages.
Information,3/13/2022 6:40:14 AM,Service Control Manager,7040,None,The start type of the Background Intelligent Transfer Service service was changed from auto start to demand start.
Information,3/13/2022 6:38:00 AM,Service Control Manager,7040,None,The start type of the Background Intelligent Transfer Service service was changed from demand start to auto start.
Warning,3/13/2022 5:52:37 AM,Microsoft-Windows-DNS-Client,1014,(1014),Name resolution for the name beacons2.gvt2.com timed out after none of the configured DNS servers responded.
Information,3/13/2022 5:49:30 AM,Service Control Manager,7040,None,The start type of the Background Intelligent Transfer Service service was changed from auto start to demand start.
Information,3/13/2022 5:47:12 AM,Service Control Manager,7040,None,The start type of the Background Intelligent Transfer Service service was changed from demand start to auto start.
Warning,3/13/2022 5:46:12 AM,Microsoft-Windows-DistributedCOM,10016,None,"The application-specific permission settings do not grant Local Activation permission for the COM Server application with CLSID
{2593F8B9-4EAF-457C-B68A-50F6B8EA6B54}
 and APPID
{15C20B67-12E7-4BB6-92BB-7AFF07997402}
 to the user DESKTOP-D57JJ0U\Hp SID (S-1-5-21-59471354-1410144394-4117892861-1002) from address LocalHost (Using LRPC) running in the application container Unavailable SID (Unavailable). This security permission can be modified using the Component Services administrative tool."
Information,3/13/2022 5:43:30 AM,Service Control Manager,7040,None,The start type of the Background Intelligent Transfer Service service was changed from auto start to demand start.
Information,3/13/2022 5:41:42 AM,Microsoft-Windows-WindowsUpdateClient,19,Windows Update Agent,Installation Successful: Windows successfully installed the following update: Security Intelligence Update for Microsoft Defender Antivirus - KB2267602 (Version 1.359.1889.0)
Information,3/13/2022 5:41:22 AM,Service Control Manager,7040,None,The start type of the Background Intelligent Transfer Service service was changed from demand start to auto start.
Information,3/13/2022 5:41:22 AM,Microsoft-Windows-WindowsUpdateClient,43,Windows Update Agent,Installation Started: Windows has started installing the following update: Security Intelligence Update for Microsoft Defender Antivirus - KB2267602 (Version 1.359.1889.0)
Information,3/13/2022 5:41:19 AM,Microsoft-Windows-WindowsUpdateClient,44,Windows Update Agent,Windows Update started downloading an update.
Warning,3/13/2022 5:40:11 AM,Microsoft-Windows-DNS-Client,1014,(1014),Name resolution for the name slscr.update.microsoft.com timed out after none of the configured DNS servers responded.
Information,3/13/2022 5:39:20 AM,Service Control Manager,7040,None,The start type of the Background Intelligent Transfer Service service was changed from auto start to demand start.
Information,3/13/2022 5:36:58 AM,Service Control Manager,7040,None,The start type of the Background Intelligent Transfer Service service was changed from demand start to auto start.
Information,3/13/2022 5:36:10 AM,Service Control Manager,7040,None,The start type of the Background Intelligent Transfer Service service was changed from auto start to demand start.
Information,3/13/2022 5:34:00 AM,Service Control Manager,7040,None,The start type of the Background Intelligent Transfer Service service was changed from demand start to auto start.
Information,3/13/2022 5:33:53 AM,Microsoft-Windows-Time-Service,37,None,"The time provider NtpClient is currently receiving valid time data from time.windows.com,0x9 (ntp.m|0x9|0.0.0.0:123->40.81.94.65:123)."
Information,3/13/2022 5:32:14 AM,Service Control Manager,7040,None,The start type of the Background Intelligent Transfer Service service was changed from auto start to demand start.
Information,3/13/2022 5:30:23 AM,NETwNb64,5060,None,"The description for Event ID 5060 from source NETwNb64 cannot be found. Either the component that raises this event is not installed on your local computer or the installation is corrupted. You can install or repair the component on the local computer.

If the event originated on another computer, the display information had to be saved with the event.

The following information was included with the event:

\Device\NDMP29
Intel(R) Dual Band Wireless-AC 7260

The specified resource type cannot be found in the image file
"
Information,3/13/2022 5:30:09 AM,Service Control Manager,7040,None,The start type of the Background Intelligent Transfer Service service was changed from demand start to auto start.
Warning,3/13/2022 5:30:05 AM,Microsoft-Windows-DistributedCOM,10016,None,"The application-specific permission settings do not grant Local Activation permission for the COM Server application with CLSID
{6B3B8D23-FA8D-40B9-8DBD-B950333E2C52}
 and APPID
{4839DDB7-58C2-48F5-8283-E1D1807D0D7D}
 to the user NT AUTHORITY\LOCAL SERVICE SID (S-1-5-19) from address LocalHost (Using LRPC) running in the application container Unavailable SID (Unavailable). This security permission can be modified using the Component Services administrative tool."
Warning,3/13/2022 5:30:05 AM,Microsoft-Windows-DistributedCOM,10016,None,"The application-specific permission settings do not grant Local Activation permission for the COM Server application with CLSID
{6B3B8D23-FA8D-40B9-8DBD-B950333E2C52}
 and APPID
{4839DDB7-58C2-48F5-8283-E1D1807D0D7D}
 to the user NT AUTHORITY\LOCAL SERVICE SID (S-1-5-19) from address LocalHost (Using LRPC) running in the application container Unavailable SID (Unavailable). This security permission can be modified using the Component Services administrative tool."
Information,3/13/2022 5:30:03 AM,Microsoft-Windows-Winlogon,7001,(1101),User Logon Notification for Customer Experience Improvement Program
Information,3/13/2022 5:30:02 AM,Microsoft-Windows-Power-Troubleshooter,1,None,"The system has returned from a low power state.

Sleep Time: ‎2022‎-‎03‎-‎12T17:13:51.733489500Z
Wake Time: ‎2022‎-‎03‎-‎13T12:30:01.403977500Z

Wake Source: Unknown"
Warning,3/13/2022 5:30:00 AM,Microsoft-Windows-Time-Service,134,None,"NtpClient was unable to set a manual peer to use as a time source because of DNS resolution error on 'time.windows.com,0x9'. NtpClient will try again in 15 minutes and double the reattempt interval thereafter. The error was: No such host is known. (0x80072AF9)"
Warning,3/13/2022 5:30:00 AM,BTHUSB,34,None,"The local adapter does not support an important Low Energy controller state to support peripheral mode.  The minimum required supported state mask is 0x2491f7fffff, got 0x1fffffff.  Low Energy peripheral role functionality will not be available."
Information,3/13/2022 5:30:00 AM,BTHUSB,18,None,Windows cannot store Bluetooth authentication codes (link keys) on the local adapter. Bluetooth keyboards might not work in the system BIOS during startup.
Information,3/13/2022 5:30:00 AM,Microsoft-Windows-Kernel-Boot,32,(58),The bootmgr spent 0 ms waiting for user input.
Information,3/13/2022 5:30:00 AM,Microsoft-Windows-Kernel-Boot,18,(57),There are 0x1 boot options on this system.
Information,3/13/2022 5:30:00 AM,Microsoft-Windows-Kernel-Boot,27,(33),The boot type was 0x1.
Information,3/13/2022 5:30:00 AM,Microsoft-Windows-Kernel-Boot,25,(32),The boot menu policy was 0x1.
Information,3/13/2022 5:30:00 AM,Microsoft-Windows-Kernel-Boot,30,(21),The firmware reported boot metrics.
Information,3/13/2022 5:30:00 AM,Microsoft-Windows-Kernel-Power,105,(100),Power source change.
Warning,3/13/2022 5:29:59 AM,Microsoft-Windows-Time-Service,134,None,"NtpClient was unable to set a manual peer to use as a time source because of DNS resolution error on 'time.windows.com,0x9'. NtpClient will try again in 15 minutes and double the reattempt interval thereafter. The error was: No such host is known. (0x80072AF9)"
Information,3/13/2022 5:29:58 AM,Microsoft-Windows-Kernel-General,1,(5),"The system time has changed to ‎2022‎-‎03‎-‎13T12:29:58.817468300Z from ‎2022‎-‎03‎-‎13T12:29:58.817468300Z.

Change Reason: System time adjusted to the new time zone.
Process: '' (PID 4)."
Information,3/13/2022 5:29:58 AM,Microsoft-Windows-Kernel-General,24,(11),The time zone information was refreshed with exit reason 0. Current time zone bias is 420.
Information,3/13/2022 5:29:58 AM,Microsoft-Windows-Kernel-General,22,(8),The time zone bias has changed to 420 from 480.
Information,3/13/2022 5:29:57 AM,Microsoft-Windows-Kernel-General,1,(5),"The system time has changed to ‎2022‎-‎03‎-‎13T12:29:57.500000000Z from ‎2022‎-‎03‎-‎12T17:13:55.892215600Z.

Change Reason: System time synchronized with the hardware clock.
Process: '' (PID 4)."
Information,3/13/2022 5:29:58 AM,EventLog,6013,None,The system uptime is 250262 seconds.
Information,3/12/2022 9:13:55 AM,Microsoft-Windows-Kernel-Power,107,(102),The system has resumed from sleep.
Information,3/12/2022 9:13:53 AM,Microsoft-Windows-Kernel-Power,42,(64),"The system is entering sleep.

Sleep Reason: Application API"
Information,3/12/2022 9:13:51 AM,Microsoft-Windows-Kernel-Power,187,(243),User-mode process attempted to change the system state by calling SetSuspendState or SetSystemPowerState APIs.
Information,3/12/2022 9:13:51 AM,Microsoft-Windows-Winlogon,7002,(1102),User Logoff Notification for Customer Experience Improvement Program
Information,3/12/2022 8:15:13 AM,NETwNb64,7001,None,"The description for Event ID 7001 from source NETwNb64 cannot be found. Either the component that raises this event is not installed on your local computer or the installation is corrupted. You can install or repair the component on the local computer.

If the event originated on another computer, the display information had to be saved with the event.

The following information was included with the event:

\Device\NDMP29
Intel(R) Dual Band Wireless-AC 7260

The specified resource type cannot be found in the image file
"
Information,3/12/2022 8:15:13 AM,NETwNb64,7001,None,"The description for Event ID 7001 from source NETwNb64 cannot be found. Either the component that raises this event is not installed on your local computer or the installation is corrupted. You can install or repair the component on the local computer.

If the event originated on another computer, the display information had to be saved with the event.

The following information was included with the event:

\Device\NDMP29
Intel(R) Dual Band Wireless-AC 7260

The specified resource type cannot be found in the image file
"
Information,3/12/2022 8:15:13 AM,NETwNb64,7036,None,The \Device\NDMP29 service entered the Intel(R) Dual Band Wireless-AC 7260 state.
Information,3/12/2022 8:15:12 AM,NETwNb64,8000,None,"The description for Event ID 8000 from source NETwNb64 cannot be found. Either the component that raises this event is not installed on your local computer or the installation is corrupted. You can install or repair the component on the local computer.

If the event originated on another computer, the display information had to be saved with the event.

The following information was included with the event:

\Device\NDMP26
Intel(R) Dual Band Wireless-AC 7260

The specified resource type cannot be found in the image file
"
Warning,3/12/2022 8:15:12 AM,Microsoft-Windows-WLAN-AutoConfig,4003,None,"WLAN AutoConfig detected limited connectivity, attempting automatic recovery.

Recovery Type: 4
Error Code: 0x0
Trigger Reason: 7
IP Family: 0
"
Warning,3/12/2022 8:14:26 AM,Microsoft-Windows-DNS-Client,1014,(1014),Name resolution for the name www.youtube.com timed out after none of the configured DNS servers responded.
Information,3/12/2022 8:10:05 AM,Service Control Manager,7040,None,The start type of the Background Intelligent Transfer Service service was changed from auto start to demand start.
Information,3/12/2022 8:07:49 AM,Service Control Manager,7040,None,The start type of the Background Intelligent Transfer Service service was changed from demand start to auto start.
Information,3/12/2022 7:59:19 AM,Microsoft-Windows-WindowsUpdateClient,19,Windows Update Agent,Installation Successful: Windows successfully installed the following update: 9WZDNCRFHVJL-MICROSOFT.OFFICE.ONENOTE
Information,3/12/2022 7:59:15 AM,Microsoft-Windows-WindowsUpdateClient,43,Windows Update Agent,Installation Started: Windows has started installing the following update: 9WZDNCRFHVJL-MICROSOFT.OFFICE.ONENOTE
Information,3/12/2022 7:59:09 AM,Microsoft-Windows-Kernel-General,16,None,The access history in hive \??\C:\ProgramData\Microsoft\Windows\AppRepository\Packages\Microsoft.Office.OneNote_16001.14326.20838.0_x64__8wekyb3d8bbwe\ActivationStore.dat was cleared updating 0 keys and creating 0 modified pages.
Information,3/12/2022 7:56:04 AM,Service Control Manager,7040,None,The start type of the Background Intelligent Transfer Service service was changed from auto start to demand start.
Information,3/12/2022 7:55:56 AM,Microsoft-Windows-WindowsUpdateClient,19,Windows Update Agent,Installation Successful: Windows successfully installed the following update: 2022-03 Update for Windows 10 Version 20H2 for x64-based Systems (KB4023057)
Information,3/12/2022 7:55:56 AM,Microsoft-Windows-WindowsUpdateClient,44,Windows Update Agent,Windows Update started downloading an update.
Information,3/12/2022 7:55:48 AM,Microsoft-Windows-WindowsUpdateClient,43,Windows Update Agent,Installation Started: Windows has started installing the following update: 2022-03 Update for Windows 10 Version 20H2 for x64-based Systems (KB4023057)
Information,3/12/2022 7:53:24 AM,Microsoft-Windows-Kernel-Power,105,(100),Power source change.
Information,3/12/2022 7:52:36 AM,Service Control Manager,7040,None,The start type of the Background Intelligent Transfer Service service was changed from demand start to auto start.
Warning,3/12/2022 7:51:36 AM,Microsoft-Windows-DistributedCOM,10016,None,"The application-specific permission settings do not grant Local Activation permission for the COM Server application with CLSID
{2593F8B9-4EAF-457C-B68A-50F6B8EA6B54}
 and APPID
{15C20B67-12E7-4BB6-92BB-7AFF07997402}
 to the user DESKTOP-D57JJ0U\Hp SID (S-1-5-21-59471354-1410144394-4117892861-1002) from address LocalHost (Using LRPC) running in the application container Unavailable SID (Unavailable). This security permission can be modified using the Component Services administrative tool."
