Warning,3/25/2022 10:13:11 PM,Microsoft-Windows-DistributedCOM,10016,None,"The application-specific permission settings do not grant Local Activation permission for the COM Server application with CLSID
{2593F8B9-4EAF-457C-B68A-50F6B8EA6B54}
 and APPID
{15C20B67-12E7-4BB6-92BB-7AFF07997402}
 to the user DESKTOP-D57JJ0U\Hp SID (S-1-5-21-59471354-1410144394-4117892861-1002) from address LocalHost (Using LRPC) running in the application container Unavailable SID (Unavailable). This security permission can be modified using the Component Services administrative tool."
Information,3/25/2022 9:59:34 PM,Microsoft-Windows-Kernel-Power,105,(100),Power source change.
Information,3/25/2022 9:20:01 PM,Service Control Manager,7040,None,The start type of the Background Intelligent Transfer Service service was changed from auto start to demand start.
Information,3/25/2022 9:17:48 PM,Service Control Manager,7040,None,The start type of the Background Intelligent Transfer Service service was changed from demand start to auto start.
Information,3/25/2022 8:55:56 PM,Microsoft-Windows-Kernel-General,16,None,The access history in hive \??\C:\ProgramData\Packages\Microsoft.YourPhone_8wekyb3d8bbwe\S-1-5-21-59471354-1410144394-4117892861-1002\SystemAppData\Helium\Cache\80bca5a2c33080a4_COM15.dat was cleared updating 1 keys and creating 1 modified pages.
Information,3/25/2022 8:55:51 PM,Microsoft-Windows-Kernel-General,15,(10),Hive \??\Volume{fa2f021f-0000-0000-0000-501f00000000}\System Volume Information\SPP\SppCbsHiveStore\{cd42efe1-f6f1-427c-b004-033192c625a4}{B829C59C-56C2-42C6-A18E-BB67B5512F79} was reorganized with a starting size of 89337856 bytes and an ending size of 86130688 bytes.
Information,3/25/2022 8:55:47 PM,Microsoft-Windows-Kernel-General,16,None,The access history in hive \??\Volume{fa2f021f-0000-0000-0000-501f00000000}\System Volume Information\SPP\SppCbsHiveStore\{cd42efe1-f6f1-427c-b004-033192c625a4}{07BE8DDA-94E3-4FF8-825D-935A6107F6B8} was cleared updating 790 keys and creating 55 modified pages.
Information,3/25/2022 8:55:47 PM,Microsoft-Windows-Kernel-General,15,(10),Hive \??\Volume{fa2f021f-0000-0000-0000-501f00000000}\System Volume Information\SPP\SppCbsHiveStore\{cd42efe1-f6f1-427c-b004-033192c625a4}{E8F500E1-8392-4BA0-89B9-86A64D3BA09D} was reorganized with a starting size of 12525568 bytes and an ending size of 11755520 bytes.
Information,3/25/2022 8:55:46 PM,Microsoft-Windows-Kernel-General,16,None,The access history in hive \??\Volume{fa2f021f-0000-0000-0000-501f00000000}\System Volume Information\SPP\SppCbsHiveStore\{cd42efe1-f6f1-427c-b004-033192c625a4}{8299C038-6B39-4F09-9FFD-D489AAEB6BEA} was cleared updating 75 keys and creating 4 modified pages.
Information,3/25/2022 8:55:46 PM,Microsoft-Windows-Kernel-General,16,None,The access history in hive \??\Volume{fa2f021f-0000-0000-0000-501f00000000}\System Volume Information\SPP\SppCbsHiveStore\{cd42efe1-f6f1-427c-b004-033192c625a4}{4B6A9BA5-50D8-4497-812B-8A826A83A8D3} was cleared updating 67 keys and creating 8 modified pages.
Information,3/25/2022 8:55:45 PM,Microsoft-Windows-Kernel-General,15,(10),Hive \??\Volume{fa2f021f-0000-0000-0000-501f00000000}\System Volume Information\SPP\SppCbsHiveStore\{cd42efe1-f6f1-427c-b004-033192c625a4}{30C2580F-FB2F-42AE-9CA9-FF30EBAE7DA4} was reorganized with a starting size of 16961536 bytes and an ending size of 16928768 bytes.
Information,3/25/2022 8:55:41 PM,Microsoft-Windows-Kernel-General,11,None,"TxR init phase for hive \??\GLOBALROOT\Device\HarddiskVolumeShadowCopy4\WINDOWS\System32\config\DRIVERS (TM: {c58b478f-acb5-11ec-811c-acfdce01131d}, RM: {c58b478e-acb5-11ec-811c-acfdce01131d}) finished with result=0xC00000A2 (Internal code=7)."
Information,3/25/2022 8:55:41 PM,Microsoft-Windows-Kernel-General,11,None,"TxR init phase for hive \??\GLOBALROOT\Device\HarddiskVolumeShadowCopy4\WINDOWS\System32\config\SYSTEM (TM: {c58b478c-acb5-11ec-811c-acfdce01131d}, RM: {c58b478b-acb5-11ec-811c-acfdce01131d}) finished with result=0xC00000A2 (Internal code=7)."
Information,3/25/2022 8:55:41 PM,Microsoft-Windows-Kernel-General,15,(10),Hive \??\GLOBALROOT\Device\HarddiskVolumeShadowCopy4\WINDOWS\System32\config\SYSTEM was reorganized with a starting size of 16961536 bytes and an ending size of 16928768 bytes.
Information,3/25/2022 8:55:39 PM,Microsoft-Windows-Ntfs,98,None,Volume ?? (\Device\HarddiskVolumeShadowCopy4) is healthy.  No action is needed.
Information,3/25/2022 8:54:43 PM,Service Control Manager,7040,None,The start type of the Background Intelligent Transfer Service service was changed from auto start to demand start.
Information,3/25/2022 8:51:48 PM,Service Control Manager,7040,None,The start type of the Background Intelligent Transfer Service service was changed from demand start to auto start.
Information,3/25/2022 8:47:44 PM,Service Control Manager,7040,None,The start type of the Background Intelligent Transfer Service service was changed from auto start to demand start.
Information,3/25/2022 8:45:39 PM,Service Control Manager,7040,None,The start type of the Background Intelligent Transfer Service service was changed from demand start to auto start.
Information,3/25/2022 8:45:06 PM,Service Control Manager,7045,None,"A service was installed in the system.

Service Name:  MpKslb61635fa
Service File Name:  C:\ProgramData\Microsoft\Windows Defender\Definition Updates\{5981A268-F73A-45AD-8DED-7CE7C38B53FD}\MpKslDrv.sys
Service Type:  kernel mode driver
Service Start Type:  demand start
Service Account:  "
Information,3/25/2022 8:44:56 PM,Microsoft-Windows-Kernel-General,16,None,The access history in hive \??\C:\Users\Hp\AppData\Local\Packages\windows.printdialog_cw5n1h2txyewy\Settings\settings.dat was cleared updating 2 keys and creating 1 modified pages.
Information,3/25/2022 8:44:56 PM,Microsoft-Windows-Kernel-General,16,None,The access history in hive \??\C:\Users\Hp\AppData\Local\Packages\windows.immersivecontrolpanel_cw5n1h2txyewy\Settings\settings.dat was cleared updating 2 keys and creating 1 modified pages.
Information,3/25/2022 8:44:56 PM,Microsoft-Windows-Kernel-General,16,None,The access history in hive \??\C:\Users\Hp\AppData\Local\Packages\windows.cbspreview_cw5n1h2txyewy\Settings\settings.dat was cleared updating 2 keys and creating 1 modified pages.
Information,3/25/2022 8:44:56 PM,Microsoft-Windows-Kernel-General,16,None,The access history in hive \??\C:\Users\Hp\AppData\Local\Packages\ncsiuwpapp_8wekyb3d8bbwe\Settings\settings.dat was cleared updating 2 keys and creating 1 modified pages.
Information,3/25/2022 8:44:56 PM,Microsoft-Windows-Kernel-General,16,None,The access history in hive \??\C:\Users\Hp\AppData\Local\Packages\microsoftwindows.undockeddevkit_cw5n1h2txyewy\Settings\settings.dat was cleared updating 2 keys and creating 1 modified pages.
Information,3/25/2022 8:44:55 PM,Microsoft-Windows-Kernel-General,16,None,The access history in hive \??\C:\Users\Hp\AppData\Local\Packages\microsoft.zunemusic_8wekyb3d8bbwe\Settings\settings.dat was cleared updating 2 keys and creating 1 modified pages.
Information,3/25/2022 8:44:55 PM,Microsoft-Windows-Kernel-General,16,None,The access history in hive \??\C:\Users\Hp\AppData\Local\Packages\microsoft.xboxspeechtotextoverlay_8wekyb3d8bbwe\Settings\settings.dat was cleared updating 2 keys and creating 1 modified pages.
Information,3/25/2022 8:44:55 PM,Microsoft-Windows-Kernel-General,16,None,The access history in hive \??\C:\Users\Hp\AppData\Local\Packages\microsoft.xboxgameoverlay_8wekyb3d8bbwe\Settings\settings.dat was cleared updating 2 keys and creating 1 modified pages.
Information,3/25/2022 8:44:55 PM,Microsoft-Windows-Kernel-General,16,None,The access history in hive \??\C:\Users\Hp\AppData\Local\Packages\microsoft.xboxgamecallableui_cw5n1h2txyewy\Settings\settings.dat was cleared updating 2 keys and creating 1 modified pages.
Information,3/25/2022 8:44:55 PM,Microsoft-Windows-Kernel-General,16,None,The access history in hive \??\C:\Users\Hp\AppData\Local\Packages\microsoft.xboxapp_8wekyb3d8bbwe\Settings\settings.dat was cleared updating 2 keys and creating 1 modified pages.
Information,3/25/2022 8:44:55 PM,Microsoft-Windows-Kernel-General,16,None,The access history in hive \??\C:\Users\Hp\AppData\Local\Packages\microsoft.xbox.tcui_8wekyb3d8bbwe\Settings\settings.dat was cleared updating 2 keys and creating 1 modified pages.
Information,3/25/2022 8:44:54 PM,Microsoft-Windows-Kernel-General,16,None,The access history in hive \??\C:\Users\Hp\AppData\Local\Packages\microsoft.windowssoundrecorder_8wekyb3d8bbwe\Settings\settings.dat was cleared updating 2 keys and creating 1 modified pages.
Information,3/25/2022 8:44:54 PM,Microsoft-Windows-Kernel-General,16,None,The access history in hive \??\C:\Users\Hp\AppData\Local\Packages\microsoft.windowsmaps_8wekyb3d8bbwe\Settings\settings.dat was cleared updating 2 keys and creating 1 modified pages.
Information,3/25/2022 8:44:54 PM,Microsoft-Windows-Kernel-General,16,None,The access history in hive \??\C:\Users\Hp\AppData\Local\Packages\microsoft.windowscamera_8wekyb3d8bbwe\Settings\settings.dat was cleared updating 2 keys and creating 1 modified pages.
Information,3/25/2022 8:44:54 PM,Microsoft-Windows-Kernel-General,16,None,The access history in hive \??\C:\Users\Hp\AppData\Local\Packages\microsoft.windowscalculator_8wekyb3d8bbwe\Settings\settings.dat was cleared updating 2 keys and creating 1 modified pages.
Information,3/25/2022 8:44:53 PM,Microsoft-Windows-Kernel-General,16,None,The access history in hive \??\C:\Users\Hp\AppData\Local\Packages\microsoft.windowsalarms_8wekyb3d8bbwe\Settings\settings.dat was cleared updating 2 keys and creating 1 modified pages.
Information,3/25/2022 8:44:53 PM,Microsoft-Windows-Kernel-General,16,None,The access history in hive \??\C:\Users\Hp\AppData\Local\Packages\microsoft.windows.xgpuejectdialog_cw5n1h2txyewy\Settings\settings.dat was cleared updating 2 keys and creating 1 modified pages.
Information,3/25/2022 8:44:53 PM,Microsoft-Windows-Kernel-General,16,None,The access history in hive \??\C:\Users\Hp\AppData\Local\Packages\microsoft.windows.secureassessmentbrowser_cw5n1h2txyewy\Settings\settings.dat was cleared updating 2 keys and creating 1 modified pages.
Information,3/25/2022 8:44:53 PM,Microsoft-Windows-Kernel-General,16,None,The access history in hive \??\C:\Users\Hp\AppData\Local\Packages\microsoft.windows.sechealthui_cw5n1h2txyewy\Settings\settings.dat was cleared updating 2 keys and creating 1 modified pages.
Information,3/25/2022 8:44:53 PM,Microsoft-Windows-Kernel-General,16,None,The access history in hive \??\C:\Users\Hp\AppData\Local\Packages\microsoft.windows.pinningconfirmationdialog_cw5n1h2txyewy\Settings\settings.dat was cleared updating 2 keys and creating 1 modified pages.
Information,3/25/2022 8:44:53 PM,Microsoft-Windows-Kernel-General,16,None,The access history in hive \??\C:\Users\Hp\AppData\Local\Packages\microsoft.windows.peopleexperiencehost_cw5n1h2txyewy\Settings\settings.dat was cleared updating 2 keys and creating 1 modified pages.
Information,3/25/2022 8:44:53 PM,Microsoft-Windows-Kernel-General,16,None,The access history in hive \??\C:\Users\Hp\AppData\Local\Packages\microsoft.windows.parentalcontrols_cw5n1h2txyewy\Settings\settings.dat was cleared updating 2 keys and creating 1 modified pages.
Information,3/25/2022 8:44:53 PM,Microsoft-Windows-Kernel-General,16,None,The access history in hive \??\C:\Users\Hp\AppData\Local\Packages\microsoft.windows.oobenetworkconnectionflow_cw5n1h2txyewy\Settings\settings.dat was cleared updating 2 keys and creating 1 modified pages.
Information,3/25/2022 8:44:53 PM,Microsoft-Windows-Kernel-General,16,None,The access history in hive \??\C:\Users\Hp\AppData\Local\Packages\microsoft.windows.oobenetworkcaptiveportal_cw5n1h2txyewy\Settings\settings.dat was cleared updating 2 keys and creating 1 modified pages.
Information,3/25/2022 8:44:52 PM,Microsoft-Windows-Kernel-General,16,None,The access history in hive \??\C:\Users\Hp\AppData\Local\Packages\microsoft.windows.narratorquickstart_8wekyb3d8bbwe\Settings\settings.dat was cleared updating 2 keys and creating 1 modified pages.
Information,3/25/2022 8:44:52 PM,Microsoft-Windows-Kernel-General,16,None,The access history in hive \??\C:\Users\Hp\AppData\Local\Packages\microsoft.windows.cloudexperiencehost_cw5n1h2txyewy\Settings\settings.dat was cleared updating 2 keys and creating 1 modified pages.
Information,3/25/2022 8:44:52 PM,Microsoft-Windows-Kernel-General,16,None,The access history in hive \??\C:\Users\Hp\AppData\Local\Packages\microsoft.windows.capturepicker_cw5n1h2txyewy\Settings\settings.dat was cleared updating 2 keys and creating 1 modified pages.
Information,3/25/2022 8:44:52 PM,Microsoft-Windows-Kernel-General,16,None,The access history in hive \??\C:\Users\Hp\AppData\Local\Packages\microsoft.windows.callingshellapp_cw5n1h2txyewy\Settings\settings.dat was cleared updating 2 keys and creating 1 modified pages.
Information,3/25/2022 8:44:52 PM,Microsoft-Windows-Kernel-General,16,None,The access history in hive \??\C:\Users\Hp\AppData\Local\Packages\microsoft.windows.assignedaccesslockapp_cw5n1h2txyewy\Settings\settings.dat was cleared updating 2 keys and creating 1 modified pages.
Information,3/25/2022 8:44:52 PM,Microsoft-Windows-Kernel-General,16,None,The access history in hive \??\C:\Users\Hp\AppData\Local\Packages\microsoft.windows.apprep.chxapp_cw5n1h2txyewy\Settings\settings.dat was cleared updating 2 keys and creating 1 modified pages.
Information,3/25/2022 8:44:52 PM,Microsoft-Windows-Kernel-General,16,None,The access history in hive \??\C:\Users\Hp\AppData\Local\Packages\microsoft.win32webviewhost_cw5n1h2txyewy\Settings\settings.dat was cleared updating 2 keys and creating 1 modified pages.
Information,3/25/2022 8:44:52 PM,Microsoft-Windows-Kernel-General,16,None,The access history in hive \??\C:\Users\Hp\AppData\Local\Packages\microsoft.webpimageextension_8wekyb3d8bbwe\Settings\settings.dat was cleared updating 2 keys and creating 1 modified pages.
Information,3/25/2022 8:44:51 PM,Microsoft-Windows-Kernel-General,16,None,The access history in hive \??\C:\Users\Hp\AppData\Local\Packages\microsoft.webmediaextensions_8wekyb3d8bbwe\Settings\settings.dat was cleared updating 2 keys and creating 1 modified pages.
Information,3/25/2022 8:44:51 PM,Microsoft-Windows-Kernel-General,16,None,The access history in hive \??\C:\Users\Hp\AppData\Local\Packages\microsoft.wallet_8wekyb3d8bbwe\Settings\settings.dat was cleared updating 2 keys and creating 1 modified pages.
Information,3/25/2022 8:44:51 PM,Microsoft-Windows-Kernel-General,16,None,The access history in hive \??\C:\Users\Hp\AppData\Local\Packages\microsoft.vp9videoextensions_8wekyb3d8bbwe\Settings\settings.dat was cleared updating 2 keys and creating 1 modified pages.
Information,3/25/2022 8:44:51 PM,Microsoft-Windows-Kernel-General,16,None,The access history in hive \??\C:\Users\Hp\AppData\Local\Packages\microsoft.storepurchaseapp_8wekyb3d8bbwe\Settings\settings.dat was cleared updating 2 keys and creating 1 modified pages.
Information,3/25/2022 8:44:51 PM,Microsoft-Windows-Kernel-General,16,None,The access history in hive \??\C:\Users\Hp\AppData\Local\Packages\microsoft.screensketch_8wekyb3d8bbwe\Settings\settings.dat was cleared updating 2 keys and creating 1 modified pages.
Information,3/25/2022 8:44:51 PM,Microsoft-Windows-Kernel-General,16,None,The access history in hive \??\C:\Users\Hp\AppData\Local\Packages\microsoft.print3d_8wekyb3d8bbwe\Settings\settings.dat was cleared updating 2 keys and creating 1 modified pages.
Information,3/25/2022 8:44:51 PM,Microsoft-Windows-Kernel-General,16,None,The access history in hive \??\C:\Users\Hp\AppData\Local\Packages\microsoft.people_8wekyb3d8bbwe\Settings\settings.dat was cleared updating 2 keys and creating 1 modified pages.
Information,3/25/2022 8:44:51 PM,Microsoft-Windows-Kernel-General,16,None,The access history in hive \??\C:\Users\Hp\AppData\Local\Packages\microsoft.oneconnect_8wekyb3d8bbwe\Settings\settings.dat was cleared updating 2 keys and creating 1 modified pages.
Information,3/25/2022 8:44:51 PM,Microsoft-Windows-Kernel-General,16,None,The access history in hive \??\C:\Users\Hp\AppData\Local\Packages\microsoft.office.onenote_8wekyb3d8bbwe\Settings\settings.dat was cleared updating 2 keys and creating 1 modified pages.
Information,3/25/2022 8:44:51 PM,Microsoft-Windows-Kernel-General,16,None,The access history in hive \??\C:\Users\Hp\AppData\Local\Packages\microsoft.mspaint_8wekyb3d8bbwe\Settings\settings.dat was cleared updating 2 keys and creating 1 modified pages.
Information,3/25/2022 8:44:51 PM,Microsoft-Windows-Kernel-General,16,None,The access history in hive \??\C:\Users\Hp\AppData\Local\Packages\microsoft.mixedreality.portal_8wekyb3d8bbwe\Settings\settings.dat was cleared updating 2 keys and creating 1 modified pages.
Information,3/25/2022 8:44:51 PM,Microsoft-Windows-Kernel-General,16,None,The access history in hive \??\C:\Users\Hp\AppData\Local\Packages\microsoft.microsoftstickynotes_8wekyb3d8bbwe\Settings\settings.dat was cleared updating 2 keys and creating 1 modified pages.
Information,3/25/2022 8:44:50 PM,Microsoft-Windows-Kernel-General,16,None,The access history in hive \??\C:\Users\Hp\AppData\Local\Packages\microsoft.microsoftedge_8wekyb3d8bbwe\Settings\settings.dat was cleared updating 2 keys and creating 1 modified pages.
Information,3/25/2022 8:44:50 PM,Microsoft-Windows-Kernel-General,16,None,The access history in hive \??\C:\Users\Hp\AppData\Local\Packages\microsoft.microsoftedgedevtoolsclient_8wekyb3d8bbwe\Settings\settings.dat was cleared updating 2 keys and creating 1 modified pages.
Information,3/25/2022 8:44:50 PM,Microsoft-Windows-Kernel-General,16,None,The access history in hive \??\C:\Users\Hp\AppData\Local\Packages\microsoft.microsoft3dviewer_8wekyb3d8bbwe\Settings\settings.dat was cleared updating 2 keys and creating 1 modified pages.
Information,3/25/2022 8:44:50 PM,Microsoft-Windows-Kernel-General,16,None,The access history in hive \??\C:\Users\Hp\AppData\Local\Packages\microsoft.messaging_8wekyb3d8bbwe\Settings\settings.dat was cleared updating 2 keys and creating 1 modified pages.
Information,3/25/2022 8:44:50 PM,Microsoft-Windows-Kernel-General,16,None,The access history in hive \??\C:\Users\Hp\AppData\Local\Packages\microsoft.heifimageextension_8wekyb3d8bbwe\Settings\settings.dat was cleared updating 2 keys and creating 1 modified pages.
Information,3/25/2022 8:44:49 PM,Microsoft-Windows-Kernel-General,16,None,The access history in hive \??\C:\Users\Hp\AppData\Local\Packages\microsoft.getstarted_8wekyb3d8bbwe\Settings\settings.dat was cleared updating 2 keys and creating 1 modified pages.
Information,3/25/2022 8:44:49 PM,Microsoft-Windows-Kernel-General,16,None,The access history in hive \??\C:\Users\Hp\AppData\Local\Packages\microsoft.gethelp_8wekyb3d8bbwe\Settings\settings.dat was cleared updating 2 keys and creating 1 modified pages.
Information,3/25/2022 8:44:49 PM,Microsoft-Windows-Kernel-General,16,None,The access history in hive \??\C:\Users\Hp\AppData\Local\Packages\microsoft.ecapp_8wekyb3d8bbwe\Settings\settings.dat was cleared updating 2 keys and creating 1 modified pages.
Information,3/25/2022 8:44:49 PM,Microsoft-Windows-Kernel-General,16,None,The access history in hive \??\C:\Users\Hp\AppData\Local\Packages\microsoft.desktopappinstaller_8wekyb3d8bbwe\Settings\settings.dat was cleared updating 2 keys and creating 1 modified pages.
Information,3/25/2022 8:44:49 PM,Microsoft-Windows-Kernel-General,16,None,The access history in hive \??\C:\Users\Hp\AppData\Local\Packages\microsoft.creddialoghost_cw5n1h2txyewy\Settings\settings.dat was cleared updating 2 keys and creating 1 modified pages.
Information,3/25/2022 8:44:49 PM,Microsoft-Windows-Kernel-General,16,None,The access history in hive \??\C:\Users\Hp\AppData\Local\Packages\microsoft.bioenrollment_cw5n1h2txyewy\Settings\settings.dat was cleared updating 2 keys and creating 1 modified pages.
Information,3/25/2022 8:44:49 PM,Microsoft-Windows-Kernel-General,16,None,The access history in hive \??\C:\Users\Hp\AppData\Local\Packages\microsoft.bingweather_8wekyb3d8bbwe\Settings\settings.dat was cleared updating 2 keys and creating 1 modified pages.
Information,3/25/2022 8:44:49 PM,Microsoft-Windows-Kernel-General,16,None,The access history in hive \??\C:\Users\Hp\AppData\Local\Packages\microsoft.asynctextservice_8wekyb3d8bbwe\Settings\settings.dat was cleared updating 2 keys and creating 1 modified pages.
Information,3/25/2022 8:44:48 PM,Microsoft-Windows-Kernel-General,16,None,The access history in hive \??\C:\Users\Hp\AppData\Local\Packages\microsoft.accountscontrol_cw5n1h2txyewy\Settings\settings.dat was cleared updating 2 keys and creating 1 modified pages.
Information,3/25/2022 8:44:48 PM,Microsoft-Windows-Kernel-General,16,None,The access history in hive \??\C:\Users\Hp\AppData\Local\Packages\microsoft.549981c3f5f10_8wekyb3d8bbwe\Settings\settings.dat was cleared updating 2 keys and creating 1 modified pages.
Information,3/25/2022 8:44:47 PM,Microsoft-Windows-Kernel-General,16,None,The access history in hive \??\C:\Users\Hp\AppData\Local\Packages\f46d4000-fd22-4db4-ac8e-4e1ddde828fe_cw5n1h2txyewy\Settings\settings.dat was cleared updating 2 keys and creating 1 modified pages.
Information,3/25/2022 8:44:47 PM,Microsoft-Windows-Kernel-General,16,None,The access history in hive \??\C:\Users\Hp\AppData\Local\Packages\e2a4f912-2574-4a75-9bb0-0d023378592b_cw5n1h2txyewy\Settings\settings.dat was cleared updating 2 keys and creating 1 modified pages.
Information,3/25/2022 8:44:47 PM,Microsoft-Windows-Kernel-General,16,None,The access history in hive \??\C:\Users\Hp\AppData\Local\Packages\c5e2524a-ea46-4f67-841f-6a9465d9d515_cw5n1h2txyewy\Settings\settings.dat was cleared updating 2 keys and creating 1 modified pages.
Information,3/25/2022 8:44:46 PM,Microsoft-Windows-Kernel-General,16,None,The access history in hive \??\C:\Users\Hp\AppData\Local\Packages\1527c705-839a-4832-9118-54d4bd6a0c89_cw5n1h2txyewy\Settings\settings.dat was cleared updating 2 keys and creating 1 modified pages.
Information,3/25/2022 8:41:20 PM,Microsoft-Windows-WindowsUpdateClient,19,Windows Update Agent,Installation Successful: Windows successfully installed the following update: 9WZDNCRFJ364-MICROSOFT.SKYPEAPP
Information,3/25/2022 8:41:19 PM,Microsoft-Windows-Kernel-General,16,None,The access history in hive \??\C:\Users\Hp\AppData\Local\Packages\Microsoft.SkypeApp_kzf8qxf38zg5c\Settings\settings.dat was cleared updating 2 keys and creating 1 modified pages.
Information,3/25/2022 8:41:19 PM,Microsoft-Windows-WindowsUpdateClient,43,Windows Update Agent,Installation Started: Windows has started installing the following update: 9WZDNCRFJ364-MICROSOFT.SKYPEAPP
Information,3/25/2022 8:41:17 PM,Microsoft-Windows-Kernel-General,16,None,The access history in hive \??\C:\ProgramData\Microsoft\Windows\AppRepository\Packages\Microsoft.SkypeApp_15.82.404.0_x86__kzf8qxf38zg5c\ActivationStore.dat was cleared updating 0 keys and creating 0 modified pages.
Information,3/25/2022 8:41:16 PM,Microsoft-Windows-WindowsUpdateClient,19,Windows Update Agent,Installation Successful: Windows successfully installed the following update: 9WZDNCRFHWD2-Microsoft.MicrosoftSolitaireCollection
Information,3/25/2022 8:41:15 PM,Microsoft-Windows-Kernel-General,16,None,The access history in hive \??\C:\Users\Hp\AppData\Local\Packages\Microsoft.MicrosoftSolitaireCollection_8wekyb3d8bbwe\Settings\settings.dat was cleared updating 2 keys and creating 1 modified pages.
Information,3/25/2022 8:41:15 PM,Microsoft-Windows-WindowsUpdateClient,43,Windows Update Agent,Installation Started: Windows has started installing the following update: 9WZDNCRFHWD2-Microsoft.MicrosoftSolitaireCollection
Information,3/25/2022 8:41:13 PM,Microsoft-Windows-Kernel-General,16,None,The access history in hive \??\C:\ProgramData\Microsoft\Windows\AppRepository\Packages\Microsoft.MicrosoftSolitaireCollection_4.12.3171.0_x64__8wekyb3d8bbwe\ActivationStore.dat was cleared updating 0 keys and creating 0 modified pages.
Information,3/25/2022 8:40:42 PM,Microsoft-Windows-WindowsUpdateClient,19,Windows Update Agent,Installation Successful: Windows successfully installed the following update: 9WZDNCRFJBMP-MICROSOFT.WINDOWSSTORE
Information,3/25/2022 8:40:42 PM,Microsoft-Windows-WindowsUpdateClient,44,Windows Update Agent,Windows Update started downloading an update.
Information,3/25/2022 8:40:40 PM,Microsoft-Windows-WindowsUpdateClient,43,Windows Update Agent,Installation Started: Windows has started installing the following update: 9WZDNCRFJBMP-MICROSOFT.WINDOWSSTORE
Information,3/25/2022 8:40:40 PM,Microsoft-Windows-WindowsUpdateClient,19,Windows Update Agent,Installation Successful: Windows successfully installed the following update: 9NBLGGH4R32N-Microsoft.WindowsFeedbackHub
Information,3/25/2022 8:40:39 PM,Microsoft-Windows-Kernel-General,16,None,The access history in hive \??\C:\Users\Hp\AppData\Local\Packages\Microsoft.WindowsFeedbackHub_8wekyb3d8bbwe\Settings\settings.dat was cleared updating 2 keys and creating 1 modified pages.
Information,3/25/2022 8:40:38 PM,Microsoft-Windows-WindowsUpdateClient,43,Windows Update Agent,Installation Started: Windows has started installing the following update: 9NBLGGH4R32N-Microsoft.WindowsFeedbackHub
Information,3/25/2022 8:40:38 PM,Microsoft-Windows-WindowsUpdateClient,19,Windows Update Agent,Installation Successful: Windows successfully installed the following update: 9P5VK8KZB5QZ-Microsoft.UI.Xaml.2.7
Information,3/25/2022 8:40:37 PM,Microsoft-Windows-Kernel-General,16,None,The access history in hive \??\C:\ProgramData\Microsoft\Windows\AppRepository\Packages\Microsoft.WindowsStore_22203.1401.21.0_x64__8wekyb3d8bbwe\ActivationStore.dat was cleared updating 0 keys and creating 0 modified pages.
Information,3/25/2022 8:40:36 PM,Microsoft-Windows-WindowsUpdateClient,43,Windows Update Agent,Installation Started: Windows has started installing the following update: 9P5VK8KZB5QZ-Microsoft.UI.Xaml.2.7
Information,3/25/2022 8:40:33 PM,Microsoft-Windows-Kernel-General,16,None,The access history in hive \??\C:\ProgramData\Microsoft\Windows\AppRepository\Packages\Microsoft.WindowsFeedbackHub_1.2203.761.0_x64__8wekyb3d8bbwe\ActivationStore.dat was cleared updating 0 keys and creating 0 modified pages.
Information,3/25/2022 8:40:24 PM,Microsoft-Windows-WindowsUpdateClient,44,Windows Update Agent,Windows Update started downloading an update.
Information,3/25/2022 8:40:24 PM,Microsoft-Windows-WindowsUpdateClient,44,Windows Update Agent,Windows Update started downloading an update.
Information,3/25/2022 8:40:24 PM,Microsoft-Windows-WindowsUpdateClient,44,Windows Update Agent,Windows Update started downloading an update.
Information,3/25/2022 8:40:21 PM,Microsoft-Windows-WindowsUpdateClient,44,Windows Update Agent,Windows Update started downloading an update.
Information,3/25/2022 8:40:21 PM,Microsoft-Windows-WindowsUpdateClient,44,Windows Update Agent,Windows Update started downloading an update.
Information,3/25/2022 8:40:17 PM,Microsoft-Windows-Kernel-General,16,None,The access history in hive \??\C:\ProgramData\Microsoft\Windows\AppRepository\Packages\Microsoft.UI.Xaml.2.7_7.2203.17001.0_x86__8wekyb3d8bbwe\ActivationStore.dat was cleared updating 0 keys and creating 0 modified pages.
Information,3/25/2022 8:40:13 PM,Microsoft-Windows-Kernel-General,16,None,The access history in hive \??\C:\ProgramData\Microsoft\Windows\AppRepository\Packages\Microsoft.UI.Xaml.2.7_7.2203.17001.0_x64__8wekyb3d8bbwe\ActivationStore.dat was cleared updating 0 keys and creating 0 modified pages.
Information,3/25/2022 8:40:05 PM,Microsoft-Windows-WindowsUpdateClient,44,Windows Update Agent,Windows Update started downloading an update.
Information,3/25/2022 8:40:05 PM,Microsoft-Windows-WindowsUpdateClient,44,Windows Update Agent,Windows Update started downloading an update.
Information,3/25/2022 8:36:03 PM,Service Control Manager,7040,None,The start type of the Background Intelligent Transfer Service service was changed from auto start to demand start.
Information,3/25/2022 8:35:39 PM,Microsoft-Windows-Kernel-Power,105,(100),Power source change.
Information,3/25/2022 8:34:39 PM,Microsoft-Windows-WindowsUpdateClient,19,Windows Update Agent,Installation Successful: Windows successfully installed the following update: Security Intelligence Update for Microsoft Defender Antivirus - KB2267602 (Version 1.361.759.0)
Information,3/25/2022 8:34:27 PM,Microsoft-Windows-WindowsUpdateClient,43,Windows Update Agent,Installation Started: Windows has started installing the following update: Security Intelligence Update for Microsoft Defender Antivirus - KB2267602 (Version 1.361.759.0)
Information,3/25/2022 8:34:27 PM,Microsoft-Windows-WindowsUpdateClient,44,Windows Update Agent,Windows Update started downloading an update.
Information,3/25/2022 8:33:56 PM,Service Control Manager,7040,None,The start type of the Background Intelligent Transfer Service service was changed from demand start to auto start.
Information,3/25/2022 8:33:51 PM,Microsoft-Windows-Kernel-General,16,None,The access history in hive \??\C:\ProgramData\Packages\Microsoft.XboxGamingOverlay_8wekyb3d8bbwe\S-1-5-21-59471354-1410144394-4117892861-1002\SystemAppData\Helium\Cache\998fdd4c364561f2_COM15.dat was cleared updating 1 keys and creating 1 modified pages.
Warning,3/25/2022 8:33:40 PM,Microsoft-Windows-DistributedCOM,10016,None,"The application-specific permission settings do not grant Local Activation permission for the COM Server application with CLSID
{6B3B8D23-FA8D-40B9-8DBD-B950333E2C52}
 and APPID
{4839DDB7-58C2-48F5-8283-E1D1807D0D7D}
 to the user NT AUTHORITY\LOCAL SERVICE SID (S-1-5-19) from address LocalHost (Using LRPC) running in the application container Unavailable SID (Unavailable). This security permission can be modified using the Component Services administrative tool."
Warning,3/25/2022 8:33:40 PM,Microsoft-Windows-DistributedCOM,10016,None,"The application-specific permission settings do not grant Local Activation permission for the COM Server application with CLSID
{6B3B8D23-FA8D-40B9-8DBD-B950333E2C52}
 and APPID
{4839DDB7-58C2-48F5-8283-E1D1807D0D7D}
 to the user NT AUTHORITY\LOCAL SERVICE SID (S-1-5-19) from address LocalHost (Using LRPC) running in the application container Unavailable SID (Unavailable). This security permission can be modified using the Component Services administrative tool."
Information,3/25/2022 8:33:38 PM,Microsoft-Windows-Winlogon,7001,(1101),User Logon Notification for Customer Experience Improvement Program
Information,3/25/2022 8:33:37 PM,Microsoft-Windows-Power-Troubleshooter,1,None,"The system has returned from a low power state.

Sleep Time: ‎2022‎-‎03‎-‎25T16:50:25.583793900Z
Wake Time: ‎2022‎-‎03‎-‎26T03:33:36.813316000Z

Wake Source: Unknown"
Information,3/25/2022 8:33:36 PM,Microsoft-Windows-Time-Service,37,None,"The time provider NtpClient is currently receiving valid time data from time.windows.com,0x9 (ntp.m|0x9|0.0.0.0:123->40.81.94.65:123)."
Warning,3/25/2022 8:33:35 PM,BTHUSB,34,None,"The local adapter does not support an important Low Energy controller state to support peripheral mode.  The minimum required supported state mask is 0x2491f7fffff, got 0x1fffffff.  Low Energy peripheral role functionality will not be available."
Information,3/25/2022 8:33:35 PM,BTHUSB,18,None,Windows cannot store Bluetooth authentication codes (link keys) on the local adapter. Bluetooth keyboards might not work in the system BIOS during startup.
Information,3/25/2022 8:33:35 PM,Microsoft-Windows-Kernel-Boot,32,(58),The bootmgr spent 0 ms waiting for user input.
Information,3/25/2022 8:33:35 PM,Microsoft-Windows-Kernel-Boot,18,(57),There are 0x1 boot options on this system.
Information,3/25/2022 8:33:35 PM,Microsoft-Windows-Kernel-Boot,27,(33),The boot type was 0x1.
Information,3/25/2022 8:33:35 PM,Microsoft-Windows-Kernel-Boot,25,(32),The boot menu policy was 0x1.
Information,3/25/2022 8:33:35 PM,Microsoft-Windows-Kernel-Boot,30,(21),The firmware reported boot metrics.
Warning,3/25/2022 8:33:35 PM,Microsoft-Windows-Time-Service,134,None,"NtpClient was unable to set a manual peer to use as a time source because of DNS resolution error on 'time.windows.com,0x9'. NtpClient will try again in 15 minutes and double the reattempt interval thereafter. The error was: No such host is known. (0x80072AF9)"
Information,3/25/2022 8:33:33 PM,Microsoft-Windows-Kernel-General,1,(5),"The system time has changed to ‎2022‎-‎03‎-‎26T03:33:33.500000000Z from ‎2022‎-‎03‎-‎25T16:50:30.856856300Z.

Change Reason: System time synchronized with the hardware clock.
Process: '' (PID 4)."
Information,3/25/2022 8:33:34 PM,EventLog,6013,None,The system uptime is 1023556 seconds.
Information,3/25/2022 9:50:30 AM,Microsoft-Windows-Kernel-Power,107,(102),The system has resumed from sleep.
Information,3/25/2022 9:50:28 AM,Microsoft-Windows-Kernel-Power,42,(64),"The system is entering sleep.

Sleep Reason: Application API"
Information,3/25/2022 9:50:25 AM,Microsoft-Windows-Kernel-Power,187,(243),User-mode process attempted to change the system state by calling SetSuspendState or SetSystemPowerState APIs.
Information,3/25/2022 9:50:25 AM,Microsoft-Windows-Winlogon,7002,(1102),User Logoff Notification for Customer Experience Improvement Program
Warning,3/25/2022 9:27:07 AM,Microsoft-Windows-DNS-Client,1014,(1014),Name resolution for the name history.google.com timed out after none of the configured DNS servers responded.
Warning,3/25/2022 9:11:37 AM,Microsoft-Windows-Kernel-Processor-Power,37,(7),The speed of processor 2 in group 0 is being limited by system firmware. The processor has been in this reduced performance state for 583773 seconds since the last report.
Warning,3/25/2022 9:11:37 AM,Microsoft-Windows-Kernel-Processor-Power,37,(7),The speed of processor 1 in group 0 is being limited by system firmware. The processor has been in this reduced performance state for 583772 seconds since the last report.
Warning,3/25/2022 9:11:37 AM,Microsoft-Windows-Kernel-Processor-Power,37,(7),The speed of processor 3 in group 0 is being limited by system firmware. The processor has been in this reduced performance state for 583773 seconds since the last report.
Warning,3/25/2022 9:11:37 AM,Microsoft-Windows-Kernel-Processor-Power,37,(7),The speed of processor 0 in group 0 is being limited by system firmware. The processor has been in this reduced performance state for 583772 seconds since the last report.
Information,3/25/2022 8:50:16 AM,NETwNb64,5060,None,"The description for Event ID 5060 from source NETwNb64 cannot be found. Either the component that raises this event is not installed on your local computer or the installation is corrupted. You can install or repair the component on the local computer.

If the event originated on another computer, the display information had to be saved with the event.

The following information was included with the event:

\Device\NDMP89
Intel(R) Dual Band Wireless-AC 7260

The specified resource type cannot be found in the image file
"
Warning,3/25/2022 8:49:35 AM,Microsoft-Windows-DNS-Client,1014,(1014),Name resolution for the name beacons.gcp.gvt2.com timed out after none of the configured DNS servers responded.
Information,3/25/2022 8:35:35 AM,NETwNb64,7001,None,"The description for Event ID 7001 from source NETwNb64 cannot be found. Either the component that raises this event is not installed on your local computer or the installation is corrupted. You can install or repair the component on the local computer.

If the event originated on another computer, the display information had to be saved with the event.

The following information was included with the event:

\Device\NDMP89
Intel(R) Dual Band Wireless-AC 7260

The specified resource type cannot be found in the image file
"
Information,3/25/2022 8:35:35 AM,NETwNb64,7001,None,"The description for Event ID 7001 from source NETwNb64 cannot be found. Either the component that raises this event is not installed on your local computer or the installation is corrupted. You can install or repair the component on the local computer.

If the event originated on another computer, the display information had to be saved with the event.

The following information was included with the event:

\Device\NDMP89
Intel(R) Dual Band Wireless-AC 7260

The specified resource type cannot be found in the image file
"
Information,3/25/2022 8:35:35 AM,NETwNb64,7036,None,The \Device\NDMP89 service entered the Intel(R) Dual Band Wireless-AC 7260 state.
Information,3/25/2022 8:35:34 AM,NETwNb64,8000,None,"The description for Event ID 8000 from source NETwNb64 cannot be found. Either the component that raises this event is not installed on your local computer or the installation is corrupted. You can install or repair the component on the local computer.

If the event originated on another computer, the display information had to be saved with the event.

The following information was included with the event:

\Device\NDMP86
Intel(R) Dual Band Wireless-AC 7260

The specified resource type cannot be found in the image file
"
Warning,3/25/2022 8:35:33 AM,Microsoft-Windows-WLAN-AutoConfig,4003,None,"WLAN AutoConfig detected limited connectivity, attempting automatic recovery.

Recovery Type: 4
Error Code: 0x0
Trigger Reason: 7
IP Family: 0
"
Warning,3/25/2022 8:34:50 AM,Microsoft-Windows-DNS-Client,1014,(1014),Name resolution for the name rr2---sn-ug5onfvgaq-3ips.googlevideo.com timed out after none of the configured DNS servers responded.
Information,3/25/2022 8:15:08 AM,NETwNb64,7001,None,"The description for Event ID 7001 from source NETwNb64 cannot be found. Either the component that raises this event is not installed on your local computer or the installation is corrupted. You can install or repair the component on the local computer.

If the event originated on another computer, the display information had to be saved with the event.

The following information was included with the event:

\Device\NDMP86
Intel(R) Dual Band Wireless-AC 7260

The specified resource type cannot be found in the image file
"
Information,3/25/2022 8:15:08 AM,NETwNb64,7001,None,"The description for Event ID 7001 from source NETwNb64 cannot be found. Either the component that raises this event is not installed on your local computer or the installation is corrupted. You can install or repair the component on the local computer.

If the event originated on another computer, the display information had to be saved with the event.

The following information was included with the event:

\Device\NDMP86
Intel(R) Dual Band Wireless-AC 7260

The specified resource type cannot be found in the image file
"
Information,3/25/2022 8:15:07 AM,NETwNb64,7036,None,The \Device\NDMP86 service entered the Intel(R) Dual Band Wireless-AC 7260 state.
Information,3/25/2022 8:15:07 AM,NETwNb64,8000,None,"The description for Event ID 8000 from source NETwNb64 cannot be found. Either the component that raises this event is not installed on your local computer or the installation is corrupted. You can install or repair the component on the local computer.

If the event originated on another computer, the display information had to be saved with the event.

The following information was included with the event:

\Device\NDMP83
Intel(R) Dual Band Wireless-AC 7260

The specified resource type cannot be found in the image file
"
Warning,3/25/2022 8:15:06 AM,Microsoft-Windows-WLAN-AutoConfig,4003,None,"WLAN AutoConfig detected limited connectivity, attempting automatic recovery.

Recovery Type: 4
Error Code: 0x0
Trigger Reason: 7
IP Family: 0
"
Warning,3/25/2022 8:15:00 AM,Microsoft-Windows-DNS-Client,1014,(1014),Name resolution for the name beacons.gcp.gvt2.com timed out after none of the configured DNS servers responded.
Information,3/25/2022 8:12:04 AM,Microsoft-Windows-Kernel-General,16,None,The access history in hive \??\C:\Users\Hp\AppData\Local\Packages\Microsoft.MicrosoftEdge.Stable_8wekyb3d8bbwe\Settings\settings.dat was cleared updating 2 keys and creating 1 modified pages.
Warning,3/25/2022 8:11:50 AM,Microsoft-Windows-DistributedCOM,10016,None,"The application-specific permission settings do not grant Local Activation permission for the COM Server application with CLSID
{2593F8B9-4EAF-457C-B68A-50F6B8EA6B54}
 and APPID
{15C20B67-12E7-4BB6-92BB-7AFF07997402}
 to the user DESKTOP-D57JJ0U\Hp SID (S-1-5-21-59471354-1410144394-4117892861-1002) from address LocalHost (Using LRPC) running in the application container Unavailable SID (Unavailable). This security permission can be modified using the Component Services administrative tool."
Warning,3/25/2022 8:09:58 AM,Microsoft-Windows-DistributedCOM,10016,None,"The application-specific permission settings do not grant Local Activation permission for the COM Server application with CLSID
{6B3B8D23-FA8D-40B9-8DBD-B950333E2C52}
 and APPID
{4839DDB7-58C2-48F5-8283-E1D1807D0D7D}
 to the user NT AUTHORITY\LOCAL SERVICE SID (S-1-5-19) from address LocalHost (Using LRPC) running in the application container Unavailable SID (Unavailable). This security permission can be modified using the Component Services administrative tool."
Warning,3/25/2022 8:09:58 AM,Microsoft-Windows-DistributedCOM,10016,None,"The application-specific permission settings do not grant Local Activation permission for the COM Server application with CLSID
{6B3B8D23-FA8D-40B9-8DBD-B950333E2C52}
 and APPID
{4839DDB7-58C2-48F5-8283-E1D1807D0D7D}
 to the user NT AUTHORITY\LOCAL SERVICE SID (S-1-5-19) from address LocalHost (Using LRPC) running in the application container Unavailable SID (Unavailable). This security permission can be modified using the Component Services administrative tool."
Information,3/25/2022 8:09:56 AM,Microsoft-Windows-Power-Troubleshooter,1,None,"The system has returned from a low power state.

Sleep Time: ‎2022‎-‎03‎-‎25T10:28:13.509521500Z
Wake Time: ‎2022‎-‎03‎-‎25T15:09:55.793300500Z

Wake Source: Unknown"
Information,3/25/2022 8:09:56 AM,Microsoft-Windows-Winlogon,7001,(1101),User Logon Notification for Customer Experience Improvement Program
Information,3/25/2022 8:09:55 AM,Microsoft-Windows-Time-Service,37,None,"The time provider NtpClient is currently receiving valid time data from time.windows.com,0x9 (ntp.m|0x9|0.0.0.0:123->40.81.94.65:123)."
Warning,3/25/2022 8:09:54 AM,BTHUSB,34,None,"The local adapter does not support an important Low Energy controller state to support peripheral mode.  The minimum required supported state mask is 0x2491f7fffff, got 0x1fffffff.  Low Energy peripheral role functionality will not be available."
Information,3/25/2022 8:09:54 AM,BTHUSB,18,None,Windows cannot store Bluetooth authentication codes (link keys) on the local adapter. Bluetooth keyboards might not work in the system BIOS during startup.
Information,3/25/2022 8:09:54 AM,Microsoft-Windows-Kernel-Boot,32,(58),The bootmgr spent 0 ms waiting for user input.
Information,3/25/2022 8:09:54 AM,Microsoft-Windows-Kernel-Boot,18,(57),There are 0x1 boot options on this system.
Information,3/25/2022 8:09:54 AM,Microsoft-Windows-Kernel-Boot,27,(33),The boot type was 0x1.
Information,3/25/2022 8:09:54 AM,Microsoft-Windows-Kernel-Boot,25,(32),The boot menu policy was 0x1.
Information,3/25/2022 8:09:54 AM,Microsoft-Windows-Kernel-Boot,30,(21),The firmware reported boot metrics.
Warning,3/25/2022 8:09:54 AM,Microsoft-Windows-Time-Service,134,None,"NtpClient was unable to set a manual peer to use as a time source because of DNS resolution error on 'time.windows.com,0x9'. NtpClient will try again in 15 minutes and double the reattempt interval thereafter. The error was: No such host is known. (0x80072AF9)"
Information,3/25/2022 8:09:52 AM,Microsoft-Windows-Kernel-General,1,(5),"The system time has changed to ‎2022‎-‎03‎-‎25T15:09:52.500000000Z from ‎2022‎-‎03‎-‎25T10:28:18.864073200Z.

Change Reason: System time synchronized with the hardware clock.
Process: '' (PID 4)."
Information,3/25/2022 3:28:18 AM,Microsoft-Windows-Kernel-Power,107,(102),The system has resumed from sleep.
Information,3/25/2022 3:28:15 AM,Microsoft-Windows-Kernel-Power,42,(64),"The system is entering sleep.

Sleep Reason: Application API"
Information,3/25/2022 3:28:13 AM,Microsoft-Windows-Kernel-Power,187,(243),User-mode process attempted to change the system state by calling SetSuspendState or SetSystemPowerState APIs.
Information,3/25/2022 3:28:12 AM,Microsoft-Windows-Winlogon,7002,(1102),User Logoff Notification for Customer Experience Improvement Program
Warning,3/25/2022 2:34:37 AM,Microsoft-Windows-DNS-Client,1014,(1014),Name resolution for the name id.google.com timed out after none of the configured DNS servers responded.
Warning,3/25/2022 2:24:44 AM,Microsoft-Windows-DistributedCOM,10016,None,"The application-specific permission settings do not grant Local Activation permission for the COM Server application with CLSID
{2593F8B9-4EAF-457C-B68A-50F6B8EA6B54}
 and APPID
{15C20B67-12E7-4BB6-92BB-7AFF07997402}
 to the user DESKTOP-D57JJ0U\Hp SID (S-1-5-21-59471354-1410144394-4117892861-1002) from address LocalHost (Using LRPC) running in the application container Unavailable SID (Unavailable). This security permission can be modified using the Component Services administrative tool."
Information,3/25/2022 2:21:47 AM,Service Control Manager,7040,None,The start type of the Background Intelligent Transfer Service service was changed from auto start to demand start.
Information,3/25/2022 2:20:55 AM,Microsoft-Windows-Kernel-General,16,None,The access history in hive \??\C:\ProgramData\Packages\Microsoft.SkypeApp_kzf8qxf38zg5c\S-1-5-21-59471354-1410144394-4117892861-1002\SystemAppData\Helium\Cache\92c520cbb040373a_COM15.dat was cleared updating 1 keys and creating 1 modified pages.
Information,3/25/2022 2:20:55 AM,Microsoft-Windows-Kernel-General,16,None,The access history in hive \??\C:\Users\Hp\AppData\Local\Packages\Microsoft.SkypeApp_kzf8qxf38zg5c\SystemAppData\Helium\UserClasses.dat was cleared updating 2 keys and creating 1 modified pages.
Information,3/25/2022 2:20:55 AM,Microsoft-Windows-Kernel-General,16,None,The access history in hive \??\C:\Users\Hp\AppData\Local\Packages\Microsoft.SkypeApp_kzf8qxf38zg5c\SystemAppData\Helium\User.dat was cleared updating 1 keys and creating 1 modified pages.
Information,3/25/2022 2:19:31 AM,Service Control Manager,7040,None,The start type of the Background Intelligent Transfer Service service was changed from demand start to auto start.
Warning,3/25/2022 2:18:28 AM,Microsoft-Windows-DistributedCOM,10016,None,"The application-specific permission settings do not grant Local Activation permission for the COM Server application with CLSID
{2593F8B9-4EAF-457C-B68A-50F6B8EA6B54}
 and APPID
{15C20B67-12E7-4BB6-92BB-7AFF07997402}
 to the user DESKTOP-D57JJ0U\Hp SID (S-1-5-21-59471354-1410144394-4117892861-1002) from address LocalHost (Using LRPC) running in the application container Unavailable SID (Unavailable). This security permission can be modified using the Component Services administrative tool."
Warning,3/25/2022 2:18:09 AM,Microsoft-Windows-DistributedCOM,10016,None,"The application-specific permission settings do not grant Local Activation permission for the COM Server application with CLSID
{6B3B8D23-FA8D-40B9-8DBD-B950333E2C52}
 and APPID
{4839DDB7-58C2-48F5-8283-E1D1807D0D7D}
 to the user NT AUTHORITY\LOCAL SERVICE SID (S-1-5-19) from address LocalHost (Using LRPC) running in the application container Unavailable SID (Unavailable). This security permission can be modified using the Component Services administrative tool."
Warning,3/25/2022 2:18:09 AM,Microsoft-Windows-DistributedCOM,10016,None,"The application-specific permission settings do not grant Local Activation permission for the COM Server application with CLSID
{6B3B8D23-FA8D-40B9-8DBD-B950333E2C52}
 and APPID
{4839DDB7-58C2-48F5-8283-E1D1807D0D7D}
 to the user NT AUTHORITY\LOCAL SERVICE SID (S-1-5-19) from address LocalHost (Using LRPC) running in the application container Unavailable SID (Unavailable). This security permission can be modified using the Component Services administrative tool."
Information,3/25/2022 2:18:07 AM,Microsoft-Windows-Winlogon,7001,(1101),User Logon Notification for Customer Experience Improvement Program
Information,3/25/2022 2:18:07 AM,Microsoft-Windows-Power-Troubleshooter,1,None,"The system has returned from a low power state.

Sleep Time: ‎2022‎-‎03‎-‎25T09:16:23.736782800Z
Wake Time: ‎2022‎-‎03‎-‎25T09:18:06.190593300Z

Wake Source: Unknown"
Information,3/25/2022 2:18:04 AM,Microsoft-Windows-Kernel-Boot,32,(58),The bootmgr spent 0 ms waiting for user input.
Information,3/25/2022 2:18:04 AM,Microsoft-Windows-Kernel-Boot,18,(57),There are 0x1 boot options on this system.
Information,3/25/2022 2:18:04 AM,Microsoft-Windows-Kernel-Boot,27,(33),The boot type was 0x1.
Information,3/25/2022 2:18:04 AM,Microsoft-Windows-Kernel-Boot,25,(32),The boot menu policy was 0x1.
Information,3/25/2022 2:18:04 AM,Microsoft-Windows-Kernel-Boot,30,(21),The firmware reported boot metrics.
Warning,3/25/2022 2:18:04 AM,BTHUSB,34,None,"The local adapter does not support an important Low Energy controller state to support peripheral mode.  The minimum required supported state mask is 0x2491f7fffff, got 0x1fffffff.  Low Energy peripheral role functionality will not be available."
Information,3/25/2022 2:18:04 AM,BTHUSB,18,None,Windows cannot store Bluetooth authentication codes (link keys) on the local adapter. Bluetooth keyboards might not work in the system BIOS during startup.
Information,3/25/2022 2:18:02 AM,Microsoft-Windows-Kernel-General,1,(5),"The system time has changed to ‎2022‎-‎03‎-‎25T09:18:02.500000000Z from ‎2022‎-‎03‎-‎25T09:16:29.403598300Z.

Change Reason: System time synchronized with the hardware clock.
Process: '' (PID 4)."
Information,3/25/2022 2:16:29 AM,Microsoft-Windows-Kernel-Power,107,(102),The system has resumed from sleep.
