Information,3/16/2022 4:20:48 AM,Service Control Manager,7040,None,The start type of the Background Intelligent Transfer Service service was changed from demand start to auto start.
Warning,3/16/2022 4:19:48 AM,Microsoft-Windows-DistributedCOM,10016,None,"The application-specific permission settings do not grant Local Activation permission for the COM Server application with CLSID
{2593F8B9-4EAF-457C-B68A-50F6B8EA6B54}
 and APPID
{15C20B67-12E7-4BB6-92BB-7AFF07997402}
 to the user DESKTOP-D57JJ0U\Hp SID (S-1-5-21-59471354-1410144394-4117892861-1002) from address LocalHost (Using LRPC) running in the application container Unavailable SID (Unavailable). This security permission can be modified using the Component Services administrative tool."
Information,3/16/2022 4:18:27 AM,Microsoft-Windows-Ntfs,98,None,Volume ?? (\Device\HarddiskVolumeShadowCopy3) is healthy.  No action is needed.
Warning,3/16/2022 4:10:56 AM,Microsoft-Windows-DistributedCOM,10016,None,"The application-specific permission settings do not grant Local Activation permission for the COM Server application with CLSID
{2593F8B9-4EAF-457C-B68A-50F6B8EA6B54}
 and APPID
{15C20B67-12E7-4BB6-92BB-7AFF07997402}
 to the user DESKTOP-D57JJ0U\Hp SID (S-1-5-21-59471354-1410144394-4117892861-1002) from address LocalHost (Using LRPC) running in the application container Unavailable SID (Unavailable). This security permission can be modified using the Component Services administrative tool."
Warning,3/16/2022 4:08:36 AM,Microsoft-Windows-DistributedCOM,10016,None,"The application-specific permission settings do not grant Local Activation permission for the COM Server application with CLSID
{2593F8B9-4EAF-457C-B68A-50F6B8EA6B54}
 and APPID
{15C20B67-12E7-4BB6-92BB-7AFF07997402}
 to the user DESKTOP-D57JJ0U\Hp SID (S-1-5-21-59471354-1410144394-4117892861-1002) from address LocalHost (Using LRPC) running in the application container Unavailable SID (Unavailable). This security permission can be modified using the Component Services administrative tool."
Information,3/16/2022 4:01:54 AM,Service Control Manager,7040,None,The start type of the Background Intelligent Transfer Service service was changed from auto start to demand start.
Information,3/16/2022 3:59:01 AM,Service Control Manager,7040,None,The start type of the Background Intelligent Transfer Service service was changed from demand start to auto start.
Warning,3/16/2022 3:51:50 AM,Microsoft-Windows-DistributedCOM,10016,None,"The application-specific permission settings do not grant Local Activation permission for the COM Server application with CLSID
{6B3B8D23-FA8D-40B9-8DBD-B950333E2C52}
 and APPID
{4839DDB7-58C2-48F5-8283-E1D1807D0D7D}
 to the user NT AUTHORITY\LOCAL SERVICE SID (S-1-5-19) from address LocalHost (Using LRPC) running in the application container Unavailable SID (Unavailable). This security permission can be modified using the Component Services administrative tool."
Warning,3/16/2022 3:51:50 AM,Microsoft-Windows-DistributedCOM,10016,None,"The application-specific permission settings do not grant Local Activation permission for the COM Server application with CLSID
{6B3B8D23-FA8D-40B9-8DBD-B950333E2C52}
 and APPID
{4839DDB7-58C2-48F5-8283-E1D1807D0D7D}
 to the user NT AUTHORITY\LOCAL SERVICE SID (S-1-5-19) from address LocalHost (Using LRPC) running in the application container Unavailable SID (Unavailable). This security permission can be modified using the Component Services administrative tool."
Information,3/16/2022 3:51:47 AM,Microsoft-Windows-Winlogon,7001,(1101),User Logon Notification for Customer Experience Improvement Program
Information,3/16/2022 3:51:47 AM,Microsoft-Windows-Power-Troubleshooter,1,None,"The system has returned from a low power state.

Sleep Time: ‎2022‎-‎03‎-‎16T04:31:46.077412800Z
Wake Time: ‎2022‎-‎03‎-‎16T10:51:46.255999900Z

Wake Source: Unknown"
Information,3/16/2022 3:51:44 AM,Microsoft-Windows-Kernel-Boot,32,(58),The bootmgr spent 0 ms waiting for user input.
Information,3/16/2022 3:51:44 AM,Microsoft-Windows-Kernel-Boot,18,(57),There are 0x1 boot options on this system.
Information,3/16/2022 3:51:44 AM,Microsoft-Windows-Kernel-Boot,27,(33),The boot type was 0x1.
Information,3/16/2022 3:51:44 AM,Microsoft-Windows-Kernel-Boot,25,(32),The boot menu policy was 0x1.
Information,3/16/2022 3:51:44 AM,Microsoft-Windows-Kernel-Boot,30,(21),The firmware reported boot metrics.
Warning,3/16/2022 3:51:44 AM,BTHUSB,34,None,"The local adapter does not support an important Low Energy controller state to support peripheral mode.  The minimum required supported state mask is 0x2491f7fffff, got 0x1fffffff.  Low Energy peripheral role functionality will not be available."
Information,3/16/2022 3:51:44 AM,BTHUSB,18,None,Windows cannot store Bluetooth authentication codes (link keys) on the local adapter. Bluetooth keyboards might not work in the system BIOS during startup.
Error,3/16/2022 3:51:43 AM,disk,11,None,The driver detected a controller error on \Device\Harddisk2\DR2.
Information,3/16/2022 3:51:42 AM,Microsoft-Windows-Kernel-General,1,(5),"The system time has changed to ‎2022‎-‎03‎-‎16T10:51:42.500000000Z from ‎2022‎-‎03‎-‎16T04:31:52.395629200Z.

Change Reason: System time synchronized with the hardware clock.
Process: '' (PID 4)."
Information,3/15/2022 9:31:52 PM,Microsoft-Windows-Kernel-Power,107,(102),The system has resumed from sleep.
Error,3/15/2022 9:31:52 PM,disk,11,None,The driver detected a controller error on \Device\Harddisk2\DR2.
Error,3/15/2022 9:31:51 PM,disk,11,None,The driver detected a controller error on \Device\Harddisk2\DR2.
Error,3/15/2022 9:31:51 PM,disk,11,None,The driver detected a controller error on \Device\Harddisk2\DR2.
Error,3/15/2022 9:31:51 PM,disk,11,None,The driver detected a controller error on \Device\Harddisk2\DR2.
Error,3/15/2022 9:31:51 PM,disk,11,None,The driver detected a controller error on \Device\Harddisk2\DR2.
Information,3/15/2022 9:31:49 PM,Microsoft-Windows-Kernel-Power,42,(64),"The system is entering sleep.

Sleep Reason: Application API"
Information,3/15/2022 9:31:46 PM,Microsoft-Windows-Kernel-Power,187,(243),User-mode process attempted to change the system state by calling SetSuspendState or SetSystemPowerState APIs.
Information,3/15/2022 9:31:45 PM,Microsoft-Windows-Kernel-Power,105,(100),Power source change.
Information,3/15/2022 9:31:45 PM,Microsoft-Windows-Winlogon,7002,(1102),User Logoff Notification for Customer Experience Improvement Program
Information,3/15/2022 9:22:33 PM,Microsoft-Windows-UserPnp,20003,(7005),Driver Management has concluded the process to add Service WUDFWpdFs for Device Instance ID SWD\WPDBUSENUM\_??_USBSTOR#DISK&VEN_GENERAL&PROD_USB_FLASH_DISK&REV_2.00#54137D2955702396&0#{53F56307-B6BF-11D0-94F2-00A0C91EFB8B} with the following status: 0.
Information,3/15/2022 9:22:33 PM,Microsoft-Windows-DriverFrameworks-UserMode,10100,Installation or update of device drivers.,The driver package installation has succeeded.
Information,3/15/2022 9:22:33 PM,Microsoft-Windows-DriverFrameworks-UserMode,10002,Installation or update of device drivers.,The UMDF service WpdFs (CLSID {112de495-ac4c-46f8-b663-6a4266c53313}) was upgraded.  It requires framework version 2.31.0 or higher.
Information,3/15/2022 9:22:33 PM,Microsoft-Windows-DriverFrameworks-UserMode,10000,Installation or update of device drivers.,A driver package which uses user-mode driver framework version 2.31.0 is being installed on device SWD\WPDBUSENUM\_??_USBSTOR#DISK&VEN_GENERAL&PROD_USB_FLASH_DISK&REV_2.00#54137D2955702396&0#{53F56307-B6BF-11D0-94F2-00A0C91EFB8B}.
Information,3/15/2022 9:22:33 PM,Microsoft-Windows-WPDClassInstaller,24579,Driver Post-Install Configuration,Autoplay registration was skipped for device %1.
Information,3/15/2022 9:22:33 PM,Microsoft-Windows-WPDClassInstaller,24577,Driver Post-Install Configuration,"Media player and imaging program compatibility layers were successfully registered for device %1. Layer bits %2 were requested, layer bits %3 were registered."
Information,3/15/2022 9:22:33 PM,Microsoft-Windows-WPDClassInstaller,24576,Driver Installation,Drivers were successfully installed for device WPD Device.
Warning,3/15/2022 9:11:17 PM,Microsoft-Windows-DistributedCOM,10016,None,"The application-specific permission settings do not grant Local Activation permission for the COM Server application with CLSID
{2593F8B9-4EAF-457C-B68A-50F6B8EA6B54}
 and APPID
{15C20B67-12E7-4BB6-92BB-7AFF07997402}
 to the user DESKTOP-D57JJ0U\Hp SID (S-1-5-21-59471354-1410144394-4117892861-1002) from address LocalHost (Using LRPC) running in the application container Unavailable SID (Unavailable). This security permission can be modified using the Component Services administrative tool."
Information,3/15/2022 9:08:57 PM,Service Control Manager,7040,None,The start type of the Background Intelligent Transfer Service service was changed from auto start to demand start.
Information,3/15/2022 9:06:02 PM,Service Control Manager,7040,None,The start type of the Background Intelligent Transfer Service service was changed from demand start to auto start.
Warning,3/15/2022 9:04:57 PM,Microsoft-Windows-DistributedCOM,10016,None,"The application-specific permission settings do not grant Local Activation permission for the COM Server application with CLSID
{2593F8B9-4EAF-457C-B68A-50F6B8EA6B54}
 and APPID
{15C20B67-12E7-4BB6-92BB-7AFF07997402}
 to the user DESKTOP-D57JJ0U\Hp SID (S-1-5-21-59471354-1410144394-4117892861-1002) from address LocalHost (Using LRPC) running in the application container Unavailable SID (Unavailable). This security permission can be modified using the Component Services administrative tool."
Information,3/15/2022 9:04:08 PM,Microsoft-Windows-Kernel-Power,105,(100),Power source change.
Warning,3/15/2022 9:04:04 PM,Microsoft-Windows-DistributedCOM,10016,None,"The application-specific permission settings do not grant Local Activation permission for the COM Server application with CLSID
{6B3B8D23-FA8D-40B9-8DBD-B950333E2C52}
 and APPID
{4839DDB7-58C2-48F5-8283-E1D1807D0D7D}
 to the user NT AUTHORITY\LOCAL SERVICE SID (S-1-5-19) from address LocalHost (Using LRPC) running in the application container Unavailable SID (Unavailable). This security permission can be modified using the Component Services administrative tool."
Warning,3/15/2022 9:04:04 PM,Microsoft-Windows-DistributedCOM,10016,None,"The application-specific permission settings do not grant Local Activation permission for the COM Server application with CLSID
{6B3B8D23-FA8D-40B9-8DBD-B950333E2C52}
 and APPID
{4839DDB7-58C2-48F5-8283-E1D1807D0D7D}
 to the user NT AUTHORITY\LOCAL SERVICE SID (S-1-5-19) from address LocalHost (Using LRPC) running in the application container Unavailable SID (Unavailable). This security permission can be modified using the Component Services administrative tool."
Information,3/15/2022 9:04:01 PM,Microsoft-Windows-Winlogon,7001,(1101),User Logon Notification for Customer Experience Improvement Program
Information,3/15/2022 9:04:00 PM,Microsoft-Windows-Power-Troubleshooter,1,None,"The system has returned from a low power state.

Sleep Time: ‎2022‎-‎03‎-‎15T17:04:53.475578400Z
Wake Time: ‎2022‎-‎03‎-‎16T04:03:59.815267400Z

Wake Source: Unknown"
Information,3/15/2022 9:03:59 PM,Microsoft-Windows-Time-Service,37,None,"The time provider NtpClient is currently receiving valid time data from time.windows.com,0x9 (ntp.m|0x9|0.0.0.0:123->40.81.94.65:123)."
Warning,3/15/2022 9:03:58 PM,BTHUSB,34,None,"The local adapter does not support an important Low Energy controller state to support peripheral mode.  The minimum required supported state mask is 0x2491f7fffff, got 0x1fffffff.  Low Energy peripheral role functionality will not be available."
Information,3/15/2022 9:03:58 PM,BTHUSB,18,None,Windows cannot store Bluetooth authentication codes (link keys) on the local adapter. Bluetooth keyboards might not work in the system BIOS during startup.
Information,3/15/2022 9:03:58 PM,Microsoft-Windows-Kernel-Boot,32,(58),The bootmgr spent 0 ms waiting for user input.
Information,3/15/2022 9:03:58 PM,Microsoft-Windows-Kernel-Boot,18,(57),There are 0x1 boot options on this system.
Information,3/15/2022 9:03:58 PM,Microsoft-Windows-Kernel-Boot,27,(33),The boot type was 0x1.
Information,3/15/2022 9:03:58 PM,Microsoft-Windows-Kernel-Boot,25,(32),The boot menu policy was 0x1.
Information,3/15/2022 9:03:58 PM,Microsoft-Windows-Kernel-Boot,30,(21),The firmware reported boot metrics.
Warning,3/15/2022 9:03:58 PM,Microsoft-Windows-Time-Service,134,None,"NtpClient was unable to set a manual peer to use as a time source because of DNS resolution error on 'time.windows.com,0x9'. NtpClient will try again in 15 minutes and double the reattempt interval thereafter. The error was: No such host is known. (0x80072AF9)"
Information,3/15/2022 9:03:56 PM,Microsoft-Windows-Kernel-General,1,(5),"The system time has changed to ‎2022‎-‎03‎-‎16T04:03:56.500000000Z from ‎2022‎-‎03‎-‎15T17:04:58.609781400Z.

Change Reason: System time synchronized with the hardware clock.
Process: '' (PID 4)."
Information,3/15/2022 9:03:57 PM,EventLog,6013,None,The system uptime is 161380 seconds.
Information,3/15/2022 10:04:58 AM,Microsoft-Windows-Kernel-Power,107,(102),The system has resumed from sleep.
Information,3/15/2022 10:04:56 AM,Microsoft-Windows-Kernel-Power,42,(64),"The system is entering sleep.

Sleep Reason: Application API"
Information,3/15/2022 10:04:53 AM,Microsoft-Windows-Kernel-Power,187,(243),User-mode process attempted to change the system state by calling SetSuspendState or SetSystemPowerState APIs.
Information,3/15/2022 10:04:52 AM,Microsoft-Windows-Winlogon,7002,(1102),User Logoff Notification for Customer Experience Improvement Program
Warning,3/15/2022 10:01:13 AM,Microsoft-Windows-DNS-Client,1014,(1014),Name resolution for the name i.ytimg.com timed out after none of the configured DNS servers responded.
Information,3/15/2022 9:57:58 AM,Service Control Manager,7040,None,The start type of the Background Intelligent Transfer Service service was changed from auto start to demand start.
Warning,3/15/2022 9:56:41 AM,Microsoft-Windows-DNS-Client,1014,(1014),Name resolution for the name rr5---sn-4wg7ln7e.googlevideo.com timed out after none of the configured DNS servers responded.
Information,3/15/2022 9:55:45 AM,Service Control Manager,7040,None,The start type of the Background Intelligent Transfer Service service was changed from demand start to auto start.
Warning,3/15/2022 9:54:44 AM,Microsoft-Windows-DistributedCOM,10016,None,"The application-specific permission settings do not grant Local Activation permission for the COM Server application with CLSID
{2593F8B9-4EAF-457C-B68A-50F6B8EA6B54}
 and APPID
{15C20B67-12E7-4BB6-92BB-7AFF07997402}
 to the user DESKTOP-D57JJ0U\Hp SID (S-1-5-21-59471354-1410144394-4117892861-1002) from address LocalHost (Using LRPC) running in the application container Unavailable SID (Unavailable). This security permission can be modified using the Component Services administrative tool."
Warning,3/15/2022 9:14:01 AM,Microsoft-Windows-DNS-Client,1014,(1014),Name resolution for the name www.youtube.com timed out after none of the configured DNS servers responded.
Information,3/15/2022 9:13:39 AM,NETwNb64,7001,None,"The description for Event ID 7001 from source NETwNb64 cannot be found. Either the component that raises this event is not installed on your local computer or the installation is corrupted. You can install or repair the component on the local computer.

If the event originated on another computer, the display information had to be saved with the event.

The following information was included with the event:

\Device\NDMP32
Intel(R) Dual Band Wireless-AC 7260

The specified resource type cannot be found in the image file
"
Information,3/15/2022 9:13:39 AM,NETwNb64,7001,None,"The description for Event ID 7001 from source NETwNb64 cannot be found. Either the component that raises this event is not installed on your local computer or the installation is corrupted. You can install or repair the component on the local computer.

If the event originated on another computer, the display information had to be saved with the event.

The following information was included with the event:

\Device\NDMP32
Intel(R) Dual Band Wireless-AC 7260

The specified resource type cannot be found in the image file
"
Information,3/15/2022 9:13:39 AM,NETwNb64,7036,None,The \Device\NDMP32 service entered the Intel(R) Dual Band Wireless-AC 7260 state.
Information,3/15/2022 9:13:38 AM,NETwNb64,8000,None,"The description for Event ID 8000 from source NETwNb64 cannot be found. Either the component that raises this event is not installed on your local computer or the installation is corrupted. You can install or repair the component on the local computer.

If the event originated on another computer, the display information had to be saved with the event.

The following information was included with the event:

\Device\NDMP29
Intel(R) Dual Band Wireless-AC 7260

The specified resource type cannot be found in the image file
"
Warning,3/15/2022 9:13:38 AM,Microsoft-Windows-WLAN-AutoConfig,4003,None,"WLAN AutoConfig detected limited connectivity, attempting automatic recovery.

Recovery Type: 4
Error Code: 0x0
Trigger Reason: 7
IP Family: 0
"
Warning,3/15/2022 9:12:36 AM,Microsoft-Windows-DNS-Client,1014,(1014),Name resolution for the name optimizationguide-pa.googleapis.com timed out after none of the configured DNS servers responded.
Information,3/15/2022 9:10:25 AM,Service Control Manager,7040,None,The start type of the Background Intelligent Transfer Service service was changed from auto start to demand start.
Information,3/15/2022 9:08:19 AM,Service Control Manager,7040,None,The start type of the Background Intelligent Transfer Service service was changed from demand start to auto start.
Information,3/15/2022 8:53:10 AM,NETwNb64,7001,None,"The description for Event ID 7001 from source NETwNb64 cannot be found. Either the component that raises this event is not installed on your local computer or the installation is corrupted. You can install or repair the component on the local computer.

If the event originated on another computer, the display information had to be saved with the event.

The following information was included with the event:

\Device\NDMP29
Intel(R) Dual Band Wireless-AC 7260

The specified resource type cannot be found in the image file
"
Information,3/15/2022 8:53:10 AM,NETwNb64,7001,None,"The description for Event ID 7001 from source NETwNb64 cannot be found. Either the component that raises this event is not installed on your local computer or the installation is corrupted. You can install or repair the component on the local computer.

If the event originated on another computer, the display information had to be saved with the event.

The following information was included with the event:

\Device\NDMP29
Intel(R) Dual Band Wireless-AC 7260

The specified resource type cannot be found in the image file
"
Information,3/15/2022 8:53:10 AM,NETwNb64,7036,None,The \Device\NDMP29 service entered the Intel(R) Dual Band Wireless-AC 7260 state.
Information,3/15/2022 8:53:09 AM,NETwNb64,8000,None,"The description for Event ID 8000 from source NETwNb64 cannot be found. Either the component that raises this event is not installed on your local computer or the installation is corrupted. You can install or repair the component on the local computer.

If the event originated on another computer, the display information had to be saved with the event.

The following information was included with the event:

\Device\NDMP26
Intel(R) Dual Band Wireless-AC 7260

The specified resource type cannot be found in the image file
"
Warning,3/15/2022 8:53:09 AM,Microsoft-Windows-WLAN-AutoConfig,4003,None,"WLAN AutoConfig detected limited connectivity, attempting automatic recovery.

Recovery Type: 4
Error Code: 0x0
Trigger Reason: 7
IP Family: 0
"
Warning,3/15/2022 8:52:31 AM,Microsoft-Windows-DNS-Client,1014,(1014),Name resolution for the name beacons.gvt2.com timed out after none of the configured DNS servers responded.
Warning,3/15/2022 8:31:25 AM,Microsoft-Windows-DNS-Client,1014,(1014),Name resolution for the name self.events.data.microsoft.com timed out after none of the configured DNS servers responded.
Information,3/15/2022 8:28:47 AM,Service Control Manager,7040,None,The start type of the Background Intelligent Transfer Service service was changed from auto start to demand start.
Warning,3/15/2022 8:28:27 AM,Microsoft-Windows-DNS-Client,1014,(1014),Name resolution for the name history.google.com timed out after none of the configured DNS servers responded.
Information,3/15/2022 8:25:44 AM,Microsoft-Windows-WindowsUpdateClient,19,Windows Update Agent,Installation Successful: Windows successfully installed the following update: Security Intelligence Update for Microsoft Defender Antivirus - KB2267602 (Version 1.361.36.0)
Information,3/15/2022 8:24:22 AM,Microsoft-Windows-WindowsUpdateClient,43,Windows Update Agent,Installation Started: Windows has started installing the following update: Security Intelligence Update for Microsoft Defender Antivirus - KB2267602 (Version 1.361.36.0)
Information,3/15/2022 8:24:19 AM,Microsoft-Windows-WindowsUpdateClient,19,Windows Update Agent,Installation Successful: Windows successfully installed the following update: Update for Microsoft Defender Antivirus antimalware platform - KB4052623 (Version 4.18.2202.4)
Information,3/15/2022 8:24:02 AM,Microsoft-Windows-FilterManager,6,None,"File System Filter 'WdFilter' (10.0, ‎2049‎-‎10‎-‎06T16:30:12.000000000Z) has successfully loaded and registered with Filter Manager."
Information,3/15/2022 8:23:48 AM,Microsoft-Windows-FilterManager,1,None,"File System Filter 'WdFilter' (Version 10.0, ‎2040‎-‎09‎-‎08T08:48:02.000000000Z) unloaded successfully."
Information,3/15/2022 8:23:21 AM,Microsoft-Windows-WindowsUpdateClient,43,Windows Update Agent,Installation Started: Windows has started installing the following update: Update for Microsoft Defender Antivirus antimalware platform - KB4052623 (Version 4.18.2202.4)
Information,3/15/2022 8:23:20 AM,Microsoft-Windows-WindowsUpdateClient,44,Windows Update Agent,Windows Update started downloading an update.
Information,3/15/2022 8:23:20 AM,Microsoft-Windows-WindowsUpdateClient,44,Windows Update Agent,Windows Update started downloading an update.
Warning,3/15/2022 8:23:12 AM,Microsoft-Windows-DistributedCOM,10016,None,"The application-specific permission settings do not grant Local Activation permission for the COM Server application with CLSID
{2593F8B9-4EAF-457C-B68A-50F6B8EA6B54}
 and APPID
{15C20B67-12E7-4BB6-92BB-7AFF07997402}
 to the user DESKTOP-D57JJ0U\Hp SID (S-1-5-21-59471354-1410144394-4117892861-1002) from address LocalHost (Using LRPC) running in the application container Unavailable SID (Unavailable). This security permission can be modified using the Component Services administrative tool."
Information,3/15/2022 8:22:42 AM,Service Control Manager,7040,None,The start type of the Background Intelligent Transfer Service service was changed from demand start to auto start.
Warning,3/15/2022 8:22:38 AM,Microsoft-Windows-DistributedCOM,10016,None,"The application-specific permission settings do not grant Local Activation permission for the COM Server application with CLSID
{6B3B8D23-FA8D-40B9-8DBD-B950333E2C52}
 and APPID
{4839DDB7-58C2-48F5-8283-E1D1807D0D7D}
 to the user NT AUTHORITY\LOCAL SERVICE SID (S-1-5-19) from address LocalHost (Using LRPC) running in the application container Unavailable SID (Unavailable). This security permission can be modified using the Component Services administrative tool."
Warning,3/15/2022 8:22:38 AM,Microsoft-Windows-DistributedCOM,10016,None,"The application-specific permission settings do not grant Local Activation permission for the COM Server application with CLSID
{6B3B8D23-FA8D-40B9-8DBD-B950333E2C52}
 and APPID
{4839DDB7-58C2-48F5-8283-E1D1807D0D7D}
 to the user NT AUTHORITY\LOCAL SERVICE SID (S-1-5-19) from address LocalHost (Using LRPC) running in the application container Unavailable SID (Unavailable). This security permission can be modified using the Component Services administrative tool."
Information,3/15/2022 8:22:35 AM,Microsoft-Windows-Time-Service,37,None,"The time provider NtpClient is currently receiving valid time data from time.windows.com,0x9 (ntp.m|0x9|0.0.0.0:123->40.81.94.65:123)."
Information,3/15/2022 8:22:35 AM,Microsoft-Windows-Winlogon,7001,(1101),User Logon Notification for Customer Experience Improvement Program
Information,3/15/2022 8:22:34 AM,Microsoft-Windows-Power-Troubleshooter,1,None,"The system has returned from a low power state.

Sleep Time: ‎2022‎-‎03‎-‎15T04:15:48.523000400Z
Wake Time: ‎2022‎-‎03‎-‎15T15:22:33.857329500Z

Wake Source: Unknown"
Warning,3/15/2022 8:22:32 AM,BTHUSB,34,None,"The local adapter does not support an important Low Energy controller state to support peripheral mode.  The minimum required supported state mask is 0x2491f7fffff, got 0x1fffffff.  Low Energy peripheral role functionality will not be available."
Information,3/15/2022 8:22:32 AM,BTHUSB,18,None,Windows cannot store Bluetooth authentication codes (link keys) on the local adapter. Bluetooth keyboards might not work in the system BIOS during startup.
Information,3/15/2022 8:22:32 AM,Microsoft-Windows-Kernel-Boot,32,(58),The bootmgr spent 0 ms waiting for user input.
Information,3/15/2022 8:22:32 AM,Microsoft-Windows-Kernel-Boot,18,(57),There are 0x1 boot options on this system.
Information,3/15/2022 8:22:32 AM,Microsoft-Windows-Kernel-Boot,27,(33),The boot type was 0x1.
Information,3/15/2022 8:22:32 AM,Microsoft-Windows-Kernel-Boot,25,(32),The boot menu policy was 0x1.
Information,3/15/2022 8:22:32 AM,Microsoft-Windows-Kernel-Boot,30,(21),The firmware reported boot metrics.
Warning,3/15/2022 8:22:32 AM,Microsoft-Windows-Time-Service,134,None,"NtpClient was unable to set a manual peer to use as a time source because of DNS resolution error on 'time.windows.com,0x9'. NtpClient will try again in 15 minutes and double the reattempt interval thereafter. The error was: No such host is known. (0x80072AF9)"
Information,3/15/2022 8:22:30 AM,Microsoft-Windows-Kernel-General,1,(5),"The system time has changed to ‎2022‎-‎03‎-‎15T15:22:30.500000000Z from ‎2022‎-‎03‎-‎15T04:15:54.552038500Z.

Change Reason: System time synchronized with the hardware clock.
Process: '' (PID 4)."
Information,3/14/2022 9:15:54 PM,Microsoft-Windows-Kernel-Power,107,(102),The system has resumed from sleep.
Information,3/14/2022 9:15:51 PM,Microsoft-Windows-Kernel-Power,42,(64),"The system is entering sleep.

Sleep Reason: Application API"
Information,3/14/2022 9:15:48 PM,Microsoft-Windows-Kernel-Power,105,(100),Power source change.
Information,3/14/2022 9:15:48 PM,Microsoft-Windows-Kernel-Power,187,(243),User-mode process attempted to change the system state by calling SetSuspendState or SetSystemPowerState APIs.
Information,3/14/2022 9:15:47 PM,Microsoft-Windows-Winlogon,7002,(1102),User Logoff Notification for Customer Experience Improvement Program
Information,3/14/2022 9:05:01 PM,Microsoft-Windows-UserPnp,20003,(7005),Driver Management has concluded the process to add Service WinUsb for Device Instance ID USB\VID_0E8D&PID_201D&MI_00\7&2A498121&0&0000 with the following status: 0.
Information,3/14/2022 9:05:00 PM,Microsoft-Windows-UserPnp,20003,(7005),Driver Management has concluded the process to add Service WUDFWpdMtp for Device Instance ID USB\VID_0E8D&PID_201D&MI_00\7&2A498121&0&0000 with the following status: 0.
Information,3/14/2022 9:05:00 PM,Microsoft-Windows-DriverFrameworks-UserMode,10100,Installation or update of device drivers.,The driver package installation has succeeded.
Information,3/14/2022 9:05:01 PM,Microsoft-Windows-WPDClassInstaller,25089,Driver Migration,It was not possible to access the device () after installing drivers. Error code 0x80070651.
Information,3/14/2022 9:05:01 PM,Microsoft-Windows-WPDClassInstaller,24576,Driver Installation,Drivers were successfully installed for device USB\VID_0E8D&PID_201D&REV_0223&MI_00.
Information,3/14/2022 9:05:00 PM,Microsoft-Windows-DriverFrameworks-UserMode,10002,Installation or update of device drivers.,The UMDF service WpdMtpDriver (CLSID {aaae762b-a6a2-4c45-b5d8-9a83afb6bb70}) was upgraded.  It requires framework version 2.31.0 or higher.
Information,3/14/2022 9:05:00 PM,Microsoft-Windows-DriverFrameworks-UserMode,10000,Installation or update of device drivers.,A driver package which uses user-mode driver framework version 2.31.0 is being installed on device USB\VID_0E8D&PID_201D&MI_00\7&2A498121&0&0000.
Warning,3/14/2022 9:04:28 PM,Microsoft-Windows-DistributedCOM,10016,None,"The machine-default permission settings do not grant Local Activation permission for the COM Server application with CLSID
{C2F03A33-21F5-47FA-B4BB-156362A2F239}
 and APPID
{316CDED5-E4AE-4B15-9113-7055D84DCC97}
 to the user DESKTOP-D57JJ0U\Hp SID (S-1-5-21-59471354-1410144394-4117892861-1002) from address LocalHost (Using LRPC) running in the application container Microsoft.Windows.ShellExperienceHost_10.0.19041.1320_neutral_neutral_cw5n1h2txyewy SID (S-1-15-2-155514346-2573954481-755741238-1654018636-1233331829-3075935687-2861478708). This security permission can be modified using the Component Services administrative tool."
Warning,3/14/2022 9:03:32 PM,Microsoft-Windows-DistributedCOM,10016,None,"The machine-default permission settings do not grant Local Activation permission for the COM Server application with CLSID
{C2F03A33-21F5-47FA-B4BB-156362A2F239}
 and APPID
{316CDED5-E4AE-4B15-9113-7055D84DCC97}
 to the user DESKTOP-D57JJ0U\Hp SID (S-1-5-21-59471354-1410144394-4117892861-1002) from address LocalHost (Using LRPC) running in the application container Microsoft.Windows.ShellExperienceHost_10.0.19041.1320_neutral_neutral_cw5n1h2txyewy SID (S-1-15-2-155514346-2573954481-755741238-1654018636-1233331829-3075935687-2861478708). This security permission can be modified using the Component Services administrative tool."
Information,3/14/2022 9:01:55 PM,Microsoft-Windows-UserPnp,20003,(7005),Driver Management has concluded the process to add Service WinUsb for Device Instance ID USB\VID_0E8D&PID_201D&MI_00\7&2A498121&0&0000 with the following status: 0.
Information,3/14/2022 9:01:55 PM,Microsoft-Windows-UserPnp,20003,(7005),Driver Management has concluded the process to add Service WUDFWpdMtp for Device Instance ID USB\VID_0E8D&PID_201D&MI_00\7&2A498121&0&0000 with the following status: 0.
Information,3/14/2022 9:01:54 PM,Microsoft-Windows-DriverFrameworks-UserMode,10100,Installation or update of device drivers.,The driver package installation has succeeded.
Information,3/14/2022 9:01:54 PM,Microsoft-Windows-DriverFrameworks-UserMode,10002,Installation or update of device drivers.,The UMDF service WpdMtpDriver (CLSID {aaae762b-a6a2-4c45-b5d8-9a83afb6bb70}) was upgraded.  It requires framework version 2.31.0 or higher.
Information,3/14/2022 9:01:54 PM,Microsoft-Windows-DriverFrameworks-UserMode,10000,Installation or update of device drivers.,A driver package which uses user-mode driver framework version 2.31.0 is being installed on device USB\VID_0E8D&PID_201D&MI_00\7&2A498121&0&0000.
Information,3/14/2022 9:01:55 PM,Microsoft-Windows-WPDClassInstaller,25089,Driver Migration,It was not possible to access the device () after installing drivers. Error code 0x80070651.
Information,3/14/2022 9:01:55 PM,Microsoft-Windows-WPDClassInstaller,24576,Driver Installation,Drivers were successfully installed for device USB\VID_0E8D&PID_201D&REV_0223&MI_00.
Information,3/14/2022 9:01:00 PM,Microsoft-Windows-UserPnp,20003,(7005),Driver Management has concluded the process to add Service WinUsb for Device Instance ID USB\VID_0E8D&PID_201D&MI_00\7&2A498121&0&0000 with the following status: 0.
Information,3/14/2022 9:01:00 PM,Microsoft-Windows-UserPnp,20003,(7005),Driver Management has concluded the process to add Service WUDFWpdMtp for Device Instance ID USB\VID_0E8D&PID_201D&MI_00\7&2A498121&0&0000 with the following status: 0.
Information,3/14/2022 9:01:00 PM,Microsoft-Windows-DriverFrameworks-UserMode,10100,Installation or update of device drivers.,The driver package installation has succeeded.
Information,3/14/2022 9:01:00 PM,Microsoft-Windows-DriverFrameworks-UserMode,10002,Installation or update of device drivers.,The UMDF service WpdMtpDriver (CLSID {aaae762b-a6a2-4c45-b5d8-9a83afb6bb70}) was upgraded.  It requires framework version 2.31.0 or higher.
Information,3/14/2022 9:01:00 PM,Microsoft-Windows-DriverFrameworks-UserMode,10000,Installation or update of device drivers.,A driver package which uses user-mode driver framework version 2.31.0 is being installed on device USB\VID_0E8D&PID_201D&MI_00\7&2A498121&0&0000.
Information,3/14/2022 9:01:00 PM,Microsoft-Windows-WPDClassInstaller,25089,Driver Migration,It was not possible to access the device () after installing drivers. Error code 0x80070651.
Information,3/14/2022 9:01:00 PM,Microsoft-Windows-WPDClassInstaller,24576,Driver Installation,Drivers were successfully installed for device USB\VID_0E8D&PID_201D&REV_0223&MI_00.
Information,3/14/2022 9:00:58 PM,Microsoft-Windows-WPDClassInstaller,25089,Driver Migration,It was not possible to access the device (\\?\usb#vid_0e8d&pid_2008#45s4y5vwy5sshyvk#{10497b1b-ba51-44e5-8318-a65c837b6661}) after installing drivers. Error code 0x80070002.
Information,3/14/2022 9:00:58 PM,Microsoft-Windows-WPDClassInstaller,24578,Driver Post-Install Configuration,Autoplay was successfully registered for device USB\VID_0E8D&PID_2008&REV_0223.
Information,3/14/2022 9:00:58 PM,Microsoft-Windows-WPDClassInstaller,24577,Driver Post-Install Configuration,"Media player and imaging program compatibility layers were successfully registered for device USB\VID_0E8D&PID_2008&REV_0223. Layer bits 0x00000003 were requested, layer bits 0x00000003 were registered."
Information,3/14/2022 9:00:56 PM,Microsoft-Windows-UserPnp,20003,(7005),Driver Management has concluded the process to add Service WinUsb for Device Instance ID USB\VID_0E8D&PID_2008\45S4Y5VWY5SSHYVK with the following status: 0.
Information,3/14/2022 9:00:56 PM,Microsoft-Windows-UserPnp,20003,(7005),Driver Management has concluded the process to add Service WUDFWpdMtp for Device Instance ID USB\VID_0E8D&PID_2008\45S4Y5VWY5SSHYVK with the following status: 0.
Information,3/14/2022 9:00:57 PM,Microsoft-Windows-WPDClassInstaller,24576,Driver Installation,Drivers were successfully installed for device USB\VID_0E8D&PID_2008&REV_0223.
Information,3/14/2022 9:00:56 PM,Microsoft-Windows-DriverFrameworks-UserMode,10100,Installation or update of device drivers.,The driver package installation has succeeded.
Information,3/14/2022 9:00:56 PM,Microsoft-Windows-DriverFrameworks-UserMode,10002,Installation or update of device drivers.,The UMDF service WpdMtpDriver (CLSID {aaae762b-a6a2-4c45-b5d8-9a83afb6bb70}) was upgraded.  It requires framework version 2.31.0 or higher.
Information,3/14/2022 9:00:56 PM,Microsoft-Windows-DriverFrameworks-UserMode,10000,Installation or update of device drivers.,A driver package which uses user-mode driver framework version 2.31.0 is being installed on device USB\VID_0E8D&PID_2008\45S4Y5VWY5SSHYVK.
Information,3/14/2022 9:00:32 PM,Microsoft-Windows-WPDClassInstaller,25089,Driver Migration,It was not possible to access the device (\\?\usb#vid_0e8d&pid_201d&mi_00#7&2a498121&0&0000#{10497b1b-ba51-44e5-8318-a65c837b6661}) after installing drivers. Error code 0x80070002.
Information,3/14/2022 9:00:32 PM,Microsoft-Windows-WPDClassInstaller,24578,Driver Post-Install Configuration,Autoplay was successfully registered for device USB\VID_0E8D&PID_201D&REV_0223&MI_00.
Information,3/14/2022 9:00:32 PM,Microsoft-Windows-WPDClassInstaller,24577,Driver Post-Install Configuration,"Media player and imaging program compatibility layers were successfully registered for device USB\VID_0E8D&PID_201D&REV_0223&MI_00. Layer bits 0x00000003 were requested, layer bits 0x00000003 were registered."
Information,3/14/2022 9:00:32 PM,Microsoft-Windows-WPDClassInstaller,24576,Driver Installation,Drivers were successfully installed for device USB\VID_0E8D&PID_201D&REV_0223&MI_00.
Information,3/14/2022 9:00:32 PM,Microsoft-Windows-UserPnp,20003,(7005),Driver Management has concluded the process to add Service WinUsb for Device Instance ID USB\VID_0E8D&PID_201D&MI_00\7&2A498121&0&0000 with the following status: 0.
Information,3/14/2022 9:00:32 PM,Microsoft-Windows-UserPnp,20003,(7005),Driver Management has concluded the process to add Service WUDFWpdMtp for Device Instance ID USB\VID_0E8D&PID_201D&MI_00\7&2A498121&0&0000 with the following status: 0.
Information,3/14/2022 9:00:32 PM,Microsoft-Windows-DriverFrameworks-UserMode,10100,Installation or update of device drivers.,The driver package installation has succeeded.
Information,3/14/2022 9:00:32 PM,Microsoft-Windows-DriverFrameworks-UserMode,10002,Installation or update of device drivers.,The UMDF service WpdMtpDriver (CLSID {aaae762b-a6a2-4c45-b5d8-9a83afb6bb70}) was upgraded.  It requires framework version 2.31.0 or higher.
Information,3/14/2022 9:00:31 PM,Microsoft-Windows-DriverFrameworks-UserMode,10000,Installation or update of device drivers.,A driver package which uses user-mode driver framework version 2.31.0 is being installed on device USB\VID_0E8D&PID_201D&MI_00\7&2A498121&0&0000.
Information,3/14/2022 8:58:04 PM,Microsoft-Windows-UserPnp,20003,(7005),Driver Management has concluded the process to add Service WinUsb for Device Instance ID USB\VID_0E8D&PID_201D&MI_00\7&2A498121&0&0000 with the following status: 0.
Information,3/14/2022 8:58:04 PM,Microsoft-Windows-UserPnp,20003,(7005),Driver Management has concluded the process to add Service WUDFWpdMtp for Device Instance ID USB\VID_0E8D&PID_201D&MI_00\7&2A498121&0&0000 with the following status: 0.
Information,3/14/2022 8:58:04 PM,Microsoft-Windows-DriverFrameworks-UserMode,10100,Installation or update of device drivers.,The driver package installation has succeeded.
Information,3/14/2022 8:58:04 PM,Microsoft-Windows-DriverFrameworks-UserMode,10002,Installation or update of device drivers.,The UMDF service WpdMtpDriver (CLSID {aaae762b-a6a2-4c45-b5d8-9a83afb6bb70}) was upgraded.  It requires framework version 2.31.0 or higher.
Information,3/14/2022 8:58:04 PM,Microsoft-Windows-DriverFrameworks-UserMode,10000,Installation or update of device drivers.,A driver package which uses user-mode driver framework version 2.31.0 is being installed on device USB\VID_0E8D&PID_201D&MI_00\7&2A498121&0&0000.
Information,3/14/2022 8:58:04 PM,Microsoft-Windows-WPDClassInstaller,25089,Driver Migration,It was not possible to access the device () after installing drivers. Error code 0x80070651.
Information,3/14/2022 8:58:04 PM,Microsoft-Windows-WPDClassInstaller,24576,Driver Installation,Drivers were successfully installed for device USB\VID_0E8D&PID_201D&REV_0223&MI_00.
Warning,3/14/2022 8:54:38 PM,Microsoft-Windows-DistributedCOM,10016,None,"The machine-default permission settings do not grant Local Activation permission for the COM Server application with CLSID
{C2F03A33-21F5-47FA-B4BB-156362A2F239}
 and APPID
{316CDED5-E4AE-4B15-9113-7055D84DCC97}
 to the user DESKTOP-D57JJ0U\Hp SID (S-1-5-21-59471354-1410144394-4117892861-1002) from address LocalHost (Using LRPC) running in the application container Microsoft.Windows.ShellExperienceHost_10.0.19041.1320_neutral_neutral_cw5n1h2txyewy SID (S-1-15-2-155514346-2573954481-755741238-1654018636-1233331829-3075935687-2861478708). This security permission can be modified using the Component Services administrative tool."
Information,3/14/2022 8:54:13 PM,Microsoft-Windows-WPDClassInstaller,25089,Driver Migration,It was not possible to access the device (\\?\usb#vid_0e8d&pid_201d&mi_00#7&2a498121&0&0000#{10497b1b-ba51-44e5-8318-a65c837b6661}) after installing drivers. Error code 0x80070002.
Information,3/14/2022 8:54:13 PM,Microsoft-Windows-WPDClassInstaller,24578,Driver Post-Install Configuration,Autoplay was successfully registered for device USB\VID_0E8D&PID_201D&REV_0223&MI_00.
Information,3/14/2022 8:54:13 PM,Microsoft-Windows-WPDClassInstaller,24577,Driver Post-Install Configuration,"Media player and imaging program compatibility layers were successfully registered for device USB\VID_0E8D&PID_201D&REV_0223&MI_00. Layer bits 0x00000003 were requested, layer bits 0x00000003 were registered."
Information,3/14/2022 8:54:12 PM,Microsoft-Windows-UserPnp,20003,(7005),Driver Management has concluded the process to add Service WinUsb for Device Instance ID USB\VID_0E8D&PID_201D&MI_00\7&2A498121&0&0000 with the following status: 0.
Information,3/14/2022 8:54:12 PM,Microsoft-Windows-UserPnp,20003,(7005),Driver Management has concluded the process to add Service WUDFWpdMtp for Device Instance ID USB\VID_0E8D&PID_201D&MI_00\7&2A498121&0&0000 with the following status: 0.
Information,3/14/2022 8:54:12 PM,Microsoft-Windows-DriverFrameworks-UserMode,10100,Installation or update of device drivers.,The driver package installation has succeeded.
Information,3/14/2022 8:54:12 PM,Microsoft-Windows-DriverFrameworks-UserMode,10002,Installation or update of device drivers.,The UMDF service WpdMtpDriver (CLSID {aaae762b-a6a2-4c45-b5d8-9a83afb6bb70}) was upgraded.  It requires framework version 2.31.0 or higher.
Information,3/14/2022 8:54:12 PM,Microsoft-Windows-DriverFrameworks-UserMode,10000,Installation or update of device drivers.,A driver package which uses user-mode driver framework version 2.31.0 is being installed on device USB\VID_0E8D&PID_201D&MI_00\7&2A498121&0&0000.
Information,3/14/2022 8:54:12 PM,Microsoft-Windows-WPDClassInstaller,24576,Driver Installation,Drivers were successfully installed for device USB\VID_0E8D&PID_201D&REV_0223&MI_00.
Information,3/14/2022 8:46:03 PM,Microsoft-Windows-UserPnp,20003,(7005),Driver Management has concluded the process to add Service WinUsb for Device Instance ID USB\VID_0E8D&PID_201D&MI_00\7&2A498121&0&0000 with the following status: 0.
Information,3/14/2022 8:46:03 PM,Microsoft-Windows-UserPnp,20003,(7005),Driver Management has concluded the process to add Service WUDFWpdMtp for Device Instance ID USB\VID_0E8D&PID_201D&MI_00\7&2A498121&0&0000 with the following status: 0.
Information,3/14/2022 8:46:03 PM,Microsoft-Windows-WPDClassInstaller,25089,Driver Migration,It was not possible to access the device () after installing drivers. Error code 0x80070651.
Information,3/14/2022 8:46:03 PM,Microsoft-Windows-WPDClassInstaller,24576,Driver Installation,Drivers were successfully installed for device USB\VID_0E8D&PID_201D&REV_0223&MI_00.
Information,3/14/2022 8:46:02 PM,Microsoft-Windows-DriverFrameworks-UserMode,10100,Installation or update of device drivers.,The driver package installation has succeeded.
Information,3/14/2022 8:46:02 PM,Microsoft-Windows-DriverFrameworks-UserMode,10002,Installation or update of device drivers.,The UMDF service WpdMtpDriver (CLSID {aaae762b-a6a2-4c45-b5d8-9a83afb6bb70}) was upgraded.  It requires framework version 2.31.0 or higher.
Information,3/14/2022 8:46:02 PM,Microsoft-Windows-DriverFrameworks-UserMode,10000,Installation or update of device drivers.,A driver package which uses user-mode driver framework version 2.31.0 is being installed on device USB\VID_0E8D&PID_201D&MI_00\7&2A498121&0&0000.
Information,3/14/2022 8:45:57 PM,Microsoft-Windows-UserPnp,20003,(7005),Driver Management has concluded the process to add Service WinUsb for Device Instance ID USB\VID_0E8D&PID_201D&MI_00\7&2A498121&0&0000 with the following status: 0.
Information,3/14/2022 8:45:57 PM,Microsoft-Windows-UserPnp,20003,(7005),Driver Management has concluded the process to add Service WUDFWpdMtp for Device Instance ID USB\VID_0E8D&PID_201D&MI_00\7&2A498121&0&0000 with the following status: 0.
Information,3/14/2022 8:45:57 PM,Microsoft-Windows-DriverFrameworks-UserMode,10100,Installation or update of device drivers.,The driver package installation has succeeded.
Information,3/14/2022 8:45:57 PM,Microsoft-Windows-DriverFrameworks-UserMode,10002,Installation or update of device drivers.,The UMDF service WpdMtpDriver (CLSID {aaae762b-a6a2-4c45-b5d8-9a83afb6bb70}) was upgraded.  It requires framework version 2.31.0 or higher.
Information,3/14/2022 8:45:57 PM,Microsoft-Windows-DriverFrameworks-UserMode,10000,Installation or update of device drivers.,A driver package which uses user-mode driver framework version 2.31.0 is being installed on device USB\VID_0E8D&PID_201D&MI_00\7&2A498121&0&0000.
Information,3/14/2022 8:45:57 PM,Microsoft-Windows-WPDClassInstaller,25089,Driver Migration,It was not possible to access the device () after installing drivers. Error code 0x80070651.
Information,3/14/2022 8:45:57 PM,Microsoft-Windows-WPDClassInstaller,24576,Driver Installation,Drivers were successfully installed for device USB\VID_0E8D&PID_201D&REV_0223&MI_00.
Information,3/14/2022 8:45:56 PM,Microsoft-Windows-WPDClassInstaller,25089,Driver Migration,It was not possible to access the device () after installing drivers. Error code 0x80070651.
Information,3/14/2022 8:45:55 PM,Microsoft-Windows-WPDClassInstaller,24576,Driver Installation,Drivers were successfully installed for device USB\VID_0E8D&PID_201D&REV_0223&MI_00.
Information,3/14/2022 8:45:55 PM,Microsoft-Windows-UserPnp,20003,(7005),Driver Management has concluded the process to add Service WinUsb for Device Instance ID USB\VID_0E8D&PID_201D&MI_00\7&2A498121&0&0000 with the following status: 0.
Information,3/14/2022 8:45:55 PM,Microsoft-Windows-UserPnp,20003,(7005),Driver Management has concluded the process to add Service WUDFWpdMtp for Device Instance ID USB\VID_0E8D&PID_201D&MI_00\7&2A498121&0&0000 with the following status: 0.
Information,3/14/2022 8:45:54 PM,Microsoft-Windows-DriverFrameworks-UserMode,10100,Installation or update of device drivers.,The driver package installation has succeeded.
Information,3/14/2022 8:45:54 PM,Microsoft-Windows-DriverFrameworks-UserMode,10002,Installation or update of device drivers.,The UMDF service WpdMtpDriver (CLSID {aaae762b-a6a2-4c45-b5d8-9a83afb6bb70}) was upgraded.  It requires framework version 2.31.0 or higher.
Information,3/14/2022 8:45:54 PM,Microsoft-Windows-DriverFrameworks-UserMode,10000,Installation or update of device drivers.,A driver package which uses user-mode driver framework version 2.31.0 is being installed on device USB\VID_0E8D&PID_201D&MI_00\7&2A498121&0&0000.
Information,3/14/2022 8:45:52 PM,Microsoft-Windows-WPDClassInstaller,25089,Driver Migration,It was not possible to access the device () after installing drivers. Error code 0x80070651.
Information,3/14/2022 8:45:51 PM,Microsoft-Windows-WPDClassInstaller,24576,Driver Installation,Drivers were successfully installed for device USB\VID_0E8D&PID_201D&REV_0223&MI_00.
Information,3/14/2022 8:45:51 PM,Microsoft-Windows-UserPnp,20003,(7005),Driver Management has concluded the process to add Service WinUsb for Device Instance ID USB\VID_0E8D&PID_201D&MI_00\7&2A498121&0&0000 with the following status: 0.
Information,3/14/2022 8:45:51 PM,Microsoft-Windows-UserPnp,20003,(7005),Driver Management has concluded the process to add Service WUDFWpdMtp for Device Instance ID USB\VID_0E8D&PID_201D&MI_00\7&2A498121&0&0000 with the following status: 0.
Information,3/14/2022 8:45:51 PM,Service Control Manager,7045,None,"A service was installed in the system.

Service Name:  WUDFWpdMtp
Service File Name:  \SystemRoot\system32\DRIVERS\WUDFRd.sys
Service Type:  kernel mode driver
Service Start Type:  demand start
Service Account:  "
Information,3/14/2022 8:45:50 PM,Microsoft-Windows-DriverFrameworks-UserMode,10100,Installation or update of device drivers.,The driver package installation has succeeded.
Information,3/14/2022 8:45:50 PM,Microsoft-Windows-DriverFrameworks-UserMode,10001,Installation or update of device drivers.,The UMDF service WpdMtpDriver (CLSID {aaae762b-a6a2-4c45-b5d8-9a83afb6bb70}) was installed.  It requires framework version 2.31.0 or higher.
Information,3/14/2022 8:45:50 PM,Microsoft-Windows-DriverFrameworks-UserMode,10000,Installation or update of device drivers.,A driver package which uses user-mode driver framework version 2.31.0 is being installed on device USB\VID_0E8D&PID_201D&MI_00\7&2A498121&0&0000.
Warning,3/14/2022 8:45:45 PM,Microsoft-Windows-DistributedCOM,10016,None,"The machine-default permission settings do not grant Local Activation permission for the COM Server application with CLSID
{C2F03A33-21F5-47FA-B4BB-156362A2F239}
 and APPID
{316CDED5-E4AE-4B15-9113-7055D84DCC97}
 to the user DESKTOP-D57JJ0U\Hp SID (S-1-5-21-59471354-1410144394-4117892861-1002) from address LocalHost (Using LRPC) running in the application container Microsoft.Windows.ShellExperienceHost_10.0.19041.1320_neutral_neutral_cw5n1h2txyewy SID (S-1-15-2-155514346-2573954481-755741238-1654018636-1233331829-3075935687-2861478708). This security permission can be modified using the Component Services administrative tool."
Information,3/14/2022 8:25:19 PM,Service Control Manager,7040,None,The start type of the Background Intelligent Transfer Service service was changed from auto start to demand start.
Information,3/14/2022 8:22:48 PM,Service Control Manager,7040,None,The start type of the Background Intelligent Transfer Service service was changed from demand start to auto start.
Information,3/14/2022 8:05:28 PM,Service Control Manager,7040,None,The start type of the Background Intelligent Transfer Service service was changed from auto start to demand start.
Information,3/14/2022 8:02:37 PM,Service Control Manager,7040,None,The start type of the Background Intelligent Transfer Service service was changed from demand start to auto start.
