Information,3/14/2022 12:05:35 AM,Microsoft-Windows-Kernel-General,15,(10),Hive \??\Volume{fa2f021f-0000-0000-0000-501f00000000}\System Volume Information\SPP\SppCbsHiveStore\{cd42efe1-f6f1-427c-b004-033192c625a4}{E453A6B1-9E28-4B66-A0D4-B5591B227319} was reorganized with a starting size of 37756928 bytes and an ending size of 30806016 bytes.
Information,3/14/2022 12:05:28 AM,Microsoft-Windows-Kernel-General,11,None,"TxR init phase for hive \??\GLOBALROOT\Device\HarddiskVolumeShadowCopy1\WINDOWS\System32\config\DRIVERS (TM: {639a0f9d-a35c-11ec-811b-acfdce01131d}, RM: {639a0f9c-a35c-11ec-811b-acfdce01131d}) finished with result=0xC00000A2 (Internal code=7)."
Information,3/14/2022 12:05:28 AM,Microsoft-Windows-Kernel-General,11,None,"TxR init phase for hive \??\GLOBALROOT\Device\HarddiskVolumeShadowCopy1\WINDOWS\System32\config\SYSTEM (TM: {639a0f9a-a35c-11ec-811b-acfdce01131d}, RM: {639a0f99-a35c-11ec-811b-acfdce01131d}) finished with result=0xC00000A2 (Internal code=7)."
Information,3/14/2022 12:05:24 AM,Microsoft-Windows-Kernel-General,15,(10),Hive \??\Volume{fa2f021f-0000-0000-0000-501f00000000}\System Volume Information\SPP\SppCbsHiveStore\{cd42efe1-f6f1-427c-b004-033192c625a4}{81A933B5-0C3A-494D-BB1E-DECFCA1AE017} was reorganized with a starting size of 37756928 bytes and an ending size of 30896128 bytes.
Information,3/14/2022 12:05:17 AM,Microsoft-Windows-Kernel-General,11,None,"TxR init phase for hive \??\GLOBALROOT\Device\HarddiskVolumeShadowCopy2\WINDOWS\System32\config\DRIVERS (TM: {639a0f72-a35c-11ec-811b-acfdce01131d}, RM: {639a0f71-a35c-11ec-811b-acfdce01131d}) finished with result=0xC00000A2 (Internal code=7)."
Information,3/14/2022 12:05:17 AM,Microsoft-Windows-Kernel-General,11,None,"TxR init phase for hive \??\GLOBALROOT\Device\HarddiskVolumeShadowCopy2\WINDOWS\System32\config\SYSTEM (TM: {639a0f6f-a35c-11ec-811b-acfdce01131d}, RM: {639a0f6e-a35c-11ec-811b-acfdce01131d}) finished with result=0xC00000A2 (Internal code=7)."
Information,3/13/2022 11:54:48 PM,Microsoft-Windows-Time-Service,158,None,The time provider 'VMICTimeProvider' has indicated that the current hardware and operating environment is not supported and has stopped. This behavior is expected for VMICTimeProvider on non-HyperV-guest environments. This may be the expected behavior for the current provider in the current operating environment as well.
Information,3/13/2022 11:54:03 PM,Service Control Manager,7040,None,The start type of the Background Intelligent Transfer Service service was changed from auto start to demand start.
Information,3/13/2022 11:51:59 PM,Service Control Manager,7040,None,The start type of the Background Intelligent Transfer Service service was changed from demand start to auto start.
Information,3/13/2022 11:51:17 PM,Service Control Manager,7045,None,"A service was installed in the system.

Service Name:  MpKsle793ff5f
Service File Name:  C:\ProgramData\Microsoft\Windows Defender\Definition Updates\{E97AD3A7-DE64-4884-A641-52FE9D739472}\MpKslDrv.sys
Service Type:  kernel mode driver
Service Start Type:  demand start
Service Account:  "
Information,3/13/2022 11:50:49 PM,Microsoft-Windows-Kernel-General,16,None,The access history in hive \??\C:\Users\Hp\AppData\Local\Packages\microsoft.xboxidentityprovider_8wekyb3d8bbwe\Settings\settings.dat was cleared updating 3 keys and creating 1 modified pages.
Information,3/13/2022 11:50:48 PM,Microsoft-Windows-Kernel-General,16,None,The access history in hive \??\C:\Users\Hp\AppData\Local\Packages\microsoft.xboxgamingoverlay_8wekyb3d8bbwe\Settings\settings.dat was cleared updating 6 keys and creating 2 modified pages.
Information,3/13/2022 11:50:16 PM,Microsoft-Windows-Kernel-General,16,None,The access history in hive \??\C:\Users\Hp\AppData\Local\Packages\microsoft.microsoftedge.stable_8wekyb3d8bbwe\Settings\settings.dat was cleared updating 2 keys and creating 1 modified pages.
Information,3/13/2022 11:50:05 PM,Microsoft-Windows-Kernel-General,16,None,The access history in hive \??\C:\ProgramData\Microsoft\Provisioning\Microsoft-Desktop-Provisioning-Sequence.dat was cleared updating 0 keys and creating 0 modified pages.
Information,3/13/2022 11:49:55 PM,Microsoft-Windows-Kernel-General,16,None,The access history in hive \??\C:\Users\Hp\AppData\Local\Packages\Microsoft.Windows.ShellExperienceHost_cw5n1h2txyewy\Settings\settings.dat was cleared updating 3 keys and creating 1 modified pages.
Warning,3/13/2022 11:49:55 PM,Microsoft-Windows-DistributedCOM,10016,None,"The machine-default permission settings do not grant Local Activation permission for the COM Server application with CLSID
{C2F03A33-21F5-47FA-B4BB-156362A2F239}
 and APPID
{316CDED5-E4AE-4B15-9113-7055D84DCC97}
 to the user DESKTOP-D57JJ0U\Hp SID (S-1-5-21-59471354-1410144394-4117892861-1002) from address LocalHost (Using LRPC) running in the application container Microsoft.Windows.ShellExperienceHost_10.0.19041.1320_neutral_neutral_cw5n1h2txyewy SID (S-1-15-2-155514346-2573954481-755741238-1654018636-1233331829-3075935687-2861478708). This security permission can be modified using the Component Services administrative tool."
Information,3/13/2022 11:49:52 PM,Microsoft-Windows-Kernel-General,16,None,The access history in hive \??\C:\Users\Hp\AppData\Local\Packages\Microsoft.Windows.Photos_8wekyb3d8bbwe\Settings\settings.dat was cleared updating 9 keys and creating 2 modified pages.
Warning,3/13/2022 11:42:54 PM,Microsoft-Windows-WLAN-AutoConfig,4003,None,"WLAN AutoConfig detected limited connectivity, attempting automatic recovery.

Recovery Type: 4
Error Code: 0x0
Trigger Reason: 7
IP Family: 0
"
Warning,3/13/2022 11:42:51 PM,Microsoft-Windows-DNS-Client,1014,(1014),Name resolution for the name v10.events.data.microsoft.com timed out after none of the configured DNS servers responded.
Information,3/13/2022 11:38:25 PM,Microsoft-Windows-Kernel-General,16,None,The access history in hive \??\C:\Users\Hp\AppData\Local\Packages\Microsoft.MicrosoftOfficeHub_8wekyb3d8bbwe\Settings\settings.dat was cleared updating 4 keys and creating 1 modified pages.
Information,3/13/2022 11:37:44 PM,Microsoft-Windows-Time-Service,158,None,The time provider 'VMICTimeProvider' has indicated that the current hardware and operating environment is not supported and has stopped. This behavior is expected for VMICTimeProvider on non-HyperV-guest environments. This may be the expected behavior for the current provider in the current operating environment as well.
Information,3/13/2022 11:32:54 PM,Service Control Manager,7040,None,The start type of the Background Intelligent Transfer Service service was changed from auto start to demand start.
Information,3/13/2022 11:30:42 PM,Service Control Manager,7040,None,The start type of the Background Intelligent Transfer Service service was changed from demand start to auto start.
Information,3/13/2022 11:29:54 PM,Service Control Manager,7040,None,The start type of the Background Intelligent Transfer Service service was changed from auto start to demand start.
Warning,3/13/2022 11:28:34 PM,Microsoft-Windows-DNS-Client,1014,(1014),Name resolution for the name ogs.google.com timed out after none of the configured DNS servers responded.
Information,3/13/2022 11:27:29 PM,Service Control Manager,7040,None,The start type of the Background Intelligent Transfer Service service was changed from demand start to auto start.
Information,3/13/2022 11:27:06 PM,Service Control Manager,7040,None,The start type of the Background Intelligent Transfer Service service was changed from auto start to demand start.
Information,3/13/2022 11:20:40 PM,Microsoft-Windows-Time-Service,158,None,The time provider 'VMICTimeProvider' has indicated that the current hardware and operating environment is not supported and has stopped. This behavior is expected for VMICTimeProvider on non-HyperV-guest environments. This may be the expected behavior for the current provider in the current operating environment as well.
Information,3/13/2022 11:20:33 PM,Service Control Manager,7040,None,The start type of the Background Intelligent Transfer Service service was changed from demand start to auto start.
Information,3/13/2022 11:13:46 PM,Microsoft-Windows-WindowsUpdateClient,19,Windows Update Agent,Installation Successful: Windows successfully installed the following update: Security Intelligence Update for Microsoft Defender Antivirus - KB2267602 (Version 1.359.1921.0)
Information,3/13/2022 11:13:38 PM,Microsoft-Windows-WindowsUpdateClient,43,Windows Update Agent,Installation Started: Windows has started installing the following update: Security Intelligence Update for Microsoft Defender Antivirus - KB2267602 (Version 1.359.1921.0)
Information,3/13/2022 11:13:38 PM,Microsoft-Windows-WindowsUpdateClient,44,Windows Update Agent,Windows Update started downloading an update.
Information,3/13/2022 11:13:25 PM,Service Control Manager,7040,None,The start type of the Background Intelligent Transfer Service service was changed from auto start to demand start.
Information,3/13/2022 11:11:11 PM,Service Control Manager,7040,None,The start type of the Background Intelligent Transfer Service service was changed from demand start to auto start.
Information,3/13/2022 11:10:50 PM,Service Control Manager,7040,None,The start type of the Background Intelligent Transfer Service service was changed from auto start to demand start.
Warning,3/13/2022 11:10:11 PM,Microsoft-Windows-DistributedCOM,10016,None,"The application-specific permission settings do not grant Local Activation permission for the COM Server application with CLSID
{2593F8B9-4EAF-457C-B68A-50F6B8EA6B54}
 and APPID
{15C20B67-12E7-4BB6-92BB-7AFF07997402}
 to the user DESKTOP-D57JJ0U\Hp SID (S-1-5-21-59471354-1410144394-4117892861-1002) from address LocalHost (Using LRPC) running in the application container Unavailable SID (Unavailable). This security permission can be modified using the Component Services administrative tool."
Information,3/13/2022 11:08:47 PM,Microsoft-Windows-Kernel-General,16,None,The access history in hive \??\C:\Users\Hp\AppData\Local\Packages\Microsoft.WindowsStore_8wekyb3d8bbwe\Settings\settings.dat was cleared updating 11 keys and creating 2 modified pages.
Information,3/13/2022 11:07:43 PM,Microsoft-Windows-Kernel-Power,105,(100),Power source change.
Information,3/13/2022 11:07:20 PM,NETwNb64,7001,None,"The description for Event ID 7001 from source NETwNb64 cannot be found. Either the component that raises this event is not installed on your local computer or the installation is corrupted. You can install or repair the component on the local computer.

If the event originated on another computer, the display information had to be saved with the event.

The following information was included with the event:

\Device\NDMP14
Intel(R) Dual Band Wireless-AC 7260

The specified resource type cannot be found in the image file
"
Information,3/13/2022 11:07:20 PM,NETwNb64,7001,None,"The description for Event ID 7001 from source NETwNb64 cannot be found. Either the component that raises this event is not installed on your local computer or the installation is corrupted. You can install or repair the component on the local computer.

If the event originated on another computer, the display information had to be saved with the event.

The following information was included with the event:

\Device\NDMP14
Intel(R) Dual Band Wireless-AC 7260

The specified resource type cannot be found in the image file
"
Information,3/13/2022 11:07:20 PM,NETwNb64,7036,None,The \Device\NDMP14 service entered the Intel(R) Dual Band Wireless-AC 7260 state.
Information,3/13/2022 11:07:19 PM,NETwNb64,8000,None,"The description for Event ID 8000 from source NETwNb64 cannot be found. Either the component that raises this event is not installed on your local computer or the installation is corrupted. You can install or repair the component on the local computer.

If the event originated on another computer, the display information had to be saved with the event.

The following information was included with the event:

\Device\NDMP2
Intel(R) Dual Band Wireless-AC 7260

The specified resource type cannot be found in the image file
"
Warning,3/13/2022 11:07:19 PM,Microsoft-Windows-WLAN-AutoConfig,4003,None,"WLAN AutoConfig detected limited connectivity, attempting automatic recovery.

Recovery Type: 4
Error Code: 0x0
Trigger Reason: 7
IP Family: 0
"
Warning,3/13/2022 11:05:56 PM,Microsoft-Windows-DNS-Client,1014,(1014),Name resolution for the name developer.android.com timed out after none of the configured DNS servers responded.
Information,3/13/2022 11:05:27 PM,Microsoft-Windows-Kernel-General,1,(5),"The system time has changed to ‎2022‎-‎03‎-‎14T06:05:27.793667700Z from ‎2022‎-‎03‎-‎14T06:05:27.786511300Z.

Change Reason: An application or system component changed the time.
Process: '\Device\HarddiskVolume2\Windows\System32\svchost.exe' (PID 8464)."
Information,3/13/2022 11:05:27 PM,Microsoft-Windows-Kernel-General,24,(11),The time zone information was refreshed with exit reason 0. Current time zone bias is 420.
Information,3/13/2022 11:05:27 PM,Microsoft-Windows-Time-Service,35,None,"The time service is now synchronizing the system time with the time source time.windows.com,0x9 (ntp.m|0x9|0.0.0.0:123->40.81.94.65:123) with reference id 1096700200. Current local stratum number is 4."
Information,3/13/2022 11:05:27 PM,Microsoft-Windows-Kernel-General,1,(5),"The system time has changed to ‎2022‎-‎03‎-‎14T06:05:27.786511300Z from ‎2022‎-‎03‎-‎14T06:05:31.620649000Z.

Change Reason: An application or system component changed the time.
Process: '\Device\HarddiskVolume2\Windows\System32\svchost.exe' (PID 8464)."
Information,3/13/2022 11:05:27 PM,Microsoft-Windows-Kernel-General,24,(11),The time zone information was refreshed with exit reason 0. Current time zone bias is 420.
Information,3/13/2022 11:05:25 PM,Microsoft-Windows-Time-Service,37,None,"The time provider NtpClient is currently receiving valid time data from time.windows.com,0x9 (ntp.m|0x9|0.0.0.0:123->40.81.94.65:123)."
Warning,3/13/2022 11:05:12 PM,Microsoft-Windows-DistributedCOM,10016,None,"The application-specific permission settings do not grant Local Launch permission for the COM Server application with CLSID
Windows.SecurityCenter.SecurityAppBroker
 and APPID
Unavailable
 to the user NT AUTHORITY\SYSTEM SID (S-1-5-18) from address LocalHost (Using LRPC) running in the application container Unavailable SID (Unavailable). This security permission can be modified using the Component Services administrative tool."
Warning,3/13/2022 11:05:12 PM,Microsoft-Windows-DistributedCOM,10016,None,"The application-specific permission settings do not grant Local Launch permission for the COM Server application with CLSID
Windows.SecurityCenter.WscBrokerManager
 and APPID
Unavailable
 to the user NT AUTHORITY\SYSTEM SID (S-1-5-18) from address LocalHost (Using LRPC) running in the application container Unavailable SID (Unavailable). This security permission can be modified using the Component Services administrative tool."
Warning,3/13/2022 11:05:12 PM,Microsoft-Windows-DistributedCOM,10016,None,"The application-specific permission settings do not grant Local Launch permission for the COM Server application with CLSID
Windows.SecurityCenter.WscDataProtection
 and APPID
Unavailable
 to the user NT AUTHORITY\SYSTEM SID (S-1-5-18) from address LocalHost (Using LRPC) running in the application container Unavailable SID (Unavailable). This security permission can be modified using the Component Services administrative tool."
Information,3/13/2022 11:05:12 PM,Microsoft-Windows-Time-Service,158,None,The time provider 'VMICTimeProvider' has indicated that the current hardware and operating environment is not supported and has stopped. This behavior is expected for VMICTimeProvider on non-HyperV-guest environments. This may be the expected behavior for the current provider in the current operating environment as well.
Information,3/13/2022 11:05:09 PM,Microsoft-Windows-Kernel-General,16,None,The access history in hive \??\C:\WINDOWS\ServiceProfiles\NetworkService\AppData\Local\Microsoft\Windows\DeliveryOptimization\State\dosvcState.dat was cleared updating 9 keys and creating 5 modified pages.
Information,3/13/2022 11:04:51 PM,Microsoft-Windows-WindowsUpdateClient,19,Windows Update Agent,Installation Successful: Windows successfully installed the following update: 2022-03 Cumulative Update for Windows 10 Version 20H2 for x64-based Systems (KB5011487)
Warning,3/13/2022 11:04:30 PM,Microsoft-Windows-DistributedCOM,10016,None,"The application-specific permission settings do not grant Local Launch permission for the COM Server application with CLSID
Windows.SecurityCenter.WscCloudBackupProvider
 and APPID
Unavailable
 to the user DESKTOP-D57JJ0U\Hp SID (S-1-5-21-59471354-1410144394-4117892861-1002) from address LocalHost (Using LRPC) running in the application container Unavailable SID (Unavailable). This security permission can be modified using the Component Services administrative tool."
Warning,3/13/2022 11:04:26 PM,Microsoft-Windows-DistributedCOM,10016,None,"The application-specific permission settings do not grant Local Launch permission for the COM Server application with CLSID
Windows.SecurityCenter.WscCloudBackupProvider
 and APPID
Unavailable
 to the user DESKTOP-D57JJ0U\Hp SID (S-1-5-21-59471354-1410144394-4117892861-1002) from address LocalHost (Using LRPC) running in the application container Unavailable SID (Unavailable). This security permission can be modified using the Component Services administrative tool."
Warning,3/13/2022 11:04:08 PM,Microsoft-Windows-Kernel-Processor-Power,37,(7),The speed of processor 2 in group 0 is being limited by system firmware. The processor has been in this reduced performance state for 71 seconds since the last report.
Warning,3/13/2022 11:04:08 PM,Microsoft-Windows-Kernel-Processor-Power,37,(7),The speed of processor 0 in group 0 is being limited by system firmware. The processor has been in this reduced performance state for 71 seconds since the last report.
Warning,3/13/2022 11:04:08 PM,Microsoft-Windows-Kernel-Processor-Power,37,(7),The speed of processor 1 in group 0 is being limited by system firmware. The processor has been in this reduced performance state for 71 seconds since the last report.
Warning,3/13/2022 11:04:08 PM,Microsoft-Windows-Kernel-Processor-Power,37,(7),The speed of processor 3 in group 0 is being limited by system firmware. The processor has been in this reduced performance state for 71 seconds since the last report.
Warning,3/13/2022 11:03:58 PM,Microsoft-Windows-DistributedCOM,10016,None,"The application-specific permission settings do not grant Local Activation permission for the COM Server application with CLSID
{6B3B8D23-FA8D-40B9-8DBD-B950333E2C52}
 and APPID
{4839DDB7-58C2-48F5-8283-E1D1807D0D7D}
 to the user NT AUTHORITY\LOCAL SERVICE SID (S-1-5-19) from address LocalHost (Using LRPC) running in the application container Unavailable SID (Unavailable). This security permission can be modified using the Component Services administrative tool."
Warning,3/13/2022 11:03:58 PM,Microsoft-Windows-DistributedCOM,10016,None,"The application-specific permission settings do not grant Local Activation permission for the COM Server application with CLSID
{6B3B8D23-FA8D-40B9-8DBD-B950333E2C52}
 and APPID
{4839DDB7-58C2-48F5-8283-E1D1807D0D7D}
 to the user NT AUTHORITY\LOCAL SERVICE SID (S-1-5-19) from address LocalHost (Using LRPC) running in the application container Unavailable SID (Unavailable). This security permission can be modified using the Component Services administrative tool."
Information,3/13/2022 11:03:54 PM,Microsoft-Windows-Winlogon,7001,(1101),User Logon Notification for Customer Experience Improvement Program
Information,3/13/2022 11:03:54 PM,Service Control Manager,7040,None,The start type of the Windows Modules Installer service was changed from auto start to demand start.
Information,3/13/2022 11:03:26 PM,Microsoft-Windows-UserModePowerService,12,(10),Process C:\Windows\WinSxS\amd64_microsoft-windows-servicingstack_31bf3856ad364e35_10.0.19041.1525_none_7e00daaa7c97a563\TiWorker.exe (process ID:2396) reset policy scheme from {381b4222-f694-41f0-9685-ff5bb260df2e} to {381b4222-f694-41f0-9685-ff5bb260df2e}
Information,3/13/2022 11:03:26 PM,Microsoft-Windows-UserModePowerService,12,(10),Process C:\Windows\WinSxS\amd64_microsoft-windows-servicingstack_31bf3856ad364e35_10.0.19041.1525_none_7e00daaa7c97a563\TiWorker.exe (process ID:2396) reset policy scheme from {381b4222-f694-41f0-9685-ff5bb260df2e} to {381b4222-f694-41f0-9685-ff5bb260df2e}
Information,3/13/2022 11:03:26 PM,Microsoft-Windows-HttpEvent,15007,None,Reservation for namespace identified by URL prefix http://+:80/116B50EB-ECE2-41ac-8429-9F9E963361B7/ was successfully added.
Information,3/13/2022 11:03:26 PM,Microsoft-Windows-HttpEvent,15007,None,Reservation for namespace identified by URL prefix https://+:443/C574AC30-5794-4AEE-B1BB-6651C5315029/ was successfully added.
Information,3/13/2022 11:03:26 PM,Microsoft-Windows-HttpEvent,15007,None,Reservation for namespace identified by URL prefix http://+:80/0131501b-d67f-491b-9a40-c4bf27bcb4d4/ was successfully added.
Information,3/13/2022 11:03:26 PM,Microsoft-Windows-HttpEvent,15007,None,Reservation for namespace identified by URL prefix http://+:3387/rdp/ was successfully added.
Information,3/13/2022 11:03:26 PM,Microsoft-Windows-HttpEvent,15007,None,Reservation for namespace identified by URL prefix https://+:3392/rdp/ was successfully added.
Information,3/13/2022 11:03:19 PM,Microsoft-Windows-TPM-WMI,1026,None,"The Trusted Platform Module (TPM) hardware on this computer cannot be provisioned for use automatically.  To set up the TPM interactively use the TPM management console (Start->tpm.msc) and use the action to make the TPM ready.

Error: The TPM provisioning action is not allowed by the specified flags.  For provisioning to be successful, one of several actions may be required.  The TPM management console (tpm.msc) action to make the TPM Ready may help.  For further information, see the documentation for the Win32_Tpm WMI method 'Provision'.  (The actions that may be required include importing the TPM Owner Authorization value into the system, calling the Win32_Tpm WMI method for provisioning the TPM and specifying TRUE for either 'ForceClear_Allowed' or 'PhysicalPresencePrompts_Allowed' (as indicated by the value returned in the Additional Information), or enabling the TPM in the system BIOS.)
Additional Information: 0x11c"
Information,3/13/2022 11:03:19 PM,Microsoft-Windows-TPM-WMI,1282,None,The TBS device identifier has been generated.
Information,3/13/2022 11:03:15 PM,Microsoft-Windows-Kernel-General,16,None,The access history in hive \??\C:\Users\Default\NTUSER.DAT was cleared updating 1156 keys and creating 58 modified pages.
Information,3/13/2022 11:03:15 PM,Microsoft-Windows-HttpEvent,15008,None,Reservation for namespace identified by URL prefix http://+:3387/rdp/ was successfully deleted.
Information,3/13/2022 11:03:15 PM,Microsoft-Windows-HttpEvent,15008,None,Reservation for namespace identified by URL prefix https://+:3392/rdp/ was successfully deleted.
Information,3/13/2022 11:03:15 PM,Microsoft-Windows-HttpEvent,15008,None,Reservation for namespace identified by URL prefix http://+:80/116B50EB-ECE2-41ac-8429-9F9E963361B7/ was successfully deleted.
Information,3/13/2022 11:03:15 PM,Microsoft-Windows-HttpEvent,15008,None,Reservation for namespace identified by URL prefix https://+:443/C574AC30-5794-4AEE-B1BB-6651C5315029/ was successfully deleted.
Information,3/13/2022 11:03:15 PM,Microsoft-Windows-HttpEvent,15008,None,Reservation for namespace identified by URL prefix http://+:80/0131501b-d67f-491b-9a40-c4bf27bcb4d4/ was successfully deleted.
Information,3/13/2022 11:03:15 PM,Microsoft-Windows-UserModePowerService,12,(10),Process C:\Windows\WinSxS\amd64_microsoft-windows-servicingstack_31bf3856ad364e35_10.0.19041.1525_none_7e00daaa7c97a563\TiWorker.exe (process ID:2396) reset policy scheme from {381b4222-f694-41f0-9685-ff5bb260df2e} to {381b4222-f694-41f0-9685-ff5bb260df2e}
Information,3/13/2022 11:03:15 PM,Microsoft-Windows-UserModePowerService,12,(10),Process C:\Windows\WinSxS\amd64_microsoft-windows-servicingstack_31bf3856ad364e35_10.0.19041.1525_none_7e00daaa7c97a563\TiWorker.exe (process ID:2396) reset policy scheme from {381b4222-f694-41f0-9685-ff5bb260df2e} to {381b4222-f694-41f0-9685-ff5bb260df2e}
Information,3/13/2022 11:03:08 PM,TPM,18,None,This event triggers the Trusted Platform Module (TPM) provisioning/status check to run.
Information,3/13/2022 11:03:08 PM,Service Control Manager,7026,None,"The following boot-start or system-start driver(s) did not load:
dam"
Information,3/13/2022 11:03:07 PM,IntelHaxm,4,None,"The description for Event ID 4 from source IntelHaxm cannot be found. Either the component that raises this event is not installed on your local computer or the installation is corrupted. You can install or repair the component on the local computer.

If the event originated on another computer, the display information had to be saved with the event.

The following information was included with the event:


The message resource is present but the message was not found in the message table
"
Information,3/13/2022 11:03:06 PM,Microsoft-Windows-WLAN-AutoConfig,4000,None,"WLAN AutoConfig service has successfully started.
"
Information,3/13/2022 11:03:04 PM,Microsoft-Windows-DHCPv6-Client,51046,Service State Event,DHCPv6 client service is started
Warning,3/13/2022 11:03:03 PM,e1dexpress,27,None,"Intel(R) Ethernet Connection I218-LM
 Network link is disconnected.
"
Information,3/13/2022 11:03:03 PM,Microsoft-Windows-Dhcp-Client,50103,Service State Event,DHCPv4 client registered for shutdown notification
Information,3/13/2022 11:03:03 PM,Microsoft-Windows-Dhcp-Client,50036,Service State Event,DHCPv4 client service is started
Information,3/13/2022 11:03:03 PM,Microsoft-Windows-FilterManager,6,None,"File System Filter 'bindflt' (10.0, ‎2029‎-‎08‎-‎21T06:48:14.000000000Z) has successfully loaded and registered with Filter Manager."
Information,3/13/2022 11:03:03 PM,Microsoft-Windows-FilterManager,6,None,"File System Filter 'storqosflt' (10.0, ‎2007‎-‎04‎-‎09T11:08:30.000000000Z) has successfully loaded and registered with Filter Manager."
Information,3/13/2022 11:03:03 PM,Microsoft-Windows-FilterManager,6,None,"File System Filter 'CldFlt' (10.0, ‎2037‎-‎08‎-‎04T18:17:29.000000000Z) has successfully loaded and registered with Filter Manager."
Information,3/13/2022 11:03:03 PM,Microsoft-Windows-FilterManager,1,None,"File System Filter 'CldFlt' (Version 10.0, ‎2037‎-‎08‎-‎04T18:17:29.000000000Z) unloaded successfully."
Information,3/13/2022 11:03:03 PM,Microsoft-Windows-FilterManager,6,None,"File System Filter 'CldFlt' (10.0, ‎2037‎-‎08‎-‎04T18:17:29.000000000Z) has successfully loaded and registered with Filter Manager."
Information,3/13/2022 11:03:03 PM,Microsoft-Windows-FilterManager,6,None,"File System Filter 'luafv' (10.0, ‎2041‎-‎09‎-‎18T22:13:33.000000000Z) has successfully loaded and registered with Filter Manager."
Information,3/13/2022 11:03:03 PM,Microsoft-Windows-FilterManager,6,None,"File System Filter 'wcifs' (10.0, ‎1989‎-‎06‎-‎09T15:43:09.000000000Z) has successfully loaded and registered with Filter Manager."
Information,3/13/2022 11:03:01 PM,Microsoft-Windows-Directory-Services-SAM,16983,None,"The security account manager is now logging periodic summary events for remote clients that call legacy password change or set RPC methods.

For more information please see https://go.microsoft.com/fwlink/?linkid=2150956.
"
Information,3/13/2022 11:03:01 PM,Microsoft-Windows-Directory-Services-SAM,16977,None,"The domain is configured with the following minimum password length-related settings.

MinimumPasswordLength: 0

RelaxMinimumPasswordLengthLimits: 0

MinimumPasswordLengthAudit: -1

For more information see https://go.microsoft.com/fwlink/?LinkId=2097191.
"
Information,3/13/2022 11:03:01 PM,Microsoft-Windows-Directory-Services-SAM,16962,None,"Remote calls to the SAM database are being restricted using the default security descriptor: O:SYG:SYD:(A;;RC;;;BA).
For more information please see http://go.microsoft.com/fwlink/?LinkId=787651."
Information,3/13/2022 11:03:01 PM,Microsoft-Windows-Wininit,14,None,"Credential Guard configuration: 0x0, 0"
Warning,3/13/2022 11:03:00 PM,BTHUSB,34,None,"The local adapter does not support an important Low Energy controller state to support peripheral mode.  The minimum required supported state mask is 0x2491f7fffff, got 0x1fffffff.  Low Energy peripheral role functionality will not be available."
Warning,3/13/2022 11:03:00 PM,Microsoft-Windows-Kernel-PnP,219,(212),The driver \Driver\WudfRd failed to load for the device USB\VID_138A&PID_003F\0020b6b00e80.
Information,3/13/2022 11:03:00 PM,Microsoft-Windows-DriverFrameworks-UserMode,10118,Startup of the UMDF reflector,"UMDF reflector is unable to connect to service control manager (SCM). This is expected during boot, when SCM has not started yet. Will retry when it starts."
Information,3/13/2022 11:03:00 PM,BTHUSB,18,None,Windows cannot store Bluetooth authentication codes (link keys) on the local adapter. Bluetooth keyboards might not work in the system BIOS during startup.
Information,3/13/2022 11:03:00 PM,Microsoft-Windows-Kernel-General,24,(11),The time zone information was refreshed with exit reason 0. Current time zone bias is 420.
Information,3/13/2022 11:02:59 PM,Microsoft-Windows-Ntfs,98,None,Volume \\?\Volume{fa2f021f-0000-0000-0000-c0773b000000} (\Device\HarddiskVolume3) is healthy.  No action is needed.
Information,3/13/2022 11:02:59 PM,Microsoft-Windows-Ntfs,98,None,Volume F: (\Device\HarddiskVolume7) is healthy.  No action is needed.
Information,3/13/2022 11:02:58 PM,Microsoft-Windows-Ntfs,98,None,Volume G: (\Device\HarddiskVolume5) is healthy.  No action is needed.
Information,3/13/2022 11:02:58 PM,Microsoft-Windows-Kernel-Power,521,(220),Active battery count change.
Information,3/13/2022 11:02:58 PM,Microsoft-Windows-Kernel-Power,105,(100),Power source change.
Information,3/13/2022 11:02:58 PM,Microsoft-Windows-Ntfs,98,None,Volume E: (\Device\HarddiskVolume6) is healthy.  No action is needed.
Information,3/13/2022 11:02:58 PM,Microsoft-Windows-Ntfs,98,None,Volume H: (\Device\HarddiskVolume8) is healthy.  No action is needed.
Information,3/13/2022 11:02:57 PM,Microsoft-Windows-Ntfs,98,None,Volume D: (\Device\HarddiskVolume4) is healthy.  No action is needed.
Information,3/13/2022 11:02:57 PM,NETwNb64,7001,None,"The description for Event ID 7001 from source NETwNb64 cannot be found. Either the component that raises this event is not installed on your local computer or the installation is corrupted. You can install or repair the component on the local computer.

If the event originated on another computer, the display information had to be saved with the event.

The following information was included with the event:

\Device\NDMP2
Intel(R) Dual Band Wireless-AC 7260

The specified resource type cannot be found in the image file
"
Information,3/13/2022 11:02:57 PM,NETwNb64,7001,None,"The description for Event ID 7001 from source NETwNb64 cannot be found. Either the component that raises this event is not installed on your local computer or the installation is corrupted. You can install or repair the component on the local computer.

If the event originated on another computer, the display information had to be saved with the event.

The following information was included with the event:

\Device\NDMP2
Intel(R) Dual Band Wireless-AC 7260

The specified resource type cannot be found in the image file
"
Information,3/13/2022 11:02:57 PM,Microsoft-Windows-Kernel-Power,521,(220),Active battery count change.
Information,3/13/2022 11:02:57 PM,NETwNb64,7036,None,The \Device\NDMP2 service entered the Intel(R) Dual Band Wireless-AC 7260 state.
Information,3/13/2022 11:02:57 PM,MEIx64,2,None,Intel(R) Management Engine Interface driver has started successfully.
Information,3/13/2022 11:02:57 PM,Microsoft-Windows-Kernel-Processor-Power,55,(47),"Processor 3 in group 0 exposes the following power management capabilities:

Idle state type: ACPI Idle (C) States (3 state(s))

Performance state type: ACPI Performance (P) / Throttle (T) States
Nominal Frequency (MHz): 2501
Maximum performance percentage: 100
Minimum performance percentage: 30
Minimum throttle percentage: 3"
Information,3/13/2022 11:02:57 PM,Microsoft-Windows-Kernel-Processor-Power,55,(47),"Processor 2 in group 0 exposes the following power management capabilities:

Idle state type: ACPI Idle (C) States (3 state(s))

Performance state type: ACPI Performance (P) / Throttle (T) States
Nominal Frequency (MHz): 2501
Maximum performance percentage: 100
Minimum performance percentage: 30
Minimum throttle percentage: 3"
Information,3/13/2022 11:02:57 PM,Microsoft-Windows-Kernel-Processor-Power,55,(47),"Processor 1 in group 0 exposes the following power management capabilities:

Idle state type: ACPI Idle (C) States (3 state(s))

Performance state type: ACPI Performance (P) / Throttle (T) States
Nominal Frequency (MHz): 2501
Maximum performance percentage: 100
Minimum performance percentage: 30
Minimum throttle percentage: 3"
Information,3/13/2022 11:02:57 PM,Microsoft-Windows-Kernel-Processor-Power,55,(47),"Processor 0 in group 0 exposes the following power management capabilities:

Idle state type: ACPI Idle (C) States (3 state(s))

Performance state type: ACPI Performance (P) / Throttle (T) States
Nominal Frequency (MHz): 2501
Maximum performance percentage: 100
Minimum performance percentage: 30
Minimum throttle percentage: 3"
Information,3/13/2022 11:02:57 PM,Microsoft-Windows-Kernel-Power,172,(203),"Connectivity state in standby: Disconnected, Reason: NIC compliance"
Information,3/13/2022 11:02:57 PM,Microsoft-Windows-Ntfs,98,None,Volume \\?\Volume{fa2f021f-0000-0000-0000-100000000000} (\Device\HarddiskVolume1) is healthy.  No action is needed.
Information,3/13/2022 11:02:56 PM,Microsoft-Windows-FilterManager,6,None,"File System Filter 'npsvctrig' (10.0, ‎2025‎-‎01‎-‎05T19:41:12.000000000Z) has successfully loaded and registered with Filter Manager."
Information,3/13/2022 11:02:56 PM,Microsoft-Windows-FilterManager,6,None,"File System Filter 'FileCrypt' (10.0, ‎2002‎-‎03‎-‎01T04:12:42.000000000Z) has successfully loaded and registered with Filter Manager."
Information,3/13/2022 11:02:56 PM,Microsoft-Windows-Ntfs,98,None,Volume C: (\Device\HarddiskVolume2) is healthy.  No action is needed.
Information,3/13/2022 11:02:55 PM,Microsoft-Windows-FilterManager,6,None,"File System Filter 'WdFilter' (10.0, ‎2040‎-‎09‎-‎08T08:48:02.000000000Z) has successfully loaded and registered with Filter Manager."
Information,3/13/2022 11:02:55 PM,Microsoft-Windows-FilterManager,6,None,"File System Filter 'Wof' (10.0, ‎2024‎-‎08‎-‎23T07:35:41.000000000Z) has successfully loaded and registered with Filter Manager."
Information,3/13/2022 11:02:55 PM,Microsoft-Windows-FilterManager,6,None,"File System Filter 'FileInfo' (10.0, ‎2062‎-‎12‎-‎22T22:21:06.000000000Z) has successfully loaded and registered with Filter Manager."
Information,3/13/2022 11:02:55 PM,TPM,24,None,The Trusted Platform Module (TPM) status: Enabled and Active.
Information,3/13/2022 11:02:55 PM,Microsoft-Windows-HAL,16,None,The iommu fault reporting has been initialized.
Information,3/13/2022 11:02:54 PM,Microsoft-Windows-Kernel-General,20,(6),"The leap second configuration has been updated.
Reason: Leap second data initialized from registry during boot
Leap seconds enabled: true
New leap second count: 0
Old leap second count: 0"
Information,3/13/2022 11:02:54 PM,Microsoft-Windows-Kernel-Boot,30,(21),The firmware reported boot metrics.
Information,3/13/2022 11:02:54 PM,Microsoft-Windows-Kernel-Boot,32,(58),The bootmgr spent 0 ms waiting for user input.
Information,3/13/2022 11:02:54 PM,Microsoft-Windows-Kernel-Boot,18,(57),There are 0x1 boot options on this system.
Information,3/13/2022 11:02:54 PM,Microsoft-Windows-Kernel-Boot,27,(33),The boot type was 0x0.
Information,3/13/2022 11:02:54 PM,Microsoft-Windows-Kernel-Boot,25,(32),The boot menu policy was 0x1.
Information,3/13/2022 11:02:54 PM,Microsoft-Windows-Kernel-Boot,20,(31),The last shutdown's success status was true. The last boot's success status was true.
Information,3/13/2022 11:02:54 PM,Microsoft-Windows-Kernel-Boot,153,(62),Virtualization-based security (policies: 0) is disabled.
Information,3/13/2022 11:02:54 PM,Microsoft-Windows-Kernel-General,12,(1),The operating system started at system time ‎2022‎-‎03‎-‎14T06:02:54.500000000Z.
Information,3/13/2022 11:02:43 PM,Microsoft-Windows-Kernel-General,13,(2),The operating system is shutting down at system time ‎2022‎-‎03‎-‎14T06:02:43.462946100Z.
Information,3/13/2022 11:02:41 PM,Microsoft-Windows-Kernel-Power,109,(103),"The kernel power manager has initiated a shutdown transition.

Shutdown Reason: Kernel API"
Information,3/13/2022 11:03:03 PM,EventLog,6013,None,The system uptime is 9 seconds.
Information,3/13/2022 11:03:03 PM,EventLog,6005,None,The Event log service was started.
Information,3/13/2022 11:03:03 PM,EventLog,6009,None,Microsoft (R) Windows (R) 10.00. 19042  Multiprocessor Free.
Information,3/13/2022 11:02:40 PM,Microsoft-Windows-Dhcp-Client,50037,Service State Event,DHCPv4 client service is stopped. ShutDown Flag value is 1
Information,3/13/2022 11:02:40 PM,Microsoft-Windows-DHCPv6-Client,51047,Service State Event,DHCPv6 client service is stopped. ShutDown Flag value is 1
Information,3/13/2022 11:02:40 PM,Microsoft-Windows-Dhcp-Client,50106,Service State Event,DHCPv4 is waiting on DHCPv6 service to stop
Information,3/13/2022 11:02:40 PM,Microsoft-Windows-Dhcp-Client,50105,Service State Event,DHCPv4 client ProcessDHCPRequestForever received TERMINATE_EVENT
Information,3/13/2022 11:02:40 PM,Microsoft-Windows-Dhcp-Client,50104,Service State Event,DHCPv4 client received shutdown notification
Error,3/13/2022 11:02:40 PM,Service Control Manager,7001,None,"The AppX Deployment Service (AppXSVC) service depends on the State Repository Service service which failed to start because of the following error:
The operation completed successfully."
Information,3/13/2022 11:02:40 PM,EventLog,6006,None,The Event log service was stopped.
Error,3/13/2022 11:02:37 PM,Service Control Manager,7023,None,"The Microsoft Defender Antivirus Service service terminated with the following error:
A system shutdown is in progress."
Information,3/13/2022 11:02:36 PM,TPM,18,None,This event triggers the Trusted Platform Module (TPM) provisioning/status check to run.
Information,3/13/2022 11:02:36 PM,Service Control Manager,7026,None,"The following boot-start or system-start driver(s) did not load:
dam"
Information,3/13/2022 11:02:34 PM,IntelHaxm,4,None,"The description for Event ID 4 from source IntelHaxm cannot be found. Either the component that raises this event is not installed on your local computer or the installation is corrupted. You can install or repair the component on the local computer.

If the event originated on another computer, the display information had to be saved with the event.

The following information was included with the event:


The message resource is present but the message was not found in the message table
"
Information,3/13/2022 11:02:34 PM,Microsoft-Windows-WLAN-AutoConfig,4000,None,"WLAN AutoConfig service has successfully started.
"
Information,3/13/2022 11:02:32 PM,Microsoft-Windows-DHCPv6-Client,51046,Service State Event,DHCPv6 client service is started
Information,3/13/2022 11:02:32 PM,Microsoft-Windows-Dhcp-Client,50103,Service State Event,DHCPv4 client registered for shutdown notification
Information,3/13/2022 11:02:32 PM,Microsoft-Windows-Dhcp-Client,50036,Service State Event,DHCPv4 client service is started
Information,3/13/2022 11:02:32 PM,Microsoft-Windows-FilterManager,6,None,"File System Filter 'bindflt' (10.0, ‎2029‎-‎08‎-‎21T06:48:14.000000000Z) has successfully loaded and registered with Filter Manager."
Information,3/13/2022 11:02:32 PM,Microsoft-Windows-FilterManager,6,None,"File System Filter 'storqosflt' (10.0, ‎2007‎-‎04‎-‎09T11:08:30.000000000Z) has successfully loaded and registered with Filter Manager."
Information,3/13/2022 11:02:32 PM,Microsoft-Windows-FilterManager,6,None,"File System Filter 'CldFlt' (10.0, ‎2037‎-‎08‎-‎04T18:17:29.000000000Z) has successfully loaded and registered with Filter Manager."
Information,3/13/2022 11:02:32 PM,Microsoft-Windows-FilterManager,1,None,"File System Filter 'CldFlt' (Version 10.0, ‎2037‎-‎08‎-‎04T18:17:29.000000000Z) unloaded successfully."
Information,3/13/2022 11:02:32 PM,Microsoft-Windows-FilterManager,6,None,"File System Filter 'CldFlt' (10.0, ‎2037‎-‎08‎-‎04T18:17:29.000000000Z) has successfully loaded and registered with Filter Manager."
Information,3/13/2022 11:02:32 PM,Microsoft-Windows-FilterManager,6,None,"File System Filter 'luafv' (10.0, ‎2041‎-‎09‎-‎18T22:13:33.000000000Z) has successfully loaded and registered with Filter Manager."
Information,3/13/2022 11:02:32 PM,Microsoft-Windows-FilterManager,6,None,"File System Filter 'wcifs' (10.0, ‎1989‎-‎06‎-‎09T15:43:09.000000000Z) has successfully loaded and registered with Filter Manager."
Information,3/13/2022 11:02:31 PM,User32,1074,None,"The process C:\WINDOWS\servicing\TrustedInstaller.exe (DESKTOP-D57JJ0U) has initiated the restart of computer DESKTOP-D57JJ0U on behalf of user NT AUTHORITY\SYSTEM for the following reason: Operating System: Upgrade (Planned)
 Reason Code: 0x80020003
 Shutdown Type: restart
 Comment: "
Warning,3/13/2022 11:02:25 PM,Microsoft-Windows-Kernel-Processor-Power,37,(7),The speed of processor 2 in group 0 is being limited by system firmware. The processor has been in this reduced performance state for 71 seconds since the last report.
Warning,3/13/2022 11:02:25 PM,Microsoft-Windows-Kernel-Processor-Power,37,(7),The speed of processor 1 in group 0 is being limited by system firmware. The processor has been in this reduced performance state for 71 seconds since the last report.
Warning,3/13/2022 11:02:25 PM,Microsoft-Windows-Kernel-Processor-Power,37,(7),The speed of processor 3 in group 0 is being limited by system firmware. The processor has been in this reduced performance state for 71 seconds since the last report.
Warning,3/13/2022 11:02:25 PM,Microsoft-Windows-Kernel-Processor-Power,37,(7),The speed of processor 0 in group 0 is being limited by system firmware. The processor has been in this reduced performance state for 71 seconds since the last report.
Warning,3/13/2022 11:01:20 PM,e1dexpress,27,None,"Intel(R) Ethernet Connection I218-LM
 Network link is disconnected.
"
Information,3/13/2022 11:01:19 PM,Microsoft-Windows-Directory-Services-SAM,16983,None,"The security account manager is now logging periodic summary events for remote clients that call legacy password change or set RPC methods.

For more information please see https://go.microsoft.com/fwlink/?linkid=2150956.
"
Information,3/13/2022 11:01:19 PM,Microsoft-Windows-Directory-Services-SAM,16977,None,"The domain is configured with the following minimum password length-related settings.

MinimumPasswordLength: 0

RelaxMinimumPasswordLengthLimits: 0

MinimumPasswordLengthAudit: -1

For more information see https://go.microsoft.com/fwlink/?LinkId=2097191.
"
Information,3/13/2022 11:01:19 PM,Microsoft-Windows-Directory-Services-SAM,16962,None,"Remote calls to the SAM database are being restricted using the default security descriptor: O:SYG:SYD:(A;;RC;;;BA).
For more information please see http://go.microsoft.com/fwlink/?LinkId=787651."
Information,3/13/2022 11:01:18 PM,Microsoft-Windows-Wininit,14,None,"Credential Guard configuration: 0x0, 0"
Warning,3/13/2022 11:01:17 PM,BTHUSB,34,None,"The local adapter does not support an important Low Energy controller state to support peripheral mode.  The minimum required supported state mask is 0x2491f7fffff, got 0x1fffffff.  Low Energy peripheral role functionality will not be available."
Information,3/13/2022 11:01:17 PM,Microsoft-Windows-Kernel-General,24,(11),The time zone information was refreshed with exit reason 0. Current time zone bias is 420.
Warning,3/13/2022 11:01:16 PM,Microsoft-Windows-Kernel-PnP,219,(212),The driver \Driver\WudfRd failed to load for the device USB\VID_138A&PID_003F\0020b6b00e80.
Information,3/13/2022 11:01:16 PM,Microsoft-Windows-DriverFrameworks-UserMode,10118,Startup of the UMDF reflector,"UMDF reflector is unable to connect to service control manager (SCM). This is expected during boot, when SCM has not started yet. Will retry when it starts."
Information,3/13/2022 11:01:16 PM,BTHUSB,18,None,Windows cannot store Bluetooth authentication codes (link keys) on the local adapter. Bluetooth keyboards might not work in the system BIOS during startup.
Information,3/13/2022 11:01:16 PM,Microsoft-Windows-Ntfs,98,None,Volume \\?\Volume{fa2f021f-0000-0000-0000-c0773b000000} (\Device\HarddiskVolume3) is healthy.  No action is needed.
Information,3/13/2022 11:01:15 PM,Microsoft-Windows-Ntfs,98,None,Volume F: (\Device\HarddiskVolume7) is healthy.  No action is needed.
Information,3/13/2022 11:01:15 PM,Microsoft-Windows-Ntfs,98,None,Volume G: (\Device\HarddiskVolume5) is healthy.  No action is needed.
Information,3/13/2022 11:01:15 PM,Microsoft-Windows-Ntfs,98,None,Volume E: (\Device\HarddiskVolume6) is healthy.  No action is needed.
Information,3/13/2022 11:01:15 PM,Microsoft-Windows-Kernel-Power,521,(220),Active battery count change.
Information,3/13/2022 11:01:15 PM,Microsoft-Windows-Kernel-Power,105,(100),Power source change.
Information,3/13/2022 11:01:14 PM,Microsoft-Windows-Ntfs,98,None,Volume H: (\Device\HarddiskVolume8) is healthy.  No action is needed.
Information,3/13/2022 11:01:14 PM,Microsoft-Windows-Ntfs,98,None,Volume D: (\Device\HarddiskVolume4) is healthy.  No action is needed.
Information,3/13/2022 11:01:14 PM,Microsoft-Windows-Kernel-Power,521,(220),Active battery count change.
Information,3/13/2022 11:01:14 PM,NETwNb64,7001,None,"The description for Event ID 7001 from source NETwNb64 cannot be found. Either the component that raises this event is not installed on your local computer or the installation is corrupted. You can install or repair the component on the local computer.

If the event originated on another computer, the display information had to be saved with the event.

The following information was included with the event:

\Device\NDMP2
Intel(R) Dual Band Wireless-AC 7260

The specified resource type cannot be found in the image file
"
Information,3/13/2022 11:01:14 PM,NETwNb64,7001,None,"The description for Event ID 7001 from source NETwNb64 cannot be found. Either the component that raises this event is not installed on your local computer or the installation is corrupted. You can install or repair the component on the local computer.

If the event originated on another computer, the display information had to be saved with the event.

The following information was included with the event:

\Device\NDMP2
Intel(R) Dual Band Wireless-AC 7260

The specified resource type cannot be found in the image file
"
Information,3/13/2022 11:01:14 PM,NETwNb64,7036,None,The \Device\NDMP2 service entered the Intel(R) Dual Band Wireless-AC 7260 state.
Information,3/13/2022 11:01:14 PM,MEIx64,2,None,Intel(R) Management Engine Interface driver has started successfully.
Information,3/13/2022 11:01:14 PM,Microsoft-Windows-Kernel-Processor-Power,55,(47),"Processor 3 in group 0 exposes the following power management capabilities:

Idle state type: ACPI Idle (C) States (3 state(s))

Performance state type: ACPI Performance (P) / Throttle (T) States
Nominal Frequency (MHz): 2501
Maximum performance percentage: 100
Minimum performance percentage: 30
Minimum throttle percentage: 3"
Information,3/13/2022 11:01:14 PM,Microsoft-Windows-Kernel-Processor-Power,55,(47),"Processor 2 in group 0 exposes the following power management capabilities:

Idle state type: ACPI Idle (C) States (3 state(s))

Performance state type: ACPI Performance (P) / Throttle (T) States
Nominal Frequency (MHz): 2501
Maximum performance percentage: 100
Minimum performance percentage: 30
Minimum throttle percentage: 3"
Information,3/13/2022 11:01:14 PM,Microsoft-Windows-Kernel-Processor-Power,55,(47),"Processor 1 in group 0 exposes the following power management capabilities:

Idle state type: ACPI Idle (C) States (3 state(s))

Performance state type: ACPI Performance (P) / Throttle (T) States
Nominal Frequency (MHz): 2501
Maximum performance percentage: 100
Minimum performance percentage: 30
Minimum throttle percentage: 3"
Information,3/13/2022 11:01:14 PM,Microsoft-Windows-Kernel-Processor-Power,55,(47),"Processor 0 in group 0 exposes the following power management capabilities:

Idle state type: ACPI Idle (C) States (3 state(s))

Performance state type: ACPI Performance (P) / Throttle (T) States
Nominal Frequency (MHz): 2501
Maximum performance percentage: 100
Minimum performance percentage: 30
Minimum throttle percentage: 3"
Information,3/13/2022 11:01:13 PM,Microsoft-Windows-Kernel-Power,172,(203),"Connectivity state in standby: Disconnected, Reason: NIC compliance"
Critical,3/13/2022 11:01:13 PM,Microsoft-Windows-Kernel-Power,41,(63),"The system has rebooted without cleanly shutting down first. This error could be caused if the system stopped responding, crashed, or lost power unexpectedly."
Information,3/13/2022 11:01:13 PM,Microsoft-Windows-Ntfs,98,None,Volume \\?\Volume{fa2f021f-0000-0000-0000-100000000000} (\Device\HarddiskVolume1) is healthy.  No action is needed.
Information,3/13/2022 11:01:13 PM,Microsoft-Windows-FilterManager,6,None,"File System Filter 'npsvctrig' (10.0, ‎2025‎-‎01‎-‎05T19:41:12.000000000Z) has successfully loaded and registered with Filter Manager."
