Information,3/28/2022 2:28:51 AM,Microsoft-Windows-Kernel-Power,42,(64),"The system is entering sleep.

Sleep Reason: Button or Lid"
Information,3/28/2022 1:41:20 AM,Service Control Manager,7040,None,The start type of the Background Intelligent Transfer Service service was changed from auto start to demand start.
Information,3/28/2022 1:38:44 AM,Service Control Manager,7040,None,The start type of the Background Intelligent Transfer Service service was changed from demand start to auto start.
Warning,3/28/2022 1:37:44 AM,Microsoft-Windows-DistributedCOM,10016,None,"The application-specific permission settings do not grant Local Activation permission for the COM Server application with CLSID
{2593F8B9-4EAF-457C-B68A-50F6B8EA6B54}
 and APPID
{15C20B67-12E7-4BB6-92BB-7AFF07997402}
 to the user DESKTOP-D57JJ0U\Hp SID (S-1-5-21-59471354-1410144394-4117892861-1002) from address LocalHost (Using LRPC) running in the application container Unavailable SID (Unavailable). This security permission can be modified using the Component Services administrative tool."
Warning,3/28/2022 1:37:14 AM,Microsoft-Windows-DistributedCOM,10016,None,"The application-specific permission settings do not grant Local Activation permission for the COM Server application with CLSID
{6B3B8D23-FA8D-40B9-8DBD-B950333E2C52}
 and APPID
{4839DDB7-58C2-48F5-8283-E1D1807D0D7D}
 to the user NT AUTHORITY\LOCAL SERVICE SID (S-1-5-19) from address LocalHost (Using LRPC) running in the application container Unavailable SID (Unavailable). This security permission can be modified using the Component Services administrative tool."
Warning,3/28/2022 1:37:14 AM,Microsoft-Windows-DistributedCOM,10016,None,"The application-specific permission settings do not grant Local Activation permission for the COM Server application with CLSID
{6B3B8D23-FA8D-40B9-8DBD-B950333E2C52}
 and APPID
{4839DDB7-58C2-48F5-8283-E1D1807D0D7D}
 to the user NT AUTHORITY\LOCAL SERVICE SID (S-1-5-19) from address LocalHost (Using LRPC) running in the application container Unavailable SID (Unavailable). This security permission can be modified using the Component Services administrative tool."
Information,3/28/2022 1:37:11 AM,Microsoft-Windows-Winlogon,7001,(1101),User Logon Notification for Customer Experience Improvement Program
Information,3/28/2022 1:37:11 AM,Microsoft-Windows-Power-Troubleshooter,1,None,"The system has returned from a low power state.

Sleep Time: ‎2022‎-‎03‎-‎28T07:23:09.018872700Z
Wake Time: ‎2022‎-‎03‎-‎28T08:37:10.525739900Z

Wake Source: Unknown"
Warning,3/28/2022 1:37:10 AM,BTHUSB,34,None,"The local adapter does not support an important Low Energy controller state to support peripheral mode.  The minimum required supported state mask is 0x2491f7fffff, got 0x1fffffff.  Low Energy peripheral role functionality will not be available."
Information,3/28/2022 1:37:10 AM,BTHUSB,18,None,Windows cannot store Bluetooth authentication codes (link keys) on the local adapter. Bluetooth keyboards might not work in the system BIOS during startup.
Information,3/28/2022 1:37:09 AM,Microsoft-Windows-Kernel-Boot,32,(58),The bootmgr spent 0 ms waiting for user input.
Information,3/28/2022 1:37:09 AM,Microsoft-Windows-Kernel-Boot,18,(57),There are 0x1 boot options on this system.
Information,3/28/2022 1:37:09 AM,Microsoft-Windows-Kernel-Boot,27,(33),The boot type was 0x1.
Information,3/28/2022 1:37:09 AM,Microsoft-Windows-Kernel-Boot,25,(32),The boot menu policy was 0x1.
Information,3/28/2022 1:37:09 AM,Microsoft-Windows-Kernel-Boot,30,(21),The firmware reported boot metrics.
Information,3/28/2022 1:37:07 AM,Microsoft-Windows-Kernel-General,1,(5),"The system time has changed to ‎2022‎-‎03‎-‎28T08:37:07.500000000Z from ‎2022‎-‎03‎-‎28T07:23:15.139703500Z.

Change Reason: System time synchronized with the hardware clock.
Process: '' (PID 4)."
Information,3/28/2022 12:23:15 AM,Microsoft-Windows-Kernel-Power,107,(102),The system has resumed from sleep.
Information,3/28/2022 12:23:11 AM,Microsoft-Windows-Kernel-Power,42,(64),"The system is entering sleep.

Sleep Reason: Application API"
Information,3/28/2022 12:23:09 AM,Microsoft-Windows-Kernel-Power,187,(243),User-mode process attempted to change the system state by calling SetSuspendState or SetSystemPowerState APIs.
Information,3/28/2022 12:23:08 AM,Microsoft-Windows-Winlogon,7002,(1102),User Logoff Notification for Customer Experience Improvement Program
Information,3/28/2022 12:14:49 AM,Microsoft-Windows-Kernel-Power,105,(100),Power source change.
Information,3/27/2022 11:18:08 PM,Service Control Manager,7040,None,The start type of the Background Intelligent Transfer Service service was changed from auto start to demand start.
Information,3/27/2022 11:15:39 PM,Service Control Manager,7040,None,The start type of the Background Intelligent Transfer Service service was changed from demand start to auto start.
Information,3/27/2022 10:22:21 PM,Microsoft-Windows-WindowsUpdateClient,19,Windows Update Agent,Installation Successful: Windows successfully installed the following update: Security Intelligence Update for Microsoft Defender Antivirus - KB2267602 (Version 1.361.863.0)
Information,3/27/2022 10:22:12 PM,Microsoft-Windows-WindowsUpdateClient,43,Windows Update Agent,Installation Started: Windows has started installing the following update: Security Intelligence Update for Microsoft Defender Antivirus - KB2267602 (Version 1.361.863.0)
Information,3/27/2022 10:22:12 PM,Microsoft-Windows-WindowsUpdateClient,44,Windows Update Agent,Windows Update started downloading an update.
Information,3/27/2022 10:05:00 PM,Service Control Manager,7040,None,The start type of the Background Intelligent Transfer Service service was changed from auto start to demand start.
Information,3/27/2022 10:02:53 PM,Service Control Manager,7040,None,The start type of the Background Intelligent Transfer Service service was changed from demand start to auto start.
Information,3/27/2022 9:49:27 PM,NETwNb64,7001,None,"The description for Event ID 7001 from source NETwNb64 cannot be found. Either the component that raises this event is not installed on your local computer or the installation is corrupted. You can install or repair the component on the local computer.

If the event originated on another computer, the display information had to be saved with the event.

The following information was included with the event:

\Device\NDMP104
Intel(R) Dual Band Wireless-AC 7260

The specified resource type cannot be found in the image file
"
Information,3/27/2022 9:49:27 PM,NETwNb64,7001,None,"The description for Event ID 7001 from source NETwNb64 cannot be found. Either the component that raises this event is not installed on your local computer or the installation is corrupted. You can install or repair the component on the local computer.

If the event originated on another computer, the display information had to be saved with the event.

The following information was included with the event:

\Device\NDMP104
Intel(R) Dual Band Wireless-AC 7260

The specified resource type cannot be found in the image file
"
Information,3/27/2022 9:49:27 PM,NETwNb64,7036,None,The \Device\NDMP104 service entered the Intel(R) Dual Band Wireless-AC 7260 state.
Warning,3/27/2022 9:49:26 PM,Microsoft-Windows-DNS-Client,1014,(1014),Name resolution for the name api.onedrive.com timed out after none of the configured DNS servers responded.
Information,3/27/2022 9:49:26 PM,NETwNb64,8000,None,"The description for Event ID 8000 from source NETwNb64 cannot be found. Either the component that raises this event is not installed on your local computer or the installation is corrupted. You can install or repair the component on the local computer.

If the event originated on another computer, the display information had to be saved with the event.

The following information was included with the event:

\Device\NDMP101
Intel(R) Dual Band Wireless-AC 7260

The specified resource type cannot be found in the image file
"
Warning,3/27/2022 9:49:26 PM,Microsoft-Windows-WLAN-AutoConfig,4003,None,"WLAN AutoConfig detected limited connectivity, attempting automatic recovery.

Recovery Type: 4
Error Code: 0x0
Trigger Reason: 7
IP Family: 0
"
Information,3/27/2022 9:34:50 PM,NETwNb64,5060,None,"The description for Event ID 5060 from source NETwNb64 cannot be found. Either the component that raises this event is not installed on your local computer or the installation is corrupted. You can install or repair the component on the local computer.

If the event originated on another computer, the display information had to be saved with the event.

The following information was included with the event:

\Device\NDMP101
Intel(R) Dual Band Wireless-AC 7260

The specified resource type cannot be found in the image file
"
Information,3/27/2022 8:53:55 PM,Service Control Manager,7040,None,The start type of the Background Intelligent Transfer Service service was changed from auto start to demand start.
Information,3/27/2022 8:51:49 PM,Service Control Manager,7040,None,The start type of the Background Intelligent Transfer Service service was changed from demand start to auto start.
Warning,3/27/2022 8:50:11 PM,Microsoft-Windows-DistributedCOM,10016,None,"The machine-default permission settings do not grant Local Activation permission for the COM Server application with CLSID
{C2F03A33-21F5-47FA-B4BB-156362A2F239}
 and APPID
{316CDED5-E4AE-4B15-9113-7055D84DCC97}
 to the user DESKTOP-D57JJ0U\Hp SID (S-1-5-21-59471354-1410144394-4117892861-1002) from address LocalHost (Using LRPC) running in the application container Microsoft.Windows.ShellExperienceHost_10.0.19041.1320_neutral_neutral_cw5n1h2txyewy SID (S-1-15-2-155514346-2573954481-755741238-1654018636-1233331829-3075935687-2861478708). This security permission can be modified using the Component Services administrative tool."
Information,3/27/2022 8:27:29 PM,Service Control Manager,7040,None,The start type of the Background Intelligent Transfer Service service was changed from auto start to demand start.
Warning,3/27/2022 8:25:39 PM,Microsoft-Windows-DistributedCOM,10016,None,"The machine-default permission settings do not grant Local Activation permission for the COM Server application with CLSID
{C2F03A33-21F5-47FA-B4BB-156362A2F239}
 and APPID
{316CDED5-E4AE-4B15-9113-7055D84DCC97}
 to the user DESKTOP-D57JJ0U\Hp SID (S-1-5-21-59471354-1410144394-4117892861-1002) from address LocalHost (Using LRPC) running in the application container Microsoft.Windows.ShellExperienceHost_10.0.19041.1320_neutral_neutral_cw5n1h2txyewy SID (S-1-15-2-155514346-2573954481-755741238-1654018636-1233331829-3075935687-2861478708). This security permission can be modified using the Component Services administrative tool."
Information,3/27/2022 8:25:25 PM,Service Control Manager,7040,None,The start type of the Background Intelligent Transfer Service service was changed from demand start to auto start.
Information,3/27/2022 8:25:11 PM,Service Control Manager,7045,None,"A service was installed in the system.

Service Name:  MpKsle7aed1f5
Service File Name:  C:\ProgramData\Microsoft\Windows Defender\Definition Updates\{BAB2FE8C-A96B-4602-A36D-EA5515BF1757}\MpKslDrv.sys
Service Type:  kernel mode driver
Service Start Type:  demand start
Service Account:  "
Information,3/27/2022 8:08:40 PM,Service Control Manager,7040,None,The start type of the Background Intelligent Transfer Service service was changed from auto start to demand start.
Information,3/27/2022 8:05:27 PM,Service Control Manager,7040,None,The start type of the Background Intelligent Transfer Service service was changed from demand start to auto start.
Warning,3/27/2022 8:04:26 PM,Microsoft-Windows-DistributedCOM,10016,None,"The application-specific permission settings do not grant Local Activation permission for the COM Server application with CLSID
{2593F8B9-4EAF-457C-B68A-50F6B8EA6B54}
 and APPID
{15C20B67-12E7-4BB6-92BB-7AFF07997402}
 to the user DESKTOP-D57JJ0U\Hp SID (S-1-5-21-59471354-1410144394-4117892861-1002) from address LocalHost (Using LRPC) running in the application container Unavailable SID (Unavailable). This security permission can be modified using the Component Services administrative tool."
Warning,3/27/2022 8:03:26 PM,Microsoft-Windows-DistributedCOM,10016,None,"The application-specific permission settings do not grant Local Activation permission for the COM Server application with CLSID
{2593F8B9-4EAF-457C-B68A-50F6B8EA6B54}
 and APPID
{15C20B67-12E7-4BB6-92BB-7AFF07997402}
 to the user DESKTOP-D57JJ0U\Hp SID (S-1-5-21-59471354-1410144394-4117892861-1002) from address LocalHost (Using LRPC) running in the application container Unavailable SID (Unavailable). This security permission can be modified using the Component Services administrative tool."
Information,3/27/2022 8:00:50 PM,Microsoft-Windows-Kernel-Power,105,(100),Power source change.
Warning,3/27/2022 7:59:12 PM,Microsoft-Windows-DistributedCOM,10016,None,"The application-specific permission settings do not grant Local Activation permission for the COM Server application with CLSID
{6B3B8D23-FA8D-40B9-8DBD-B950333E2C52}
 and APPID
{4839DDB7-58C2-48F5-8283-E1D1807D0D7D}
 to the user NT AUTHORITY\LOCAL SERVICE SID (S-1-5-19) from address LocalHost (Using LRPC) running in the application container Unavailable SID (Unavailable). This security permission can be modified using the Component Services administrative tool."
Warning,3/27/2022 7:59:12 PM,Microsoft-Windows-DistributedCOM,10016,None,"The application-specific permission settings do not grant Local Activation permission for the COM Server application with CLSID
{6B3B8D23-FA8D-40B9-8DBD-B950333E2C52}
 and APPID
{4839DDB7-58C2-48F5-8283-E1D1807D0D7D}
 to the user NT AUTHORITY\LOCAL SERVICE SID (S-1-5-19) from address LocalHost (Using LRPC) running in the application container Unavailable SID (Unavailable). This security permission can be modified using the Component Services administrative tool."
Information,3/27/2022 7:59:10 PM,Microsoft-Windows-Winlogon,7001,(1101),User Logon Notification for Customer Experience Improvement Program
Information,3/27/2022 7:59:10 PM,Microsoft-Windows-Time-Service,37,None,"The time provider NtpClient is currently receiving valid time data from time.windows.com,0x9 (ntp.m|0x9|0.0.0.0:123->40.81.94.65:123)."
Information,3/27/2022 7:59:10 PM,Microsoft-Windows-Power-Troubleshooter,1,None,"The system has returned from a low power state.

Sleep Time: ‎2022‎-‎03‎-‎27T17:14:47.666286500Z
Wake Time: ‎2022‎-‎03‎-‎28T02:59:09.320577100Z

Wake Source: Unknown"
Warning,3/27/2022 7:59:08 PM,BTHUSB,34,None,"The local adapter does not support an important Low Energy controller state to support peripheral mode.  The minimum required supported state mask is 0x2491f7fffff, got 0x1fffffff.  Low Energy peripheral role functionality will not be available."
Information,3/27/2022 7:59:08 PM,BTHUSB,18,None,Windows cannot store Bluetooth authentication codes (link keys) on the local adapter. Bluetooth keyboards might not work in the system BIOS during startup.
Information,3/27/2022 7:59:07 PM,Microsoft-Windows-Kernel-Boot,32,(58),The bootmgr spent 0 ms waiting for user input.
Information,3/27/2022 7:59:07 PM,Microsoft-Windows-Kernel-Boot,18,(57),There are 0x1 boot options on this system.
Information,3/27/2022 7:59:07 PM,Microsoft-Windows-Kernel-Boot,27,(33),The boot type was 0x1.
Information,3/27/2022 7:59:07 PM,Microsoft-Windows-Kernel-Boot,25,(32),The boot menu policy was 0x1.
Information,3/27/2022 7:59:07 PM,Microsoft-Windows-Kernel-Boot,30,(21),The firmware reported boot metrics.
Information,3/27/2022 7:59:07 PM,Microsoft-Windows-Kernel-Power,105,(100),Power source change.
Warning,3/27/2022 7:59:07 PM,Microsoft-Windows-Time-Service,134,None,"NtpClient was unable to set a manual peer to use as a time source because of DNS resolution error on 'time.windows.com,0x9'. NtpClient will try again in 15 minutes and double the reattempt interval thereafter. The error was: No such host is known. (0x80072AF9)"
Information,3/27/2022 7:59:05 PM,Microsoft-Windows-Kernel-General,1,(5),"The system time has changed to ‎2022‎-‎03‎-‎28T02:59:05.500000000Z from ‎2022‎-‎03‎-‎27T17:14:50.731257700Z.

Change Reason: System time synchronized with the hardware clock.
Process: '' (PID 4)."
Information,3/27/2022 7:59:06 PM,EventLog,6013,None,The system uptime is 1194288 seconds.
Information,3/27/2022 10:14:50 AM,Microsoft-Windows-Kernel-Power,107,(102),The system has resumed from sleep.
Information,3/27/2022 10:14:48 AM,Microsoft-Windows-Kernel-Power,42,(64),"The system is entering sleep.

Sleep Reason: Application API"
Information,3/27/2022 10:14:47 AM,Microsoft-Windows-Kernel-Power,187,(243),User-mode process attempted to change the system state by calling SetSuspendState or SetSystemPowerState APIs.
Information,3/27/2022 10:14:47 AM,Microsoft-Windows-Winlogon,7002,(1102),User Logoff Notification for Customer Experience Improvement Program
Information,3/27/2022 10:05:15 AM,Microsoft-Windows-Power-Troubleshooter,1,None,"The system has returned from a low power state.

Sleep Time: ‎2022‎-‎03‎-‎27T17:04:22.874927500Z
Wake Time: ‎2022‎-‎03‎-‎27T17:05:14.745089700Z

Wake Source: Unknown"
Warning,3/27/2022 10:05:14 AM,BTHUSB,34,None,"The local adapter does not support an important Low Energy controller state to support peripheral mode.  The minimum required supported state mask is 0x2491f7fffff, got 0x1fffffff.  Low Energy peripheral role functionality will not be available."
Information,3/27/2022 10:05:14 AM,BTHUSB,18,None,Windows cannot store Bluetooth authentication codes (link keys) on the local adapter. Bluetooth keyboards might not work in the system BIOS during startup.
Information,3/27/2022 10:05:13 AM,Microsoft-Windows-Kernel-Boot,32,(58),The bootmgr spent 0 ms waiting for user input.
Information,3/27/2022 10:05:13 AM,Microsoft-Windows-Kernel-Boot,18,(57),There are 0x1 boot options on this system.
Information,3/27/2022 10:05:13 AM,Microsoft-Windows-Kernel-Boot,27,(33),The boot type was 0x2.
Information,3/27/2022 10:05:13 AM,Microsoft-Windows-Kernel-Boot,25,(32),The boot menu policy was 0x1A63F8.
Information,3/27/2022 10:05:13 AM,Microsoft-Windows-Kernel-Boot,30,(21),The firmware reported boot metrics.
Information,3/27/2022 10:05:13 AM,Microsoft-Windows-Kernel-Power,105,(100),Power source change.
Information,3/27/2022 10:05:11 AM,Microsoft-Windows-Kernel-General,1,(5),"The system time has changed to ‎2022‎-‎03‎-‎27T17:05:11.500000000Z from ‎2022‎-‎03‎-‎27T17:04:27.376428900Z.

Change Reason: System time synchronized with the hardware clock.
Process: '' (PID 4)."
Information,3/27/2022 10:04:27 AM,Microsoft-Windows-Kernel-Power,107,(102),The system has resumed from sleep.
Information,3/27/2022 10:04:25 AM,Microsoft-Windows-Kernel-Power,42,(64),"The system is entering sleep.

Sleep Reason: Battery"
Information,3/27/2022 10:04:22 AM,Microsoft-Windows-Kernel-Power,524,(223),Critical Battery Trigger Met
Warning,3/27/2022 9:52:42 AM,Microsoft-Windows-DNS-Client,1014,(1014),Name resolution for the name spclient.wg.spotify.com timed out after none of the configured DNS servers responded.
Information,3/27/2022 9:20:56 AM,NETwNb64,7001,None,"The description for Event ID 7001 from source NETwNb64 cannot be found. Either the component that raises this event is not installed on your local computer or the installation is corrupted. You can install or repair the component on the local computer.

If the event originated on another computer, the display information had to be saved with the event.

The following information was included with the event:

\Device\NDMP101
Intel(R) Dual Band Wireless-AC 7260

The specified resource type cannot be found in the image file
"
Information,3/27/2022 9:20:56 AM,NETwNb64,7001,None,"The description for Event ID 7001 from source NETwNb64 cannot be found. Either the component that raises this event is not installed on your local computer or the installation is corrupted. You can install or repair the component on the local computer.

If the event originated on another computer, the display information had to be saved with the event.

The following information was included with the event:

\Device\NDMP101
Intel(R) Dual Band Wireless-AC 7260

The specified resource type cannot be found in the image file
"
Information,3/27/2022 9:20:56 AM,NETwNb64,7036,None,The \Device\NDMP101 service entered the Intel(R) Dual Band Wireless-AC 7260 state.
Information,3/27/2022 9:20:55 AM,NETwNb64,8000,None,"The description for Event ID 8000 from source NETwNb64 cannot be found. Either the component that raises this event is not installed on your local computer or the installation is corrupted. You can install or repair the component on the local computer.

If the event originated on another computer, the display information had to be saved with the event.

The following information was included with the event:

\Device\NDMP98
Intel(R) Dual Band Wireless-AC 7260

The specified resource type cannot be found in the image file
"
Warning,3/27/2022 9:20:55 AM,Microsoft-Windows-WLAN-AutoConfig,4003,None,"WLAN AutoConfig detected limited connectivity, attempting automatic recovery.

Recovery Type: 4
Error Code: 0x0
Trigger Reason: 7
IP Family: 0
"
Warning,3/27/2022 9:20:51 AM,Microsoft-Windows-DNS-Client,1014,(1014),Name resolution for the name rr4---sn-4wg7ln7d.googlevideo.com timed out after none of the configured DNS servers responded.
Warning,3/27/2022 9:06:49 AM,Microsoft-Windows-DNS-Client,1014,(1014),Name resolution for the name www.youtube.com timed out after none of the configured DNS servers responded.
Information,3/27/2022 9:06:48 AM,NETwNb64,7001,None,"The description for Event ID 7001 from source NETwNb64 cannot be found. Either the component that raises this event is not installed on your local computer or the installation is corrupted. You can install or repair the component on the local computer.

If the event originated on another computer, the display information had to be saved with the event.

The following information was included with the event:

\Device\NDMP98
Intel(R) Dual Band Wireless-AC 7260

The specified resource type cannot be found in the image file
"
Information,3/27/2022 9:06:48 AM,NETwNb64,7001,None,"The description for Event ID 7001 from source NETwNb64 cannot be found. Either the component that raises this event is not installed on your local computer or the installation is corrupted. You can install or repair the component on the local computer.

If the event originated on another computer, the display information had to be saved with the event.

The following information was included with the event:

\Device\NDMP98
Intel(R) Dual Band Wireless-AC 7260

The specified resource type cannot be found in the image file
"
Information,3/27/2022 9:06:48 AM,NETwNb64,7036,None,The \Device\NDMP98 service entered the Intel(R) Dual Band Wireless-AC 7260 state.
Information,3/27/2022 9:06:47 AM,NETwNb64,8000,None,"The description for Event ID 8000 from source NETwNb64 cannot be found. Either the component that raises this event is not installed on your local computer or the installation is corrupted. You can install or repair the component on the local computer.

If the event originated on another computer, the display information had to be saved with the event.

The following information was included with the event:

\Device\NDMP95
Intel(R) Dual Band Wireless-AC 7260

The specified resource type cannot be found in the image file
"
Information,3/27/2022 8:56:34 AM,Service Control Manager,7040,None,The start type of the Background Intelligent Transfer Service service was changed from auto start to demand start.
Warning,3/27/2022 8:55:25 AM,Microsoft-Windows-WLAN-AutoConfig,4003,None,"WLAN AutoConfig detected limited connectivity, attempting automatic recovery.

Recovery Type: 4
Error Code: 0x0
Trigger Reason: 7
IP Family: 0
"
Warning,3/27/2022 8:55:06 AM,Microsoft-Windows-DNS-Client,1014,(1014),Name resolution for the name self.events.data.microsoft.com timed out after none of the configured DNS servers responded.
Information,3/27/2022 8:53:38 AM,NETwNb64,7001,None,"The description for Event ID 7001 from source NETwNb64 cannot be found. Either the component that raises this event is not installed on your local computer or the installation is corrupted. You can install or repair the component on the local computer.

If the event originated on another computer, the display information had to be saved with the event.

The following information was included with the event:

\Device\NDMP95
Intel(R) Dual Band Wireless-AC 7260

The specified resource type cannot be found in the image file
"
Information,3/27/2022 8:53:38 AM,NETwNb64,7001,None,"The description for Event ID 7001 from source NETwNb64 cannot be found. Either the component that raises this event is not installed on your local computer or the installation is corrupted. You can install or repair the component on the local computer.

If the event originated on another computer, the display information had to be saved with the event.

The following information was included with the event:

\Device\NDMP95
Intel(R) Dual Band Wireless-AC 7260

The specified resource type cannot be found in the image file
"
Information,3/27/2022 8:53:38 AM,NETwNb64,7036,None,The \Device\NDMP95 service entered the Intel(R) Dual Band Wireless-AC 7260 state.
Information,3/27/2022 8:53:37 AM,NETwNb64,8000,None,"The description for Event ID 8000 from source NETwNb64 cannot be found. Either the component that raises this event is not installed on your local computer or the installation is corrupted. You can install or repair the component on the local computer.

If the event originated on another computer, the display information had to be saved with the event.

The following information was included with the event:

\Device\NDMP92
Intel(R) Dual Band Wireless-AC 7260

The specified resource type cannot be found in the image file
"
Warning,3/27/2022 8:53:37 AM,Microsoft-Windows-WLAN-AutoConfig,4003,None,"WLAN AutoConfig detected limited connectivity, attempting automatic recovery.

Recovery Type: 4
Error Code: 0x0
Trigger Reason: 7
IP Family: 0
"
Warning,3/27/2022 8:52:54 AM,Microsoft-Windows-DNS-Client,1014,(1014),Name resolution for the name history.google.com timed out after none of the configured DNS servers responded.
Information,3/27/2022 8:48:20 AM,Microsoft-Windows-WindowsUpdateClient,19,Windows Update Agent,Installation Successful: Windows successfully installed the following update: Security Intelligence Update for Microsoft Defender Antivirus - KB2267602 (Version 1.361.831.0)
Information,3/27/2022 8:48:06 AM,Microsoft-Windows-WindowsUpdateClient,43,Windows Update Agent,Installation Started: Windows has started installing the following update: Security Intelligence Update for Microsoft Defender Antivirus - KB2267602 (Version 1.361.831.0)
Information,3/27/2022 8:48:06 AM,Microsoft-Windows-WindowsUpdateClient,44,Windows Update Agent,Windows Update started downloading an update.
Warning,3/27/2022 8:47:19 AM,Microsoft-Windows-DistributedCOM,10016,None,"The application-specific permission settings do not grant Local Activation permission for the COM Server application with CLSID
{2593F8B9-4EAF-457C-B68A-50F6B8EA6B54}
 and APPID
{15C20B67-12E7-4BB6-92BB-7AFF07997402}
 to the user DESKTOP-D57JJ0U\Hp SID (S-1-5-21-59471354-1410144394-4117892861-1002) from address LocalHost (Using LRPC) running in the application container Unavailable SID (Unavailable). This security permission can be modified using the Component Services administrative tool."
Information,3/27/2022 8:46:43 AM,Service Control Manager,7040,None,The start type of the Background Intelligent Transfer Service service was changed from demand start to auto start.
Information,3/27/2022 8:46:39 AM,Microsoft-Windows-Time-Service,37,None,"The time provider NtpClient is currently receiving valid time data from time.windows.com,0x9 (ntp.m|0x9|0.0.0.0:123->40.81.94.65:123)."
Warning,3/27/2022 8:46:38 AM,Microsoft-Windows-DistributedCOM,10016,None,"The application-specific permission settings do not grant Local Activation permission for the COM Server application with CLSID
{6B3B8D23-FA8D-40B9-8DBD-B950333E2C52}
 and APPID
{4839DDB7-58C2-48F5-8283-E1D1807D0D7D}
 to the user NT AUTHORITY\LOCAL SERVICE SID (S-1-5-19) from address LocalHost (Using LRPC) running in the application container Unavailable SID (Unavailable). This security permission can be modified using the Component Services administrative tool."
Warning,3/27/2022 8:46:38 AM,Microsoft-Windows-DistributedCOM,10016,None,"The application-specific permission settings do not grant Local Activation permission for the COM Server application with CLSID
{6B3B8D23-FA8D-40B9-8DBD-B950333E2C52}
 and APPID
{4839DDB7-58C2-48F5-8283-E1D1807D0D7D}
 to the user NT AUTHORITY\LOCAL SERVICE SID (S-1-5-19) from address LocalHost (Using LRPC) running in the application container Unavailable SID (Unavailable). This security permission can be modified using the Component Services administrative tool."
Information,3/27/2022 8:46:36 AM,NETwNb64,5060,None,"The description for Event ID 5060 from source NETwNb64 cannot be found. Either the component that raises this event is not installed on your local computer or the installation is corrupted. You can install or repair the component on the local computer.

If the event originated on another computer, the display information had to be saved with the event.

The following information was included with the event:

\Device\NDMP92
Intel(R) Dual Band Wireless-AC 7260

The specified resource type cannot be found in the image file
"
Information,3/27/2022 8:46:35 AM,Microsoft-Windows-Winlogon,7001,(1101),User Logon Notification for Customer Experience Improvement Program
Information,3/27/2022 8:46:35 AM,Microsoft-Windows-Power-Troubleshooter,1,None,"The system has returned from a low power state.

Sleep Time: ‎2022‎-‎03‎-‎26T17:04:49.285388500Z
Wake Time: ‎2022‎-‎03‎-‎27T15:46:34.756972700Z

Wake Source: Unknown"
Warning,3/27/2022 8:46:34 AM,Microsoft-Windows-Time-Service,134,None,"NtpClient was unable to set a manual peer to use as a time source because of DNS resolution error on 'time.windows.com,0x9'. NtpClient will try again in 15 minutes and double the reattempt interval thereafter. The error was: No such host is known. (0x80072AF9)"
Warning,3/27/2022 8:46:34 AM,BTHUSB,34,None,"The local adapter does not support an important Low Energy controller state to support peripheral mode.  The minimum required supported state mask is 0x2491f7fffff, got 0x1fffffff.  Low Energy peripheral role functionality will not be available."
Information,3/27/2022 8:46:34 AM,BTHUSB,18,None,Windows cannot store Bluetooth authentication codes (link keys) on the local adapter. Bluetooth keyboards might not work in the system BIOS during startup.
Information,3/27/2022 8:46:33 AM,Microsoft-Windows-Kernel-Boot,32,(58),The bootmgr spent 0 ms waiting for user input.
Information,3/27/2022 8:46:33 AM,Microsoft-Windows-Kernel-Boot,18,(57),There are 0x1 boot options on this system.
Information,3/27/2022 8:46:33 AM,Microsoft-Windows-Kernel-Boot,27,(33),The boot type was 0x1.
Information,3/27/2022 8:46:33 AM,Microsoft-Windows-Kernel-Boot,25,(32),The boot menu policy was 0x1.
Information,3/27/2022 8:46:33 AM,Microsoft-Windows-Kernel-Boot,30,(21),The firmware reported boot metrics.
Warning,3/27/2022 8:46:33 AM,Microsoft-Windows-Time-Service,134,None,"NtpClient was unable to set a manual peer to use as a time source because of DNS resolution error on 'time.windows.com,0x9'. NtpClient will try again in 15 minutes and double the reattempt interval thereafter. The error was: No such host is known. (0x80072AF9)"
Information,3/27/2022 8:46:31 AM,Microsoft-Windows-Kernel-General,1,(5),"The system time has changed to ‎2022‎-‎03‎-‎27T15:46:31.500000000Z from ‎2022‎-‎03‎-‎26T17:04:54.184149200Z.

Change Reason: System time synchronized with the hardware clock.
Process: '' (PID 4)."
Information,3/27/2022 8:46:32 AM,EventLog,6013,None,The system uptime is 1153934 seconds.
Information,3/26/2022 10:04:54 AM,Microsoft-Windows-Kernel-Power,107,(102),The system has resumed from sleep.
Information,3/26/2022 10:04:52 AM,Microsoft-Windows-Kernel-Power,42,(64),"The system is entering sleep.

Sleep Reason: Application API"
Information,3/26/2022 10:04:49 AM,Microsoft-Windows-Kernel-Power,187,(243),User-mode process attempted to change the system state by calling SetSuspendState or SetSystemPowerState APIs.
Information,3/26/2022 10:04:48 AM,Microsoft-Windows-Winlogon,7002,(1102),User Logoff Notification for Customer Experience Improvement Program
Information,3/26/2022 9:34:53 AM,NETwNb64,5060,None,"The description for Event ID 5060 from source NETwNb64 cannot be found. Either the component that raises this event is not installed on your local computer or the installation is corrupted. You can install or repair the component on the local computer.

If the event originated on another computer, the display information had to be saved with the event.

The following information was included with the event:

\Device\NDMP92
Intel(R) Dual Band Wireless-AC 7260

The specified resource type cannot be found in the image file
"
Information,3/26/2022 8:29:10 AM,NETwNb64,7001,None,"The description for Event ID 7001 from source NETwNb64 cannot be found. Either the component that raises this event is not installed on your local computer or the installation is corrupted. You can install or repair the component on the local computer.

If the event originated on another computer, the display information had to be saved with the event.

The following information was included with the event:

\Device\NDMP92
Intel(R) Dual Band Wireless-AC 7260

The specified resource type cannot be found in the image file
"
Information,3/26/2022 8:29:10 AM,NETwNb64,7001,None,"The description for Event ID 7001 from source NETwNb64 cannot be found. Either the component that raises this event is not installed on your local computer or the installation is corrupted. You can install or repair the component on the local computer.

If the event originated on another computer, the display information had to be saved with the event.

The following information was included with the event:

\Device\NDMP92
Intel(R) Dual Band Wireless-AC 7260

The specified resource type cannot be found in the image file
"
Information,3/26/2022 8:29:10 AM,NETwNb64,7036,None,The \Device\NDMP92 service entered the Intel(R) Dual Band Wireless-AC 7260 state.
Information,3/26/2022 8:29:09 AM,NETwNb64,8000,None,"The description for Event ID 8000 from source NETwNb64 cannot be found. Either the component that raises this event is not installed on your local computer or the installation is corrupted. You can install or repair the component on the local computer.

If the event originated on another computer, the display information had to be saved with the event.

The following information was included with the event:

\Device\NDMP89
Intel(R) Dual Band Wireless-AC 7260

The specified resource type cannot be found in the image file
"
Warning,3/26/2022 8:29:09 AM,Microsoft-Windows-WLAN-AutoConfig,4003,None,"WLAN AutoConfig detected limited connectivity, attempting automatic recovery.

Recovery Type: 4
Error Code: 0x0
Trigger Reason: 7
IP Family: 0
"
Warning,3/26/2022 8:28:19 AM,Microsoft-Windows-DNS-Client,1014,(1014),Name resolution for the name activity.windows.com timed out after none of the configured DNS servers responded.
Warning,3/26/2022 8:24:51 AM,Microsoft-Windows-DistributedCOM,10016,None,"The application-specific permission settings do not grant Local Activation permission for the COM Server application with CLSID
{2593F8B9-4EAF-457C-B68A-50F6B8EA6B54}
 and APPID
{15C20B67-12E7-4BB6-92BB-7AFF07997402}
 to the user DESKTOP-D57JJ0U\Hp SID (S-1-5-21-59471354-1410144394-4117892861-1002) from address LocalHost (Using LRPC) running in the application container Unavailable SID (Unavailable). This security permission can be modified using the Component Services administrative tool."
Warning,3/26/2022 8:24:30 AM,Microsoft-Windows-DistributedCOM,10016,None,"The application-specific permission settings do not grant Local Activation permission for the COM Server application with CLSID
{2593F8B9-4EAF-457C-B68A-50F6B8EA6B54}
 and APPID
{15C20B67-12E7-4BB6-92BB-7AFF07997402}
 to the user DESKTOP-D57JJ0U\Hp SID (S-1-5-21-59471354-1410144394-4117892861-1002) from address LocalHost (Using LRPC) running in the application container Unavailable SID (Unavailable). This security permission can be modified using the Component Services administrative tool."
Warning,3/26/2022 8:23:43 AM,Microsoft-Windows-DistributedCOM,10016,None,"The application-specific permission settings do not grant Local Activation permission for the COM Server application with CLSID
{2593F8B9-4EAF-457C-B68A-50F6B8EA6B54}
 and APPID
{15C20B67-12E7-4BB6-92BB-7AFF07997402}
 to the user DESKTOP-D57JJ0U\Hp SID (S-1-5-21-59471354-1410144394-4117892861-1002) from address LocalHost (Using LRPC) running in the application container Unavailable SID (Unavailable). This security permission can be modified using the Component Services administrative tool."
Warning,3/26/2022 8:23:02 AM,Microsoft-Windows-DistributedCOM,10016,None,"The application-specific permission settings do not grant Local Activation permission for the COM Server application with CLSID
{6B3B8D23-FA8D-40B9-8DBD-B950333E2C52}
 and APPID
{4839DDB7-58C2-48F5-8283-E1D1807D0D7D}
 to the user NT AUTHORITY\LOCAL SERVICE SID (S-1-5-19) from address LocalHost (Using LRPC) running in the application container Unavailable SID (Unavailable). This security permission can be modified using the Component Services administrative tool."
Warning,3/26/2022 8:23:02 AM,Microsoft-Windows-DistributedCOM,10016,None,"The application-specific permission settings do not grant Local Activation permission for the COM Server application with CLSID
{6B3B8D23-FA8D-40B9-8DBD-B950333E2C52}
 and APPID
{4839DDB7-58C2-48F5-8283-E1D1807D0D7D}
 to the user NT AUTHORITY\LOCAL SERVICE SID (S-1-5-19) from address LocalHost (Using LRPC) running in the application container Unavailable SID (Unavailable). This security permission can be modified using the Component Services administrative tool."
Information,3/26/2022 8:23:00 AM,Microsoft-Windows-Winlogon,7001,(1101),User Logon Notification for Customer Experience Improvement Program
Information,3/26/2022 8:22:58 AM,Microsoft-Windows-Power-Troubleshooter,1,None,"The system has returned from a low power state.

Sleep Time: ‎2022‎-‎03‎-‎26T15:16:51.827798100Z
Wake Time: ‎2022‎-‎03‎-‎26T15:22:57.324863000Z

Wake Source: Unknown"
Warning,3/26/2022 8:22:58 AM,BTHUSB,34,None,"The local adapter does not support an important Low Energy controller state to support peripheral mode.  The minimum required supported state mask is 0x2491f7fffff, got 0x1fffffff.  Low Energy peripheral role functionality will not be available."
Information,3/26/2022 8:22:58 AM,BTHUSB,18,None,Windows cannot store Bluetooth authentication codes (link keys) on the local adapter. Bluetooth keyboards might not work in the system BIOS during startup.
Information,3/26/2022 8:22:57 AM,Microsoft-Windows-Kernel-Boot,32,(58),The bootmgr spent 0 ms waiting for user input.
Information,3/26/2022 8:22:57 AM,Microsoft-Windows-Kernel-Boot,18,(57),There are 0x1 boot options on this system.
Information,3/26/2022 8:22:57 AM,Microsoft-Windows-Kernel-Boot,27,(33),The boot type was 0x1.
Information,3/26/2022 8:22:57 AM,Microsoft-Windows-Kernel-Boot,25,(32),The boot menu policy was 0x1.
Information,3/26/2022 8:22:57 AM,Microsoft-Windows-Kernel-Boot,30,(21),The firmware reported boot metrics.
Information,3/26/2022 8:22:57 AM,Microsoft-Windows-Kernel-Power,105,(100),Power source change.
Information,3/26/2022 8:22:55 AM,Microsoft-Windows-Kernel-General,1,(5),"The system time has changed to ‎2022‎-‎03‎-‎26T15:22:55.500000000Z from ‎2022‎-‎03‎-‎26T15:16:56.777709100Z.

Change Reason: System time synchronized with the hardware clock.
Process: '' (PID 4)."
Information,3/26/2022 8:16:56 AM,Microsoft-Windows-Kernel-Power,107,(102),The system has resumed from sleep.
Information,3/26/2022 8:16:53 AM,Microsoft-Windows-Kernel-Power,42,(64),"The system is entering sleep.

Sleep Reason: Application API"
Information,3/26/2022 8:16:51 AM,Microsoft-Windows-Kernel-Power,187,(243),User-mode process attempted to change the system state by calling SetSuspendState or SetSystemPowerState APIs.
Information,3/26/2022 8:16:51 AM,Microsoft-Windows-Winlogon,7002,(1102),User Logoff Notification for Customer Experience Improvement Program
Warning,3/26/2022 7:52:03 AM,Tcpip,4227,None,"TCP/IP failed to establish an outgoing connection because the selected local endpoint was recently used to connect to the same remote endpoint. This error typically occurs when outgoing connections are opened and closed at a high rate, causing all available local ports to be used and forcing TCP/IP to reuse a local port for an outgoing connection. To minimize the risk of data corruption, the TCP/IP standard requires a minimum time period to elapse between successive connections from a given local endpoint to a given remote endpoint."
Information,3/26/2022 7:21:04 AM,Microsoft-Windows-Kernel-Power,105,(100),Power source change.
Warning,3/26/2022 6:43:39 AM,Microsoft-Windows-DNS-Client,1014,(1014),Name resolution for the name i.ytimg.com timed out after none of the configured DNS servers responded.
Information,3/26/2022 6:26:02 AM,Service Control Manager,7040,None,The start type of the Background Intelligent Transfer Service service was changed from auto start to demand start.
Information,3/26/2022 6:23:04 AM,Service Control Manager,7040,None,The start type of the Background Intelligent Transfer Service service was changed from demand start to auto start.
Information,3/26/2022 6:20:28 AM,Service Control Manager,7040,None,The start type of the Background Intelligent Transfer Service service was changed from auto start to demand start.
Information,3/26/2022 6:18:11 AM,Service Control Manager,7040,None,The start type of the Background Intelligent Transfer Service service was changed from demand start to auto start.
Warning,3/26/2022 6:17:09 AM,Microsoft-Windows-DistributedCOM,10016,None,"The application-specific permission settings do not grant Local Activation permission for the COM Server application with CLSID
{2593F8B9-4EAF-457C-B68A-50F6B8EA6B54}
 and APPID
{15C20B67-12E7-4BB6-92BB-7AFF07997402}
 to the user DESKTOP-D57JJ0U\Hp SID (S-1-5-21-59471354-1410144394-4117892861-1002) from address LocalHost (Using LRPC) running in the application container Unavailable SID (Unavailable). This security permission can be modified using the Component Services administrative tool."
Warning,3/26/2022 6:15:44 AM,Microsoft-Windows-DistributedCOM,10016,None,"The application-specific permission settings do not grant Local Activation permission for the COM Server application with CLSID
{6B3B8D23-FA8D-40B9-8DBD-B950333E2C52}
 and APPID
{4839DDB7-58C2-48F5-8283-E1D1807D0D7D}
 to the user NT AUTHORITY\LOCAL SERVICE SID (S-1-5-19) from address LocalHost (Using LRPC) running in the application container Unavailable SID (Unavailable). This security permission can be modified using the Component Services administrative tool."
Warning,3/26/2022 6:15:44 AM,Microsoft-Windows-DistributedCOM,10016,None,"The application-specific permission settings do not grant Local Activation permission for the COM Server application with CLSID
{6B3B8D23-FA8D-40B9-8DBD-B950333E2C52}
 and APPID
{4839DDB7-58C2-48F5-8283-E1D1807D0D7D}
 to the user NT AUTHORITY\LOCAL SERVICE SID (S-1-5-19) from address LocalHost (Using LRPC) running in the application container Unavailable SID (Unavailable). This security permission can be modified using the Component Services administrative tool."
Information,3/26/2022 6:15:43 AM,Microsoft-Windows-Time-Service,37,None,"The time provider NtpClient is currently receiving valid time data from time.windows.com,0x9 (ntp.m|0x9|0.0.0.0:123->40.81.94.65:123)."
Information,3/26/2022 6:15:42 AM,Microsoft-Windows-Winlogon,7001,(1101),User Logon Notification for Customer Experience Improvement Program
Information,3/26/2022 6:15:41 AM,Microsoft-Windows-Power-Troubleshooter,1,None,"The system has returned from a low power state.

Sleep Time: ‎2022‎-‎03‎-‎26T06:21:43.305864100Z
Wake Time: ‎2022‎-‎03‎-‎26T13:15:40.195119300Z

Wake Source: Unknown"
Warning,3/26/2022 6:15:40 AM,BTHUSB,34,None,"The local adapter does not support an important Low Energy controller state to support peripheral mode.  The minimum required supported state mask is 0x2491f7fffff, got 0x1fffffff.  Low Energy peripheral role functionality will not be available."
Information,3/26/2022 6:15:40 AM,BTHUSB,18,None,Windows cannot store Bluetooth authentication codes (link keys) on the local adapter. Bluetooth keyboards might not work in the system BIOS during startup.
Warning,3/26/2022 6:15:40 AM,Microsoft-Windows-Time-Service,134,None,"NtpClient was unable to set a manual peer to use as a time source because of DNS resolution error on 'time.windows.com,0x9'. NtpClient will try again in 15 minutes and double the reattempt interval thereafter. The error was: No such host is known. (0x80072AF9)"
Information,3/26/2022 6:15:40 AM,Microsoft-Windows-Kernel-Boot,32,(58),The bootmgr spent 0 ms waiting for user input.
Information,3/26/2022 6:15:40 AM,Microsoft-Windows-Kernel-Boot,18,(57),There are 0x1 boot options on this system.
Information,3/26/2022 6:15:40 AM,Microsoft-Windows-Kernel-Boot,27,(33),The boot type was 0x1.
Information,3/26/2022 6:15:40 AM,Microsoft-Windows-Kernel-Boot,25,(32),The boot menu policy was 0x1.
Information,3/26/2022 6:15:40 AM,Microsoft-Windows-Kernel-Boot,30,(21),The firmware reported boot metrics.
Information,3/26/2022 6:15:38 AM,Microsoft-Windows-Kernel-General,1,(5),"The system time has changed to ‎2022‎-‎03‎-‎26T13:15:38.500000000Z from ‎2022‎-‎03‎-‎26T06:21:50.236065300Z.

Change Reason: System time synchronized with the hardware clock.
Process: '' (PID 4)."
Information,3/25/2022 11:21:50 PM,Microsoft-Windows-Kernel-Power,107,(102),The system has resumed from sleep.
Information,3/25/2022 11:21:45 PM,Microsoft-Windows-Kernel-Power,42,(64),"The system is entering sleep.

Sleep Reason: Application API"
Information,3/25/2022 11:21:43 PM,Microsoft-Windows-Kernel-Power,187,(243),User-mode process attempted to change the system state by calling SetSuspendState or SetSystemPowerState APIs.
Information,3/25/2022 11:21:42 PM,Microsoft-Windows-Winlogon,7002,(1102),User Logoff Notification for Customer Experience Improvement Program
Warning,3/25/2022 11:07:42 PM,Tcpip,4227,None,"TCP/IP failed to establish an outgoing connection because the selected local endpoint was recently used to connect to the same remote endpoint. This error typically occurs when outgoing connections are opened and closed at a high rate, causing all available local ports to be used and forcing TCP/IP to reuse a local port for an outgoing connection. To minimize the risk of data corruption, the TCP/IP standard requires a minimum time period to elapse between successive connections from a given local endpoint to a given remote endpoint."
Information,3/25/2022 11:02:47 PM,Service Control Manager,7040,None,The start type of the Background Intelligent Transfer Service service was changed from auto start to demand start.
Information,3/25/2022 10:59:56 PM,Service Control Manager,7040,None,The start type of the Background Intelligent Transfer Service service was changed from demand start to auto start.
Warning,3/25/2022 10:58:54 PM,Microsoft-Windows-DistributedCOM,10016,None,"The application-specific permission settings do not grant Local Activation permission for the COM Server application with CLSID
{2593F8B9-4EAF-457C-B68A-50F6B8EA6B54}
 and APPID
{15C20B67-12E7-4BB6-92BB-7AFF07997402}
 to the user DESKTOP-D57JJ0U\Hp SID (S-1-5-21-59471354-1410144394-4117892861-1002) from address LocalHost (Using LRPC) running in the application container Unavailable SID (Unavailable). This security permission can be modified using the Component Services administrative tool."
Warning,3/25/2022 10:58:54 PM,Microsoft-Windows-DistributedCOM,10016,None,"The application-specific permission settings do not grant Local Activation permission for the COM Server application with CLSID
{2593F8B9-4EAF-457C-B68A-50F6B8EA6B54}
 and APPID
{15C20B67-12E7-4BB6-92BB-7AFF07997402}
 to the user DESKTOP-D57JJ0U\Hp SID (S-1-5-21-59471354-1410144394-4117892861-1002) from address LocalHost (Using LRPC) running in the application container Unavailable SID (Unavailable). This security permission can be modified using the Component Services administrative tool."
Warning,3/25/2022 10:48:43 PM,Microsoft-Windows-DNS-Client,1014,(1014),Name resolution for the name www.google-analytics.com timed out after none of the configured DNS servers responded.
Warning,3/25/2022 10:29:51 PM,Tcpip,4227,None,"TCP/IP failed to establish an outgoing connection because the selected local endpoint was recently used to connect to the same remote endpoint. This error typically occurs when outgoing connections are opened and closed at a high rate, causing all available local ports to be used and forcing TCP/IP to reuse a local port for an outgoing connection. To minimize the risk of data corruption, the TCP/IP standard requires a minimum time period to elapse between successive connections from a given local endpoint to a given remote endpoint."
Information,3/25/2022 10:16:39 PM,Service Control Manager,7040,None,The start type of the Background Intelligent Transfer Service service was changed from auto start to demand start.
Information,3/25/2022 10:14:13 PM,Service Control Manager,7040,None,The start type of the Background Intelligent Transfer Service service was changed from demand start to auto start.
