Information,3/29/2022 9:09:58 AM,Microsoft-Windows-Power-Troubleshooter,1,None,"The system has returned from a low power state.

Sleep Time: ‎2022‎-‎03‎-‎29T15:53:02.250324400Z
Wake Time: ‎2022‎-‎03‎-‎29T16:09:57.841090300Z

Wake Source: Unknown"
Warning,3/29/2022 9:09:57 AM,BTHUSB,34,None,"The local adapter does not support an important Low Energy controller state to support peripheral mode.  The minimum required supported state mask is 0x2491f7fffff, got 0x1fffffff.  Low Energy peripheral role functionality will not be available."
Information,3/29/2022 9:09:57 AM,BTHUSB,18,None,Windows cannot store Bluetooth authentication codes (link keys) on the local adapter. Bluetooth keyboards might not work in the system BIOS during startup.
Information,3/29/2022 9:09:56 AM,Microsoft-Windows-Kernel-Boot,32,(58),The bootmgr spent 0 ms waiting for user input.
Information,3/29/2022 9:09:56 AM,Microsoft-Windows-Kernel-Boot,18,(57),There are 0x1 boot options on this system.
Information,3/29/2022 9:09:56 AM,Microsoft-Windows-Kernel-Boot,27,(33),The boot type was 0x1.
Information,3/29/2022 9:09:56 AM,Microsoft-Windows-Kernel-Boot,25,(32),The boot menu policy was 0x1.
Information,3/29/2022 9:09:56 AM,Microsoft-Windows-Kernel-Boot,30,(21),The firmware reported boot metrics.
Information,3/29/2022 9:09:54 AM,Microsoft-Windows-Kernel-General,1,(5),"The system time has changed to ‎2022‎-‎03‎-‎29T16:09:54.500000000Z from ‎2022‎-‎03‎-‎29T15:53:05.937271100Z.

Change Reason: System time synchronized with the hardware clock.
Process: '' (PID 4)."
Information,3/29/2022 8:53:05 AM,Microsoft-Windows-Kernel-Power,107,(102),The system has resumed from sleep.
Information,3/29/2022 8:53:03 AM,Microsoft-Windows-Kernel-Power,42,(64),"The system is entering sleep.

Sleep Reason: Application API"
Information,3/29/2022 8:53:02 AM,Microsoft-Windows-Kernel-Power,187,(243),User-mode process attempted to change the system state by calling SetSuspendState or SetSystemPowerState APIs.
Information,3/29/2022 8:53:01 AM,Microsoft-Windows-Winlogon,7002,(1102),User Logoff Notification for Customer Experience Improvement Program
Error,3/29/2022 8:53:01 AM,Microsoft-Windows-DistributedCOM,10010,None,The server {A463FCB9-6B1C-4E0D-A80B-A2CA7999E25D} did not register with DCOM within the required timeout.
Error,3/29/2022 8:53:01 AM,Microsoft-Windows-DistributedCOM,10010,None,The server {3EEF301F-B596-4C0B-BD92-013BEAFCE793} did not register with DCOM within the required timeout.
Error,3/29/2022 8:53:00 AM,Microsoft-Windows-DistributedCOM,10010,None,The server {9BA05972-F6A8-11CF-A442-00A0C90A8F39} did not register with DCOM within the required timeout.
Information,3/29/2022 8:52:55 AM,Microsoft-Windows-Kernel-General,16,None,The access history in hive \??\C:\Users\Hp\AppData\Local\Packages\MicrosoftWindows.Client.CBS_cw5n1h2txyewy\Settings\settings.dat was cleared updating 3 keys and creating 1 modified pages.
Information,3/29/2022 8:52:53 AM,Microsoft-Windows-Kernel-General,16,None,The access history in hive \??\C:\Users\Hp\AppData\Local\Packages\Microsoft.YourPhone_8wekyb3d8bbwe\Settings\settings.dat was cleared updating 36 keys and creating 9 modified pages.
Information,3/29/2022 8:52:47 AM,Microsoft-Windows-Kernel-General,16,None,The access history in hive \??\C:\Users\Hp\AppData\Local\Packages\Microsoft.Windows.Search_cw5n1h2txyewy\Settings\settings.dat was cleared updating 32 keys and creating 6 modified pages.
Information,3/29/2022 8:52:46 AM,Microsoft-Windows-Kernel-General,16,None,The access history in hive \??\C:\Users\Hp\AppData\Local\Packages\Microsoft.Windows.StartMenuExperienceHost_cw5n1h2txyewy\Settings\settings.dat was cleared updating 4 keys and creating 1 modified pages.
Information,3/29/2022 8:52:45 AM,Service Control Manager,7040,None,The start type of the Background Intelligent Transfer Service service was changed from demand start to auto start.
Warning,3/29/2022 8:52:41 AM,Microsoft-Windows-DistributedCOM,10016,None,"The application-specific permission settings do not grant Local Activation permission for the COM Server application with CLSID
{6B3B8D23-FA8D-40B9-8DBD-B950333E2C52}
 and APPID
{4839DDB7-58C2-48F5-8283-E1D1807D0D7D}
 to the user NT AUTHORITY\LOCAL SERVICE SID (S-1-5-19) from address LocalHost (Using LRPC) running in the application container Unavailable SID (Unavailable). This security permission can be modified using the Component Services administrative tool."
Warning,3/29/2022 8:52:41 AM,Microsoft-Windows-DistributedCOM,10016,None,"The application-specific permission settings do not grant Local Activation permission for the COM Server application with CLSID
{6B3B8D23-FA8D-40B9-8DBD-B950333E2C52}
 and APPID
{4839DDB7-58C2-48F5-8283-E1D1807D0D7D}
 to the user NT AUTHORITY\LOCAL SERVICE SID (S-1-5-19) from address LocalHost (Using LRPC) running in the application container Unavailable SID (Unavailable). This security permission can be modified using the Component Services administrative tool."
Information,3/29/2022 8:52:39 AM,Microsoft-Windows-Kernel-General,16,None,The access history in hive \??\C:\Users\Hp\AppData\Local\Microsoft\Windows\UsrClass.dat was cleared updating 8348 keys and creating 813 modified pages.
Information,3/29/2022 8:52:39 AM,Microsoft-Windows-Kernel-General,16,None,The access history in hive \??\C:\Users\Hp\ntuser.dat was cleared updating 2452 keys and creating 317 modified pages.
Information,3/29/2022 8:52:39 AM,Microsoft-Windows-Winlogon,7001,(1101),User Logon Notification for Customer Experience Improvement Program
Information,3/29/2022 8:52:39 AM,Microsoft-Windows-Power-Troubleshooter,1,None,"The system has returned from a low power state.

Sleep Time: ‎2022‎-‎03‎-‎29T12:28:18.923310000Z
Wake Time: ‎2022‎-‎03‎-‎29T15:52:38.339831900Z

Wake Source: Unknown"
Warning,3/29/2022 8:52:37 AM,BTHUSB,34,None,"The local adapter does not support an important Low Energy controller state to support peripheral mode.  The minimum required supported state mask is 0x2491f7fffff, got 0x1fffffff.  Low Energy peripheral role functionality will not be available."
Information,3/29/2022 8:52:37 AM,BTHUSB,18,None,Windows cannot store Bluetooth authentication codes (link keys) on the local adapter. Bluetooth keyboards might not work in the system BIOS during startup.
Information,3/29/2022 8:52:36 AM,Microsoft-Windows-Kernel-Boot,32,(58),The bootmgr spent 0 ms waiting for user input.
Information,3/29/2022 8:52:36 AM,Microsoft-Windows-Kernel-Boot,18,(57),There are 0x1 boot options on this system.
Information,3/29/2022 8:52:36 AM,Microsoft-Windows-Kernel-Boot,27,(33),The boot type was 0x1.
Information,3/29/2022 8:52:36 AM,Microsoft-Windows-Kernel-Boot,25,(32),The boot menu policy was 0x1.
Information,3/29/2022 8:52:36 AM,Microsoft-Windows-Kernel-Boot,30,(21),The firmware reported boot metrics.
Information,3/29/2022 8:52:36 AM,Microsoft-Windows-Kernel-Power,105,(100),Power source change.
Information,3/29/2022 8:52:34 AM,Microsoft-Windows-Kernel-General,1,(5),"The system time has changed to ‎2022‎-‎03‎-‎29T15:52:34.500000000Z from ‎2022‎-‎03‎-‎29T12:28:23.392909400Z.

Change Reason: System time synchronized with the hardware clock.
Process: '' (PID 4)."
Information,3/29/2022 5:28:23 AM,Microsoft-Windows-Kernel-Power,107,(102),The system has resumed from sleep.
Information,3/29/2022 5:28:19 AM,Microsoft-Windows-Kernel-Power,42,(64),"The system is entering sleep.

Sleep Reason: Application API"
Information,3/29/2022 5:28:18 AM,Microsoft-Windows-Kernel-Power,187,(243),User-mode process attempted to change the system state by calling SetSuspendState or SetSystemPowerState APIs.
Information,3/29/2022 5:28:18 AM,Microsoft-Windows-Winlogon,7002,(1102),User Logoff Notification for Customer Experience Improvement Program
Information,3/29/2022 5:19:00 AM,NETwNb64,7001,None,"The description for Event ID 7001 from source NETwNb64 cannot be found. Either the component that raises this event is not installed on your local computer or the installation is corrupted. You can install or repair the component on the local computer.

If the event originated on another computer, the display information had to be saved with the event.

The following information was included with the event:

\Device\NDMP128
Intel(R) Dual Band Wireless-AC 7260

The specified resource type cannot be found in the image file
"
Information,3/29/2022 5:19:00 AM,NETwNb64,7001,None,"The description for Event ID 7001 from source NETwNb64 cannot be found. Either the component that raises this event is not installed on your local computer or the installation is corrupted. You can install or repair the component on the local computer.

If the event originated on another computer, the display information had to be saved with the event.

The following information was included with the event:

\Device\NDMP128
Intel(R) Dual Band Wireless-AC 7260

The specified resource type cannot be found in the image file
"
Information,3/29/2022 5:19:00 AM,NETwNb64,7036,None,The \Device\NDMP128 service entered the Intel(R) Dual Band Wireless-AC 7260 state.
Information,3/29/2022 5:18:59 AM,NETwNb64,8000,None,"The description for Event ID 8000 from source NETwNb64 cannot be found. Either the component that raises this event is not installed on your local computer or the installation is corrupted. You can install or repair the component on the local computer.

If the event originated on another computer, the display information had to be saved with the event.

The following information was included with the event:

\Device\NDMP125
Intel(R) Dual Band Wireless-AC 7260

The specified resource type cannot be found in the image file
"
Warning,3/29/2022 5:18:59 AM,Microsoft-Windows-WLAN-AutoConfig,4003,None,"WLAN AutoConfig detected limited connectivity, attempting automatic recovery.

Recovery Type: 4
Error Code: 0x0
Trigger Reason: 7
IP Family: 0
"
Warning,3/29/2022 5:18:57 AM,Microsoft-Windows-DNS-Client,1014,(1014),Name resolution for the name clients4.google.com timed out after none of the configured DNS servers responded.
Warning,3/29/2022 5:18:10 AM,Microsoft-Windows-Kernel-Processor-Power,37,(7),The speed of processor 3 in group 0 is being limited by system firmware. The processor has been in this reduced performance state for 253887 seconds since the last report.
Warning,3/29/2022 5:18:10 AM,Microsoft-Windows-Kernel-Processor-Power,37,(7),The speed of processor 1 in group 0 is being limited by system firmware. The processor has been in this reduced performance state for 253886 seconds since the last report.
Warning,3/29/2022 5:18:10 AM,Microsoft-Windows-Kernel-Processor-Power,37,(7),The speed of processor 2 in group 0 is being limited by system firmware. The processor has been in this reduced performance state for 253886 seconds since the last report.
Warning,3/29/2022 5:18:10 AM,Microsoft-Windows-Kernel-Processor-Power,37,(7),The speed of processor 0 in group 0 is being limited by system firmware. The processor has been in this reduced performance state for 253886 seconds since the last report.
Information,3/29/2022 5:01:35 AM,Microsoft-Windows-Kernel-General,1,(5),"The system time has changed to ‎2022‎-‎03‎-‎29T12:01:35.942292700Z from ‎2022‎-‎03‎-‎29T12:01:35.939617500Z.

Change Reason: An application or system component changed the time.
Process: '\Device\HarddiskVolume2\Windows\System32\svchost.exe' (PID 3804)."
Information,3/29/2022 5:01:35 AM,Microsoft-Windows-Kernel-General,24,(11),The time zone information was refreshed with exit reason 0. Current time zone bias is 420.
Information,3/29/2022 5:01:35 AM,Microsoft-Windows-Kernel-General,1,(5),"The system time has changed to ‎2022‎-‎03‎-‎29T12:01:35.939617500Z from ‎2022‎-‎03‎-‎29T12:01:33.513673800Z.

Change Reason: An application or system component changed the time.
Process: '\Device\HarddiskVolume2\Windows\System32\svchost.exe' (PID 3804)."
Information,3/29/2022 5:01:35 AM,Microsoft-Windows-Kernel-General,24,(11),The time zone information was refreshed with exit reason 0. Current time zone bias is 420.
Information,3/29/2022 5:01:33 AM,Microsoft-Windows-Time-Service,37,None,"The time provider NtpClient is currently receiving valid time data from time.windows.com,0x9 (ntp.m|0x9|0.0.0.0:123->40.81.94.65:123)."
Information,3/29/2022 4:59:35 AM,Service Control Manager,7040,None,The start type of the Background Intelligent Transfer Service service was changed from auto start to demand start.
Information,3/29/2022 4:57:01 AM,Service Control Manager,7040,None,The start type of the Background Intelligent Transfer Service service was changed from demand start to auto start.
Information,3/29/2022 4:56:59 AM,Microsoft-Windows-WindowsUpdateClient,19,Windows Update Agent,Installation Successful: Windows successfully installed the following update: 9WZDNCRFHVQM-MICROSOFT.WINDOWSCOMMUNICATIONSAPPS
Information,3/29/2022 4:56:56 AM,Microsoft-Windows-WindowsUpdateClient,43,Windows Update Agent,Installation Started: Windows has started installing the following update: 9WZDNCRFHVQM-MICROSOFT.WINDOWSCOMMUNICATIONSAPPS
Information,3/29/2022 4:56:53 AM,Microsoft-Windows-Kernel-General,16,None,The access history in hive \??\C:\ProgramData\Microsoft\Windows\AppRepository\Packages\microsoft.windowscommunicationsapps_16005.14326.20858.0_x64__8wekyb3d8bbwe\ActivationStore.dat was cleared updating 0 keys and creating 0 modified pages.
Information,3/29/2022 4:56:11 AM,Microsoft-Windows-WindowsUpdateClient,19,Windows Update Agent,Installation Successful: Windows successfully installed the following update: 9NBLGGH4QGHW-Microsoft.MicrosoftStickyNotes
Information,3/29/2022 4:56:09 AM,Microsoft-Windows-WindowsUpdateClient,43,Windows Update Agent,Installation Started: Windows has started installing the following update: 9NBLGGH4QGHW-Microsoft.MicrosoftStickyNotes
Information,3/29/2022 4:56:05 AM,Microsoft-Windows-Kernel-General,16,None,The access history in hive \??\C:\ProgramData\Microsoft\Windows\AppRepository\Packages\Microsoft.MicrosoftStickyNotes_4.5.0.0_x64__8wekyb3d8bbwe\ActivationStore.dat was cleared updating 0 keys and creating 0 modified pages.
Warning,3/29/2022 4:56:00 AM,Microsoft-Windows-DistributedCOM,10016,None,"The application-specific permission settings do not grant Local Activation permission for the COM Server application with CLSID
{2593F8B9-4EAF-457C-B68A-50F6B8EA6B54}
 and APPID
{15C20B67-12E7-4BB6-92BB-7AFF07997402}
 to the user DESKTOP-D57JJ0U\Hp SID (S-1-5-21-59471354-1410144394-4117892861-1002) from address LocalHost (Using LRPC) running in the application container Unavailable SID (Unavailable). This security permission can be modified using the Component Services administrative tool."
Information,3/29/2022 4:55:35 AM,Microsoft-Windows-WindowsUpdateClient,44,Windows Update Agent,Windows Update started downloading an update.
Information,3/29/2022 4:55:35 AM,Microsoft-Windows-WindowsUpdateClient,44,Windows Update Agent,Windows Update started downloading an update.
Information,3/29/2022 4:46:59 AM,NETwNb64,7001,None,"The description for Event ID 7001 from source NETwNb64 cannot be found. Either the component that raises this event is not installed on your local computer or the installation is corrupted. You can install or repair the component on the local computer.

If the event originated on another computer, the display information had to be saved with the event.

The following information was included with the event:

\Device\NDMP125
Intel(R) Dual Band Wireless-AC 7260

The specified resource type cannot be found in the image file
"
Information,3/29/2022 4:46:59 AM,NETwNb64,7001,None,"The description for Event ID 7001 from source NETwNb64 cannot be found. Either the component that raises this event is not installed on your local computer or the installation is corrupted. You can install or repair the component on the local computer.

If the event originated on another computer, the display information had to be saved with the event.

The following information was included with the event:

\Device\NDMP125
Intel(R) Dual Band Wireless-AC 7260

The specified resource type cannot be found in the image file
"
Information,3/29/2022 4:46:55 AM,NETwNb64,7036,None,The \Device\NDMP125 service entered the Intel(R) Dual Band Wireless-AC 7260 state.
Information,3/29/2022 4:46:54 AM,NETwNb64,8000,None,"The description for Event ID 8000 from source NETwNb64 cannot be found. Either the component that raises this event is not installed on your local computer or the installation is corrupted. You can install or repair the component on the local computer.

If the event originated on another computer, the display information had to be saved with the event.

The following information was included with the event:

\Device\NDMP122
Intel(R) Dual Band Wireless-AC 7260

The specified resource type cannot be found in the image file
"
Warning,3/29/2022 4:46:54 AM,Microsoft-Windows-WLAN-AutoConfig,4003,None,"WLAN AutoConfig detected limited connectivity, attempting automatic recovery.

Recovery Type: 4
Error Code: 0x0
Trigger Reason: 7
IP Family: 0
"
Warning,3/29/2022 4:45:49 AM,Microsoft-Windows-DNS-Client,1014,(1014),Name resolution for the name www.google-analytics.com timed out after none of the configured DNS servers responded.
Information,3/29/2022 4:42:35 AM,Microsoft-Windows-Power-Troubleshooter,1,None,"The system has returned from a low power state.

Sleep Time: ‎2022‎-‎03‎-‎29T11:40:19.031584600Z
Wake Time: ‎2022‎-‎03‎-‎29T11:42:33.530058700Z

Wake Source: Unknown"
Warning,3/29/2022 4:42:34 AM,BTHUSB,34,None,"The local adapter does not support an important Low Energy controller state to support peripheral mode.  The minimum required supported state mask is 0x2491f7fffff, got 0x1fffffff.  Low Energy peripheral role functionality will not be available."
Information,3/29/2022 4:42:34 AM,BTHUSB,18,None,Windows cannot store Bluetooth authentication codes (link keys) on the local adapter. Bluetooth keyboards might not work in the system BIOS during startup.
Information,3/29/2022 4:42:33 AM,Microsoft-Windows-Kernel-Boot,32,(58),The bootmgr spent 0 ms waiting for user input.
Information,3/29/2022 4:42:33 AM,Microsoft-Windows-Kernel-Boot,18,(57),There are 0x1 boot options on this system.
Information,3/29/2022 4:42:33 AM,Microsoft-Windows-Kernel-Boot,27,(33),The boot type was 0x2.
Information,3/29/2022 4:42:33 AM,Microsoft-Windows-Kernel-Boot,25,(32),The boot menu policy was 0x1A63F8.
Information,3/29/2022 4:42:33 AM,Microsoft-Windows-Kernel-Boot,30,(21),The firmware reported boot metrics.
Information,3/29/2022 4:42:33 AM,Microsoft-Windows-Kernel-Power,105,(100),Power source change.
Information,3/29/2022 4:42:31 AM,Microsoft-Windows-Kernel-General,1,(5),"The system time has changed to ‎2022‎-‎03‎-‎29T11:42:31.500000000Z from ‎2022‎-‎03‎-‎29T11:40:37.032642700Z.

Change Reason: System time synchronized with the hardware clock.
Process: '' (PID 4)."
Information,3/29/2022 4:40:37 AM,Microsoft-Windows-Kernel-Power,107,(102),The system has resumed from sleep.
Information,3/29/2022 4:40:30 AM,Microsoft-Windows-Kernel-Power,42,(64),"The system is entering sleep.

Sleep Reason: Battery"
Information,3/29/2022 4:40:19 AM,Microsoft-Windows-Kernel-Power,524,(223),Critical Battery Trigger Met
Warning,3/29/2022 2:44:16 AM,Microsoft-Windows-DistributedCOM,10016,None,"The machine-default permission settings do not grant Local Activation permission for the COM Server application with CLSID
{C2F03A33-21F5-47FA-B4BB-156362A2F239}
 and APPID
{316CDED5-E4AE-4B15-9113-7055D84DCC97}
 to the user DESKTOP-D57JJ0U\Hp SID (S-1-5-21-59471354-1410144394-4117892861-1002) from address LocalHost (Using LRPC) running in the application container Microsoft.Windows.ShellExperienceHost_10.0.19041.1320_neutral_neutral_cw5n1h2txyewy SID (S-1-15-2-155514346-2573954481-755741238-1654018636-1233331829-3075935687-2861478708). This security permission can be modified using the Component Services administrative tool."
Information,3/29/2022 2:32:05 AM,Service Control Manager,7040,None,The start type of the Background Intelligent Transfer Service service was changed from auto start to demand start.
Information,3/29/2022 2:29:24 AM,Service Control Manager,7040,None,The start type of the Background Intelligent Transfer Service service was changed from demand start to auto start.
Information,3/29/2022 2:22:09 AM,Microsoft-Windows-WindowsUpdateClient,19,Windows Update Agent,Installation Successful: Windows successfully installed the following update: Security Intelligence Update for Microsoft Defender Antivirus - KB2267602 (Version 1.361.935.0)
Information,3/29/2022 2:21:14 AM,Microsoft-Windows-Kernel-General,16,None,The access history in hive \??\C:\Users\Hp\AppData\Local\Packages\Microsoft.WindowsStore_8wekyb3d8bbwe\Settings\settings.dat was cleared updating 11 keys and creating 2 modified pages.
Information,3/29/2022 2:20:25 AM,Microsoft-Windows-WindowsUpdateClient,43,Windows Update Agent,Installation Started: Windows has started installing the following update: Security Intelligence Update for Microsoft Defender Antivirus - KB2267602 (Version 1.361.935.0)
Information,3/29/2022 2:20:19 AM,Microsoft-Windows-WindowsUpdateClient,44,Windows Update Agent,Windows Update started downloading an update.
Information,3/29/2022 2:18:31 AM,Microsoft-Windows-Kernel-General,15,(10),Hive \??\C:\WINDOWS\System32\config\COMPONENTS was reorganized with a starting size of 33484800 bytes and an ending size of 33415168 bytes.
Information,3/29/2022 2:16:00 AM,Microsoft-Windows-Power-Troubleshooter,1,None,"The system has returned from a low power state.

Sleep Time: ‎2022‎-‎03‎-‎29T06:18:18.035452800Z
Wake Time: ‎2022‎-‎03‎-‎29T09:15:59.943001000Z

Wake Source: Power Button"
Warning,3/29/2022 2:16:00 AM,BTHUSB,34,None,"The local adapter does not support an important Low Energy controller state to support peripheral mode.  The minimum required supported state mask is 0x2491f7fffff, got 0x1fffffff.  Low Energy peripheral role functionality will not be available."
Information,3/29/2022 2:16:00 AM,BTHUSB,18,None,Windows cannot store Bluetooth authentication codes (link keys) on the local adapter. Bluetooth keyboards might not work in the system BIOS during startup.
Information,3/29/2022 2:15:58 AM,Microsoft-Windows-Kernel-Power,130,(33),"Firmware S3 times. SuspendStart: 248219165, SuspendEnd: 248219378"
Information,3/29/2022 2:15:58 AM,Microsoft-Windows-Kernel-Power,131,(33),"Firmware S3 times. ResumeCount: 1, FullResume: 218, AverageResume: 218"
Information,3/29/2022 2:15:58 AM,Microsoft-Windows-Kernel-General,1,(5),"The system time has changed to ‎2022‎-‎03‎-‎29T09:15:58.500000000Z from ‎2022‎-‎03‎-‎29T06:18:22.250898500Z.

Change Reason: System time synchronized with the hardware clock.
Process: '' (PID 4)."
Information,3/28/2022 11:18:22 PM,Microsoft-Windows-Kernel-Power,107,(102),The system has resumed from sleep.
Information,3/28/2022 11:18:21 PM,Microsoft-Windows-Kernel-Power,42,(64),"The system is entering sleep.

Sleep Reason: Button or Lid"
Warning,3/28/2022 11:18:17 PM,User32,1073,None,The attempt by user DESKTOP-D57JJ0U\Hp to restart/shutdown computer DESKTOP-D57JJ0U failed
Information,3/28/2022 11:17:09 PM,Microsoft-Windows-Kernel-Power,105,(100),Power source change.
Warning,3/28/2022 9:30:15 PM,Microsoft-Windows-DNS-Client,1014,(1014),Name resolution for the name skydrive.wns.windows.com timed out after none of the configured DNS servers responded.
Information,3/28/2022 9:27:00 PM,Service Control Manager,7040,None,The start type of the Background Intelligent Transfer Service service was changed from auto start to demand start.
Information,3/28/2022 9:24:53 PM,Service Control Manager,7040,None,The start type of the Background Intelligent Transfer Service service was changed from demand start to auto start.
Information,3/28/2022 8:53:55 PM,Service Control Manager,7040,None,The start type of the Background Intelligent Transfer Service service was changed from auto start to demand start.
Information,3/28/2022 8:51:49 PM,Service Control Manager,7040,None,The start type of the Background Intelligent Transfer Service service was changed from demand start to auto start.
Information,3/28/2022 8:37:14 PM,NETwNb64,7001,None,"The description for Event ID 7001 from source NETwNb64 cannot be found. Either the component that raises this event is not installed on your local computer or the installation is corrupted. You can install or repair the component on the local computer.

If the event originated on another computer, the display information had to be saved with the event.

The following information was included with the event:

\Device\NDMP122
Intel(R) Dual Band Wireless-AC 7260

The specified resource type cannot be found in the image file
"
Information,3/28/2022 8:37:14 PM,NETwNb64,7001,None,"The description for Event ID 7001 from source NETwNb64 cannot be found. Either the component that raises this event is not installed on your local computer or the installation is corrupted. You can install or repair the component on the local computer.

If the event originated on another computer, the display information had to be saved with the event.

The following information was included with the event:

\Device\NDMP122
Intel(R) Dual Band Wireless-AC 7260

The specified resource type cannot be found in the image file
"
Information,3/28/2022 8:37:13 PM,NETwNb64,7036,None,The \Device\NDMP122 service entered the Intel(R) Dual Band Wireless-AC 7260 state.
Information,3/28/2022 8:37:11 PM,NETwNb64,8000,None,"The description for Event ID 8000 from source NETwNb64 cannot be found. Either the component that raises this event is not installed on your local computer or the installation is corrupted. You can install or repair the component on the local computer.

If the event originated on another computer, the display information had to be saved with the event.

The following information was included with the event:

\Device\NDMP119
Intel(R) Dual Band Wireless-AC 7260

The specified resource type cannot be found in the image file
"
Warning,3/28/2022 8:37:10 PM,Microsoft-Windows-WLAN-AutoConfig,4003,None,"WLAN AutoConfig detected limited connectivity, attempting automatic recovery.

Recovery Type: 4
Error Code: 0x0
Trigger Reason: 7
IP Family: 0
"
Information,3/28/2022 8:05:28 PM,Service Control Manager,7040,None,The start type of the Background Intelligent Transfer Service service was changed from auto start to demand start.
Information,3/28/2022 7:55:25 PM,Microsoft-Windows-Time-Service,37,None,"The time provider NtpClient is currently receiving valid time data from time.windows.com,0x9 (ntp.m|0x9|0.0.0.0:123->40.81.94.65:123)."
Information,3/28/2022 7:55:24 PM,Microsoft-Windows-Power-Troubleshooter,1,None,"The system has returned from a low power state.

Sleep Time: ‎2022‎-‎03‎-‎28T19:00:28.536880900Z
Wake Time: ‎2022‎-‎03‎-‎29T02:55:23.523691300Z

Wake Source: Unknown"
Information,3/28/2022 7:55:24 PM,Microsoft-Windows-Kernel-General,16,None,The access history in hive \Device\HarddiskVolume1\Boot\BCD was cleared updating 49 keys and creating 7 modified pages.
Information,3/28/2022 7:55:23 PM,Microsoft-Windows-Kernel-Boot,32,(58),The bootmgr spent 0 ms waiting for user input.
Information,3/28/2022 7:55:23 PM,Microsoft-Windows-Kernel-Boot,18,(57),There are 0x1 boot options on this system.
Information,3/28/2022 7:55:23 PM,Microsoft-Windows-Kernel-Boot,27,(33),The boot type was 0x2.
Information,3/28/2022 7:55:23 PM,Microsoft-Windows-Kernel-Boot,25,(32),The boot menu policy was 0x1A63F8.
Information,3/28/2022 7:55:23 PM,Microsoft-Windows-Kernel-Boot,30,(21),The firmware reported boot metrics.
Information,3/28/2022 7:55:23 PM,Microsoft-Windows-Kernel-Power,105,(100),Power source change.
Warning,3/28/2022 7:55:23 PM,BTHUSB,34,None,"The local adapter does not support an important Low Energy controller state to support peripheral mode.  The minimum required supported state mask is 0x2491f7fffff, got 0x1fffffff.  Low Energy peripheral role functionality will not be available."
Information,3/28/2022 7:55:23 PM,BTHUSB,18,None,Windows cannot store Bluetooth authentication codes (link keys) on the local adapter. Bluetooth keyboards might not work in the system BIOS during startup.
Warning,3/28/2022 7:55:22 PM,Microsoft-Windows-Time-Service,134,None,"NtpClient was unable to set a manual peer to use as a time source because of DNS resolution error on 'time.windows.com,0x9'. NtpClient will try again in 15 minutes and double the reattempt interval thereafter. The error was: No such host is known. (0x80072AF9)"
Information,3/28/2022 7:55:20 PM,Microsoft-Windows-Kernel-General,1,(5),"The system time has changed to ‎2022‎-‎03‎-‎29T02:55:20.500000000Z from ‎2022‎-‎03‎-‎28T19:00:49.648398300Z.

Change Reason: System time synchronized with the hardware clock.
Process: '' (PID 4)."
Information,3/28/2022 12:00:49 PM,Microsoft-Windows-Kernel-Power,107,(102),The system has resumed from sleep.
Information,3/28/2022 12:00:39 PM,Microsoft-Windows-Kernel-Power,42,(64),"The system is entering sleep.

Sleep Reason: Battery"
Information,3/28/2022 12:00:28 PM,Microsoft-Windows-Kernel-Power,524,(223),Critical Battery Trigger Met
Information,3/28/2022 12:00:00 PM,EventLog,6013,None,The system uptime is 1251943 seconds.
Information,3/28/2022 11:59:55 AM,Service Control Manager,7040,None,The start type of the Background Intelligent Transfer Service service was changed from demand start to auto start.
Warning,3/28/2022 11:58:51 AM,Microsoft-Windows-DistributedCOM,10016,None,"The application-specific permission settings do not grant Local Activation permission for the COM Server application with CLSID
{2593F8B9-4EAF-457C-B68A-50F6B8EA6B54}
 and APPID
{15C20B67-12E7-4BB6-92BB-7AFF07997402}
 to the user DESKTOP-D57JJ0U\Hp SID (S-1-5-21-59471354-1410144394-4117892861-1002) from address LocalHost (Using LRPC) running in the application container Unavailable SID (Unavailable). This security permission can be modified using the Component Services administrative tool."
Information,3/28/2022 10:52:32 AM,NETwNb64,7001,None,"The description for Event ID 7001 from source NETwNb64 cannot be found. Either the component that raises this event is not installed on your local computer or the installation is corrupted. You can install or repair the component on the local computer.

If the event originated on another computer, the display information had to be saved with the event.

The following information was included with the event:

\Device\NDMP119
Intel(R) Dual Band Wireless-AC 7260

The specified resource type cannot be found in the image file
"
Information,3/28/2022 10:52:32 AM,NETwNb64,7001,None,"The description for Event ID 7001 from source NETwNb64 cannot be found. Either the component that raises this event is not installed on your local computer or the installation is corrupted. You can install or repair the component on the local computer.

If the event originated on another computer, the display information had to be saved with the event.

The following information was included with the event:

\Device\NDMP119
Intel(R) Dual Band Wireless-AC 7260

The specified resource type cannot be found in the image file
"
Information,3/28/2022 10:52:30 AM,NETwNb64,7036,None,The \Device\NDMP119 service entered the Intel(R) Dual Band Wireless-AC 7260 state.
Information,3/28/2022 10:52:29 AM,NETwNb64,8000,None,"The description for Event ID 8000 from source NETwNb64 cannot be found. Either the component that raises this event is not installed on your local computer or the installation is corrupted. You can install or repair the component on the local computer.

If the event originated on another computer, the display information had to be saved with the event.

The following information was included with the event:

\Device\NDMP116
Intel(R) Dual Band Wireless-AC 7260

The specified resource type cannot be found in the image file
"
Warning,3/28/2022 10:52:29 AM,Microsoft-Windows-WLAN-AutoConfig,4003,None,"WLAN AutoConfig detected limited connectivity, attempting automatic recovery.

Recovery Type: 4
Error Code: 0x0
Trigger Reason: 7
IP Family: 0
"
Warning,3/28/2022 10:50:24 AM,Microsoft-Windows-DNS-Client,1014,(1014),Name resolution for the name www.google-analytics.com timed out after none of the configured DNS servers responded.
Information,3/28/2022 10:28:05 AM,NETwNb64,7001,None,"The description for Event ID 7001 from source NETwNb64 cannot be found. Either the component that raises this event is not installed on your local computer or the installation is corrupted. You can install or repair the component on the local computer.

If the event originated on another computer, the display information had to be saved with the event.

The following information was included with the event:

\Device\NDMP116
Intel(R) Dual Band Wireless-AC 7260

The specified resource type cannot be found in the image file
"
Information,3/28/2022 10:28:05 AM,NETwNb64,7001,None,"The description for Event ID 7001 from source NETwNb64 cannot be found. Either the component that raises this event is not installed on your local computer or the installation is corrupted. You can install or repair the component on the local computer.

If the event originated on another computer, the display information had to be saved with the event.

The following information was included with the event:

\Device\NDMP116
Intel(R) Dual Band Wireless-AC 7260

The specified resource type cannot be found in the image file
"
Information,3/28/2022 10:28:05 AM,NETwNb64,7036,None,The \Device\NDMP116 service entered the Intel(R) Dual Band Wireless-AC 7260 state.
Information,3/28/2022 10:28:04 AM,NETwNb64,8000,None,"The description for Event ID 8000 from source NETwNb64 cannot be found. Either the component that raises this event is not installed on your local computer or the installation is corrupted. You can install or repair the component on the local computer.

If the event originated on another computer, the display information had to be saved with the event.

The following information was included with the event:

\Device\NDMP113
Intel(R) Dual Band Wireless-AC 7260

The specified resource type cannot be found in the image file
"
Warning,3/28/2022 10:28:04 AM,Microsoft-Windows-WLAN-AutoConfig,4003,None,"WLAN AutoConfig detected limited connectivity, attempting automatic recovery.

Recovery Type: 4
Error Code: 0x0
Trigger Reason: 7
IP Family: 0
"
Information,3/28/2022 10:17:17 AM,NETwNb64,7001,None,"The description for Event ID 7001 from source NETwNb64 cannot be found. Either the component that raises this event is not installed on your local computer or the installation is corrupted. You can install or repair the component on the local computer.

If the event originated on another computer, the display information had to be saved with the event.

The following information was included with the event:

\Device\NDMP113
Intel(R) Dual Band Wireless-AC 7260

The specified resource type cannot be found in the image file
"
Information,3/28/2022 10:17:17 AM,NETwNb64,7001,None,"The description for Event ID 7001 from source NETwNb64 cannot be found. Either the component that raises this event is not installed on your local computer or the installation is corrupted. You can install or repair the component on the local computer.

If the event originated on another computer, the display information had to be saved with the event.

The following information was included with the event:

\Device\NDMP113
Intel(R) Dual Band Wireless-AC 7260

The specified resource type cannot be found in the image file
"
Information,3/28/2022 10:17:12 AM,NETwNb64,7036,None,The \Device\NDMP113 service entered the Intel(R) Dual Band Wireless-AC 7260 state.
Information,3/28/2022 10:17:11 AM,NETwNb64,8000,None,"The description for Event ID 8000 from source NETwNb64 cannot be found. Either the component that raises this event is not installed on your local computer or the installation is corrupted. You can install or repair the component on the local computer.

If the event originated on another computer, the display information had to be saved with the event.

The following information was included with the event:

\Device\NDMP110
Intel(R) Dual Band Wireless-AC 7260

The specified resource type cannot be found in the image file
"
Warning,3/28/2022 10:17:10 AM,Microsoft-Windows-WLAN-AutoConfig,4003,None,"WLAN AutoConfig detected limited connectivity, attempting automatic recovery.

Recovery Type: 4
Error Code: 0x0
Trigger Reason: 7
IP Family: 0
"
Warning,3/28/2022 10:16:49 AM,Microsoft-Windows-DNS-Client,1014,(1014),Name resolution for the name skydrive.wns.windows.com timed out after none of the configured DNS servers responded.
Information,3/28/2022 9:34:50 AM,Service Control Manager,7040,None,The start type of the Background Intelligent Transfer Service service was changed from auto start to demand start.
Information,3/28/2022 9:32:34 AM,Service Control Manager,7040,None,The start type of the Background Intelligent Transfer Service service was changed from demand start to auto start.
Information,3/28/2022 9:27:22 AM,Microsoft-Windows-Kernel-Power,105,(100),Power source change.
Warning,3/28/2022 9:21:26 AM,Microsoft-Windows-DNS-Client,1014,(1014),Name resolution for the name rr5---sn-4wg7ln7k.googlevideo.com timed out after none of the configured DNS servers responded.
Information,3/28/2022 8:52:33 AM,Service Control Manager,7040,None,The start type of the Background Intelligent Transfer Service service was changed from auto start to demand start.
Information,3/28/2022 8:47:07 AM,Service Control Manager,7040,None,The start type of the Background Intelligent Transfer Service service was changed from demand start to auto start.
Information,3/28/2022 8:39:54 AM,Microsoft-Windows-Kernel-General,15,(10),Hive \SystemRoot\System32\config\DRIVERS was reorganized with a starting size of 5701632 bytes and an ending size of 5689344 bytes.
Information,3/28/2022 8:39:43 AM,NETwNb64,7001,None,"The description for Event ID 7001 from source NETwNb64 cannot be found. Either the component that raises this event is not installed on your local computer or the installation is corrupted. You can install or repair the component on the local computer.

If the event originated on another computer, the display information had to be saved with the event.

The following information was included with the event:

\Device\NDMP110
Intel(R) Dual Band Wireless-AC 7260

The specified resource type cannot be found in the image file
"
Information,3/28/2022 8:39:43 AM,NETwNb64,7001,None,"The description for Event ID 7001 from source NETwNb64 cannot be found. Either the component that raises this event is not installed on your local computer or the installation is corrupted. You can install or repair the component on the local computer.

If the event originated on another computer, the display information had to be saved with the event.

The following information was included with the event:

\Device\NDMP110
Intel(R) Dual Band Wireless-AC 7260

The specified resource type cannot be found in the image file
"
Information,3/28/2022 8:39:43 AM,NETwNb64,7036,None,The \Device\NDMP110 service entered the Intel(R) Dual Band Wireless-AC 7260 state.
Information,3/28/2022 8:39:42 AM,NETwNb64,8000,None,"The description for Event ID 8000 from source NETwNb64 cannot be found. Either the component that raises this event is not installed on your local computer or the installation is corrupted. You can install or repair the component on the local computer.

If the event originated on another computer, the display information had to be saved with the event.

The following information was included with the event:

\Device\NDMP107
Intel(R) Dual Band Wireless-AC 7260

The specified resource type cannot be found in the image file
"
Warning,3/28/2022 8:39:42 AM,Microsoft-Windows-WLAN-AutoConfig,4003,None,"WLAN AutoConfig detected limited connectivity, attempting automatic recovery.

Recovery Type: 4
Error Code: 0x0
Trigger Reason: 7
IP Family: 0
"
Warning,3/28/2022 8:39:25 AM,Microsoft-Windows-DNS-Client,1014,(1014),Name resolution for the name yt3.ggpht.com timed out after none of the configured DNS servers responded.
Information,3/28/2022 8:36:35 AM,Microsoft-Windows-Kernel-General,16,None,The access history in hive \??\C:\Users\Hp\AppData\Local\Packages\microsoft.windowscommunicationsapps_8wekyb3d8bbwe\Settings\settings.dat was cleared updating 28 keys and creating 4 modified pages.
Information,3/28/2022 8:26:53 AM,Microsoft-Windows-Kernel-General,16,None,The access history in hive \??\C:\Users\Hp\AppData\Local\Packages\Microsoft.Windows.ContentDeliveryManager_cw5n1h2txyewy\Settings\settings.dat was cleared updating 366 keys and creating 37 modified pages.
Information,3/28/2022 8:24:14 AM,Service Control Manager,7040,None,The start type of the Background Intelligent Transfer Service service was changed from auto start to demand start.
Information,3/28/2022 8:23:04 AM,Microsoft-Windows-Kernel-General,16,None,The access history in hive \??\C:\Users\Hp\AppData\Local\Packages\Microsoft.AAD.BrokerPlugin_cw5n1h2txyewy\Settings\settings.dat was cleared updating 6 keys and creating 1 modified pages.
Information,3/28/2022 8:22:58 AM,Microsoft-Windows-Kernel-Power,105,(100),Power source change.
Information,3/28/2022 8:22:02 AM,Service Control Manager,7040,None,The start type of the Background Intelligent Transfer Service service was changed from demand start to auto start.
Information,3/28/2022 8:19:36 AM,NETwNb64,7001,None,"The description for Event ID 7001 from source NETwNb64 cannot be found. Either the component that raises this event is not installed on your local computer or the installation is corrupted. You can install or repair the component on the local computer.

If the event originated on another computer, the display information had to be saved with the event.

The following information was included with the event:

\Device\NDMP107
Intel(R) Dual Band Wireless-AC 7260

The specified resource type cannot be found in the image file
"
Information,3/28/2022 8:19:36 AM,NETwNb64,7001,None,"The description for Event ID 7001 from source NETwNb64 cannot be found. Either the component that raises this event is not installed on your local computer or the installation is corrupted. You can install or repair the component on the local computer.

If the event originated on another computer, the display information had to be saved with the event.

The following information was included with the event:

\Device\NDMP107
Intel(R) Dual Band Wireless-AC 7260

The specified resource type cannot be found in the image file
"
Information,3/28/2022 8:19:36 AM,NETwNb64,7036,None,The \Device\NDMP107 service entered the Intel(R) Dual Band Wireless-AC 7260 state.
Information,3/28/2022 8:19:35 AM,NETwNb64,8000,None,"The description for Event ID 8000 from source NETwNb64 cannot be found. Either the component that raises this event is not installed on your local computer or the installation is corrupted. You can install or repair the component on the local computer.

If the event originated on another computer, the display information had to be saved with the event.

The following information was included with the event:

\Device\NDMP104
Intel(R) Dual Band Wireless-AC 7260

The specified resource type cannot be found in the image file
"
Warning,3/28/2022 8:19:35 AM,Microsoft-Windows-WLAN-AutoConfig,4003,None,"WLAN AutoConfig detected limited connectivity, attempting automatic recovery.

Recovery Type: 4
Error Code: 0x0
Trigger Reason: 7
IP Family: 0
"
Warning,3/28/2022 8:19:15 AM,Microsoft-Windows-DNS-Client,1014,(1014),Name resolution for the name bn1301.storage.live.com timed out after none of the configured DNS servers responded.
Warning,3/28/2022 8:19:15 AM,Microsoft-Windows-DistributedCOM,10016,None,"The application-specific permission settings do not grant Local Activation permission for the COM Server application with CLSID
{2593F8B9-4EAF-457C-B68A-50F6B8EA6B54}
 and APPID
{15C20B67-12E7-4BB6-92BB-7AFF07997402}
 to the user DESKTOP-D57JJ0U\Hp SID (S-1-5-21-59471354-1410144394-4117892861-1002) from address LocalHost (Using LRPC) running in the application container Unavailable SID (Unavailable). This security permission can be modified using the Component Services administrative tool."
Information,3/28/2022 8:18:28 AM,Microsoft-Windows-Time-Service,37,None,"The time provider NtpClient is currently receiving valid time data from time.windows.com,0x9 (ntp.m|0x9|0.0.0.0:123->40.81.94.65:123)."
Warning,3/28/2022 8:18:25 AM,Microsoft-Windows-DistributedCOM,10016,None,"The application-specific permission settings do not grant Local Activation permission for the COM Server application with CLSID
{6B3B8D23-FA8D-40B9-8DBD-B950333E2C52}
 and APPID
{4839DDB7-58C2-48F5-8283-E1D1807D0D7D}
 to the user NT AUTHORITY\LOCAL SERVICE SID (S-1-5-19) from address LocalHost (Using LRPC) running in the application container Unavailable SID (Unavailable). This security permission can be modified using the Component Services administrative tool."
Warning,3/28/2022 8:18:25 AM,Microsoft-Windows-DistributedCOM,10016,None,"The application-specific permission settings do not grant Local Activation permission for the COM Server application with CLSID
{6B3B8D23-FA8D-40B9-8DBD-B950333E2C52}
 and APPID
{4839DDB7-58C2-48F5-8283-E1D1807D0D7D}
 to the user NT AUTHORITY\LOCAL SERVICE SID (S-1-5-19) from address LocalHost (Using LRPC) running in the application container Unavailable SID (Unavailable). This security permission can be modified using the Component Services administrative tool."
Information,3/28/2022 8:18:23 AM,Microsoft-Windows-Power-Troubleshooter,1,None,"The system has returned from a low power state.

Sleep Time: ‎2022‎-‎03‎-‎28T09:29:11.435109900Z
Wake Time: ‎2022‎-‎03‎-‎28T15:18:22.617705800Z

Wake Source: Unknown"
Information,3/28/2022 8:18:23 AM,Microsoft-Windows-Winlogon,7001,(1101),User Logon Notification for Customer Experience Improvement Program
Warning,3/28/2022 8:18:22 AM,Microsoft-Windows-Time-Service,134,None,"NtpClient was unable to set a manual peer to use as a time source because of DNS resolution error on 'time.windows.com,0x9'. NtpClient will try again in 15 minutes and double the reattempt interval thereafter. The error was: No such host is known. (0x80072AF9)"
Warning,3/28/2022 8:18:22 AM,BTHUSB,34,None,"The local adapter does not support an important Low Energy controller state to support peripheral mode.  The minimum required supported state mask is 0x2491f7fffff, got 0x1fffffff.  Low Energy peripheral role functionality will not be available."
Information,3/28/2022 8:18:22 AM,BTHUSB,18,None,Windows cannot store Bluetooth authentication codes (link keys) on the local adapter. Bluetooth keyboards might not work in the system BIOS during startup.
Information,3/28/2022 8:18:21 AM,Microsoft-Windows-Kernel-Boot,32,(58),The bootmgr spent 0 ms waiting for user input.
Information,3/28/2022 8:18:21 AM,Microsoft-Windows-Kernel-Boot,18,(57),There are 0x1 boot options on this system.
Information,3/28/2022 8:18:21 AM,Microsoft-Windows-Kernel-Boot,27,(33),The boot type was 0x1.
Information,3/28/2022 8:18:21 AM,Microsoft-Windows-Kernel-Boot,25,(32),The boot menu policy was 0x1.
Information,3/28/2022 8:18:21 AM,Microsoft-Windows-Kernel-Boot,30,(21),The firmware reported boot metrics.
Warning,3/28/2022 8:18:21 AM,Microsoft-Windows-Time-Service,134,None,"NtpClient was unable to set a manual peer to use as a time source because of DNS resolution error on 'time.windows.com,0x9'. NtpClient will try again in 15 minutes and double the reattempt interval thereafter. The error was: No such host is known. (0x80072AF9)"
Information,3/28/2022 8:18:19 AM,Microsoft-Windows-Kernel-General,1,(5),"The system time has changed to ‎2022‎-‎03‎-‎28T15:18:19.500000000Z from ‎2022‎-‎03‎-‎28T09:29:15.754328000Z.

Change Reason: System time synchronized with the hardware clock.
Process: '' (PID 4)."
Information,3/28/2022 2:29:15 AM,Microsoft-Windows-Kernel-Power,107,(102),The system has resumed from sleep.
Information,3/28/2022 2:29:13 AM,Microsoft-Windows-Kernel-Power,42,(64),"The system is entering sleep.

Sleep Reason: Application API"
Information,3/28/2022 2:29:11 AM,Microsoft-Windows-Kernel-Power,187,(243),User-mode process attempted to change the system state by calling SetSuspendState or SetSystemPowerState APIs.
Information,3/28/2022 2:29:11 AM,Microsoft-Windows-Winlogon,7002,(1102),User Logoff Notification for Customer Experience Improvement Program
Information,3/28/2022 2:29:00 AM,Microsoft-Windows-Power-Troubleshooter,1,None,"The system has returned from a low power state.

Sleep Time: ‎2022‎-‎03‎-‎28T09:28:47.859765500Z
Wake Time: ‎2022‎-‎03‎-‎28T09:29:00.111245800Z

Wake Source: Power Button"
Warning,3/28/2022 2:29:00 AM,BTHUSB,34,None,"The local adapter does not support an important Low Energy controller state to support peripheral mode.  The minimum required supported state mask is 0x2491f7fffff, got 0x1fffffff.  Low Energy peripheral role functionality will not be available."
Information,3/28/2022 2:29:00 AM,BTHUSB,18,None,Windows cannot store Bluetooth authentication codes (link keys) on the local adapter. Bluetooth keyboards might not work in the system BIOS during startup.
Information,3/28/2022 2:28:58 AM,Microsoft-Windows-Kernel-Power,130,(33),"Firmware S3 times. SuspendStart: 222697353, SuspendEnd: 222697565"
Information,3/28/2022 2:28:58 AM,Microsoft-Windows-Kernel-Power,131,(33),"Firmware S3 times. ResumeCount: 1, FullResume: 217, AverageResume: 217"
Information,3/28/2022 2:28:58 AM,Microsoft-Windows-Kernel-General,1,(5),"The system time has changed to ‎2022‎-‎03‎-‎28T09:28:58.500000000Z from ‎2022‎-‎03‎-‎28T09:28:52.035105500Z.

Change Reason: System time synchronized with the hardware clock.
Process: '' (PID 4)."
Information,3/28/2022 2:28:52 AM,Microsoft-Windows-Kernel-Power,107,(102),The system has resumed from sleep.
